2021-10-24 22:43:01,656 DEBUG    root            Loaded Command Group: ['gcloud', 'init']
2021-10-24 22:43:01,659 DEBUG    root            Running [gcloud.init] with arguments: []
2021-10-24 22:43:01,659 INFO     ___FILE_ONLY___ Welcome! This command will take you through the configuration of gcloud.


2021-10-24 22:43:01,663 INFO     ___FILE_ONLY___ Your current configuration has been set to: [default]


2021-10-24 22:43:01,663 INFO     ___FILE_ONLY___ You can skip diagnostics next time by using the following flag:

2021-10-24 22:43:01,664 INFO     ___FILE_ONLY___   gcloud init --skip-diagnostics


2021-10-24 22:43:01,664 INFO     ___FILE_ONLY___ Network diagnostic detects and fixes local network connection issues.

2021-10-24 22:43:01,666 INFO     ___FILE_ONLY___ Checking network connection...
2021-10-24 22:43:03,486 DEBUG    urllib3.connectionpool Starting new HTTPS connection (1): accounts.google.com:443
2021-10-24 22:43:03,666 DEBUG    urllib3.connectionpool https://accounts.google.com:443 "GET / HTTP/1.1" 302 338
2021-10-24 22:43:03,875 DEBUG    urllib3.connectionpool https://accounts.google.com:443 "GET /ServiceLogin?passive=1209600&continue=https%3A%2F%2Faccounts.google.com%2F&followup=https%3A%2F%2Faccounts.google.com%2F HTTP/1.1" 200 None
2021-10-24 22:43:04,017 DEBUG    urllib3.connectionpool Starting new HTTPS connection (1): cloudresourcemanager.googleapis.com:443
2021-10-24 22:43:04,695 DEBUG    urllib3.connectionpool https://cloudresourcemanager.googleapis.com:443 "GET /v1beta1/projects HTTP/1.1" 401 None
2021-10-24 22:43:04,701 DEBUG    urllib3.connectionpool Starting new HTTPS connection (1): www.googleapis.com:443
2021-10-24 22:43:04,861 DEBUG    urllib3.connectionpool https://www.googleapis.com:443 "GET /auth/cloud-platform HTTP/1.1" 200 14
2021-10-24 22:43:04,867 DEBUG    urllib3.connectionpool Starting new HTTPS connection (1): dl.google.com:443
2021-10-24 22:43:05,091 DEBUG    urllib3.connectionpool https://dl.google.com:443 "GET /dl/cloudsdk/channels/rapid/components-2.json HTTP/1.1" 200 166894
2021-10-24 22:43:05,313 DEBUG    urllib3.connectionpool Starting new HTTPS connection (1): expired.badssl.com:443
2021-10-24 22:43:05,967 DEBUG    urllib3.connectionpool https://expired.badssl.com:443 "GET / HTTP/1.1" 200 None
2021-10-24 22:43:06,157 INFO     ___FILE_ONLY___ Reachability Check passed.

2021-10-24 22:43:06,158 INFO     ___FILE_ONLY___ Network diagnostic passed (1/1 checks passed).


2021-10-24 22:43:14,300 DEBUG    root            Loaded Command Group: ['gcloud', 'auth']
2021-10-24 22:43:14,587 DEBUG    root            Loaded Command Group: ['gcloud', 'auth', 'login']
2021-10-24 22:43:14,590 INFO     root            Executing: [gcloud auth login --force --brief]
2021-10-24 22:43:14,592 DEBUG    root            Running [gcloud.auth.login] with arguments: [--brief: "True", --force: "True"]
2021-10-24 22:43:14,649 DEBUG    requests_oauthlib.oauth2_session Generated new state tIraY5TSCCAMZGVDCGth5wzuiNqpPB.
2021-10-24 22:43:15,445 INFO     ___FILE_ONLY___ Your browser has been opened to visit:

    https://accounts.google.com/o/oauth2/auth?response_type=code&client_id=32555940559.apps.googleusercontent.com&redirect_uri=http%3A%2F%2Flocalhost%3A8085%2F&scope=openid+https%3A%2F%2Fwww.googleapis.com%2Fauth%2Fuserinfo.email+https%3A%2F%2Fwww.googleapis.com%2Fauth%2Fcloud-platform+https%3A%2F%2Fwww.googleapis.com%2Fauth%2Fappengine.admin+https%3A%2F%2Fwww.googleapis.com%2Fauth%2Fcompute+https%3A%2F%2Fwww.googleapis.com%2Fauth%2Faccounts.reauth&state=tIraY5TSCCAMZGVDCGth5wzuiNqpPB&access_type=offline&code_challenge=x4dlVqcYE6ZOkdpRbD-2cps7RwNvNlsA4ezMMv-Sxoc&code_challenge_method=S256


2021-10-24 22:43:25,297 INFO     google_auth_oauthlib.flow "GET /?state=tIraY5TSCCAMZGVDCGth5wzuiNqpPB&code=4/0AX4XfWjDIEgbFAX-NkY8MMhe7OyOMxwXU4njP7LeiDJtqqr-mfvwRezYrdnUAmamIGB2aA&scope=email%20openid%20https://www.googleapis.com/auth/userinfo.email%20https://www.googleapis.com/auth/cloud-platform%20https://www.googleapis.com/auth/appengine.admin%20https://www.googleapis.com/auth/compute%20https://www.googleapis.com/auth/accounts.reauth&authuser=0&prompt=consent HTTP/1.1" 200 959
2021-10-24 22:43:25,307 DEBUG    requests_oauthlib.oauth2_session Requesting url https://oauth2.googleapis.com/token using method POST.
2021-10-24 22:43:25,312 DEBUG    requests_oauthlib.oauth2_session Supplying headers {b'Accept': b'application/json', b'Content-Type': b'application/x-www-form-urlencoded;charset=UTF-8', b'user-agent': b'google-cloud-sdk gcloud/360.0.0 command/gcloud.auth.login invocation-id/f5acd40f21ec499a80b0bac8189c61dd environment/None environment-version/None interactive/True from-script/False python/3.8.2 term/xterm-256color (Macintosh; Intel Mac OS X 20.5.0)'} and data {'grant_type': 'authorization_code', 'client_id': '32555940559.apps.googleusercontent.com', 'client_secret': 'ZmssLNjJy2998hD4CTg2ejr2', 'code': '4/0AX4XfWjDIEgbFAX-NkY8MMhe7OyOMxwXU4njP7LeiDJtqqr-mfvwRezYrdnUAmamIGB2aA', 'redirect_uri': 'http://localhost:8085/', 'code_verifier': 'kOMm90tOHdHmAdFU8JW9ZTVFOfq.Cg_4XkcL02gbsxkzBFtANUvzXNb.Izf.l.QQSCMLnMAr9IThhzE-ADg_1_n02BGG02M-MgxDsRQ1e_EZScz2OqNQqQXwXaTvTn8a'}
2021-10-24 22:43:25,313 DEBUG    requests_oauthlib.oauth2_session Passing through key word arguments {'json': None, 'timeout': None, 'auth': None, 'verify': True, 'proxies': None}.
2021-10-24 22:43:25,380 DEBUG    urllib3.connectionpool Starting new HTTPS connection (1): oauth2.googleapis.com:443
2021-10-24 22:43:25,631 DEBUG    urllib3.connectionpool https://oauth2.googleapis.com:443 "POST /token HTTP/1.1" 200 None
2021-10-24 22:43:25,635 DEBUG    requests_oauthlib.oauth2_session Prepared fetch token request body grant_type=authorization_code&client_id=32555940559.apps.googleusercontent.com&client_secret=ZmssLNjJy2998hD4CTg2ejr2&code=4%2F0AX4XfWjDIEgbFAX-NkY8MMhe7OyOMxwXU4njP7LeiDJtqqr-mfvwRezYrdnUAmamIGB2aA&redirect_uri=http%3A%2F%2Flocalhost%3A8085%2F&code_verifier=kOMm90tOHdHmAdFU8JW9ZTVFOfq.Cg_4XkcL02gbsxkzBFtANUvzXNb.Izf.l.QQSCMLnMAr9IThhzE-ADg_1_n02BGG02M-MgxDsRQ1e_EZScz2OqNQqQXwXaTvTn8a
2021-10-24 22:43:25,635 DEBUG    requests_oauthlib.oauth2_session Request to fetch token completed with status 200.
2021-10-24 22:43:25,637 DEBUG    requests_oauthlib.oauth2_session Request headers were {'user-agent': b'google-cloud-sdk gcloud/360.0.0 command/gcloud.auth.login invocation-id/f5acd40f21ec499a80b0bac8189c61dd environment/None environment-version/None interactive/True from-script/False python/3.8.2 term/xterm-256color (Macintosh; Intel Mac OS X 20.5.0)', 'Accept-Encoding': 'gzip, deflate', 'Accept': b'application/json', 'Connection': 'keep-alive', 'Content-Type': b'application/x-www-form-urlencoded;charset=UTF-8', 'Content-Length': '387'}
2021-10-24 22:43:25,637 DEBUG    requests_oauthlib.oauth2_session Request body was grant_type=authorization_code&client_id=32555940559.apps.googleusercontent.com&client_secret=ZmssLNjJy2998hD4CTg2ejr2&code=4%2F0AX4XfWjDIEgbFAX-NkY8MMhe7OyOMxwXU4njP7LeiDJtqqr-mfvwRezYrdnUAmamIGB2aA&redirect_uri=http%3A%2F%2Flocalhost%3A8085%2F&code_verifier=kOMm90tOHdHmAdFU8JW9ZTVFOfq.Cg_4XkcL02gbsxkzBFtANUvzXNb.Izf.l.QQSCMLnMAr9IThhzE-ADg_1_n02BGG02M-MgxDsRQ1e_EZScz2OqNQqQXwXaTvTn8a
2021-10-24 22:43:25,638 DEBUG    requests_oauthlib.oauth2_session Response headers were {'Date': 'Sun, 24 Oct 2021 13:43:25 GMT', 'Cache-Control': 'no-cache, no-store, max-age=0, must-revalidate', 'Expires': 'Mon, 01 Jan 1990 00:00:00 GMT', 'Pragma': 'no-cache', 'Content-Type': 'application/json; charset=utf-8', 'Vary': 'Origin, X-Origin, Referer', 'Content-Encoding': 'gzip', 'Server': 'scaffolding on HTTPServer2', 'X-XSS-Protection': '0', 'X-Frame-Options': 'SAMEORIGIN', 'X-Content-Type-Options': 'nosniff', 'Alt-Svc': 'h3=":443"; ma=2592000,h3-29=":443"; ma=2592000,h3-Q050=":443"; ma=2592000,h3-Q046=":443"; ma=2592000,h3-Q043=":443"; ma=2592000', 'Transfer-Encoding': 'chunked'} and content {
  "access_token": "ya29.a0ARrdaM8szYVsOukWNNx6RUmm7whn2sdNG-A4vr6eFp4qdpqVCC_yNPcbOQlz-gRBX6Py4eEtEdjVOCEtSVcJ7JMW4SbgLI5i2HbniW-Frc1TpXjnZtHoN3ymhQBGDRbkBerdP5sMxTfX0r817ggjz4IjJJhxyWSBi5Zo",
  "expires_in": 3599,
  "refresh_token": "1//0ettTW8jvHdTGCgYIARAAGA4SNwF-L9IrMJfbcK-XUMC9R2NqzWkfpS5-eXH6Yno4-H2XINGjhuXQPVTNUQ_JRnWDNcyomITGw8U",
  "scope": "https://www.googleapis.com/auth/userinfo.email https://www.googleapis.com/auth/appengine.admin https://www.googleapis.com/auth/compute https://www.googleapis.com/auth/accounts.reauth openid https://www.googleapis.com/auth/cloud-platform",
  "token_type": "Bearer",
  "id_token": "eyJhbGciOiJSUzI1NiIsImtpZCI6ImJiZDJhYzdjNGM1ZWI4YWRjOGVlZmZiYzhmNWEyZGQ2Y2Y3NTQ1ZTQiLCJ0eXAiOiJKV1QifQ.eyJpc3MiOiJodHRwczovL2FjY291bnRzLmdvb2dsZS5jb20iLCJhenAiOiIzMjU1NTk0MDU1OS5hcHBzLmdvb2dsZXVzZXJjb250ZW50LmNvbSIsImF1ZCI6IjMyNTU1OTQwNTU5LmFwcHMuZ29vZ2xldXNlcmNvbnRlbnQuY29tIiwic3ViIjoiMTE4MTU1NTczMjU3MDY1NTk1NjQ3IiwiZW1haWwiOiJhbmdlbGF0dGFjazk3NTlAZ21haWwuY29tIiwiZW1haWxfdmVyaWZpZWQiOnRydWUsImF0X2hhc2giOiJsYzA4UENPampPMnhzYjRzQjZyRVJ3IiwiaWF0IjoxNjM1MDgzMDA1LCJleHAiOjE2MzUwODY2MDV9.PL3x2qvGP5fGqQuNrkpO0gCBlrs1vuL6I18A0ssWWbRTeu_vywaZ9qToaqq3qEkEfZVSLjcX2PziQOqPTAItG3q-6eg9jkpGAJe-LGJk6SuvjM_m2H0LwL63EPmhvEa1R_qd-EQM6hBlcj0iuUanKc9MWwZF-EoVgpPkdB-Jbt5K_JRfk6yolZ7mIDTYGzrQGpR5Lf8yuoqDiS1DA_PnmYpnq4BY6IqFsVqnQqRjKtmqAuq1fySnvVfI9my_3wC0VevcaGFJc5rBk0Pbzb2jOZS8CblMe-dZPM6zNpEN8pc_bh5_JYjxuKeqootIR8iQWToxIewG7u5r3CqnE1VPbA"
}.
2021-10-24 22:43:25,638 DEBUG    requests_oauthlib.oauth2_session Invoking 0 token response hooks.
2021-10-24 22:43:25,639 DEBUG    requests_oauthlib.oauth2_session Obtained token {'access_token': 'ya29.a0ARrdaM8szYVsOukWNNx6RUmm7whn2sdNG-A4vr6eFp4qdpqVCC_yNPcbOQlz-gRBX6Py4eEtEdjVOCEtSVcJ7JMW4SbgLI5i2HbniW-Frc1TpXjnZtHoN3ymhQBGDRbkBerdP5sMxTfX0r817ggjz4IjJJhxyWSBi5Zo', 'expires_in': 3599, 'refresh_token': '1//0ettTW8jvHdTGCgYIARAAGA4SNwF-L9IrMJfbcK-XUMC9R2NqzWkfpS5-eXH6Yno4-H2XINGjhuXQPVTNUQ_JRnWDNcyomITGw8U', 'scope': ['https://www.googleapis.com/auth/userinfo.email', 'https://www.googleapis.com/auth/appengine.admin', 'https://www.googleapis.com/auth/compute', 'https://www.googleapis.com/auth/accounts.reauth', 'openid', 'https://www.googleapis.com/auth/cloud-platform'], 'token_type': 'Bearer', 'id_token': 'eyJhbGciOiJSUzI1NiIsImtpZCI6ImJiZDJhYzdjNGM1ZWI4YWRjOGVlZmZiYzhmNWEyZGQ2Y2Y3NTQ1ZTQiLCJ0eXAiOiJKV1QifQ.eyJpc3MiOiJodHRwczovL2FjY291bnRzLmdvb2dsZS5jb20iLCJhenAiOiIzMjU1NTk0MDU1OS5hcHBzLmdvb2dsZXVzZXJjb250ZW50LmNvbSIsImF1ZCI6IjMyNTU1OTQwNTU5LmFwcHMuZ29vZ2xldXNlcmNvbnRlbnQuY29tIiwic3ViIjoiMTE4MTU1NTczMjU3MDY1NTk1NjQ3IiwiZW1haWwiOiJhbmdlbGF0dGFjazk3NTlAZ21haWwuY29tIiwiZW1haWxfdmVyaWZpZWQiOnRydWUsImF0X2hhc2giOiJsYzA4UENPampPMnhzYjRzQjZyRVJ3IiwiaWF0IjoxNjM1MDgzMDA1LCJleHAiOjE2MzUwODY2MDV9.PL3x2qvGP5fGqQuNrkpO0gCBlrs1vuL6I18A0ssWWbRTeu_vywaZ9qToaqq3qEkEfZVSLjcX2PziQOqPTAItG3q-6eg9jkpGAJe-LGJk6SuvjM_m2H0LwL63EPmhvEa1R_qd-EQM6hBlcj0iuUanKc9MWwZF-EoVgpPkdB-Jbt5K_JRfk6yolZ7mIDTYGzrQGpR5Lf8yuoqDiS1DA_PnmYpnq4BY6IqFsVqnQqRjKtmqAuq1fySnvVfI9my_3wC0VevcaGFJc5rBk0Pbzb2jOZS8CblMe-dZPM6zNpEN8pc_bh5_JYjxuKeqootIR8iQWToxIewG7u5r3CqnE1VPbA', 'expires_at': 1635086604.6392052}.
2021-10-24 22:43:25,676 INFO     root            Display format: "none"
2021-10-24 22:43:25,687 DEBUG    root            Checking for updates...
2021-10-24 22:43:25,696 DEBUG    urllib3.connectionpool Starting new HTTPS connection (1): dl.google.com:443
2021-10-24 22:43:25,917 DEBUG    urllib3.connectionpool https://dl.google.com:443 "GET /dl/cloudsdk/channels/rapid/components-2.json HTTP/1.1" 200 166894
2021-10-24 22:43:26,009 DEBUG    root            Updating notification cache...
2021-10-24 22:43:26,009 DEBUG    root            Activating notification: [default]
2021-10-24 22:43:26,009 INFO     ___FILE_ONLY___ 

Updates are available for some Cloud SDK components.  To install them,
please run:
  $ gcloud components update


2021-10-24 22:43:26,031 INFO     ___FILE_ONLY___ You are logged in as: [angelattack9759@gmail.com].


2021-10-24 22:43:26,110 DEBUG    urllib3.connectionpool Starting new HTTPS connection (1): cloudresourcemanager.googleapis.com:443
2021-10-24 22:43:26,894 DEBUG    urllib3.connectionpool https://cloudresourcemanager.googleapis.com:443 "GET /v1/projects?alt=json&filter=lifecycleState%3AACTIVE&pageSize=201 HTTP/1.1" 200 None
2021-10-24 22:43:51,746 INFO     ___FILE_ONLY___ Your current project has been set to: [bleeeeeefing].


2021-10-24 22:43:52,039 DEBUG    root            Loaded Command Group: ['gcloud', 'compute']
2021-10-24 22:43:52,050 DEBUG    root            Loaded Command Group: ['gcloud', 'compute', 'project_info']
2021-10-24 22:43:52,102 DEBUG    root            Loaded Command Group: ['gcloud', 'compute', 'project-info', 'describe']
2021-10-24 22:43:52,103 INFO     root            Executing: [gcloud compute project-info describe --quiet]
2021-10-24 22:43:52,108 DEBUG    root            Running [gcloud.compute.project-info.describe] with arguments: [--no-user-output-enabled: "false", --quiet: "True", --verbosity: "none"]
2021-10-24 22:43:52,961 DEBUG    urllib3.connectionpool Starting new HTTPS connection (1): compute.googleapis.com:443
2021-10-24 22:43:53,210 DEBUG    urllib3.connectionpool https://compute.googleapis.com:443 "POST /batch/compute/v1 HTTP/1.1" 200 None
2021-10-24 22:43:53,213 DEBUG    root            (gcloud.compute.project-info.describe) PERMISSION_DENIED: Compute Engine API has not been used in project 511598790723 before or it is disabled. Enable it by visiting https://console.developers.google.com/apis/api/compute.googleapis.com/overview?project=511598790723 then retry. If you enabled this API recently, wait a few minutes for the action to propagate to our systems and retry.
Traceback (most recent call last):
  File "/Users/katsuya2019/Downloads/google-cloud-sdk/lib/googlecloudsdk/calliope/cli.py", line 987, in Execute
    resources = calliope_command.Run(cli=self, args=args)
  File "/Users/katsuya2019/Downloads/google-cloud-sdk/lib/googlecloudsdk/calliope/backend.py", line 809, in Run
    resources = command_instance.Run(args)
  File "/Users/katsuya2019/Downloads/google-cloud-sdk/lib/surface/compute/project_info/describe.py", line 37, in Run
    return client.MakeRequests([(client.apitools_client.projects, 'Get',
  File "/Users/katsuya2019/Downloads/google-cloud-sdk/lib/googlecloudsdk/api_lib/compute/client_adapter.py", line 92, in MakeRequests
    objects = list(
  File "/Users/katsuya2019/Downloads/google-cloud-sdk/lib/googlecloudsdk/api_lib/compute/request_helper.py", line 294, in MakeRequests
    responses, new_errors = batch_helper.MakeRequests(
  File "/Users/katsuya2019/Downloads/google-cloud-sdk/lib/googlecloudsdk/api_lib/compute/batch_helper.py", line 104, in MakeRequests
    responses = batch_request.Execute(
  File "/Users/katsuya2019/Downloads/google-cloud-sdk/./lib/third_party/apitools/base/py/batch.py", line 226, in Execute
    batch_http_request.Execute(http)
  File "/Users/katsuya2019/Downloads/google-cloud-sdk/./lib/third_party/apitools/base/py/batch.py", line 506, in Execute
    self.__callback(response, exception)
  File "/Users/katsuya2019/Downloads/google-cloud-sdk/lib/googlecloudsdk/api_lib/compute/batch_helper.py", line 72, in BatchCheck
    apis.PromptToEnableApi(project, service_token, exception,
  File "/Users/katsuya2019/Downloads/google-cloud-sdk/lib/googlecloudsdk/api_lib/util/apis.py", line 209, in PromptToEnableApi
    raise exception
googlecloudsdk.api_lib.util.exceptions.HttpException: PERMISSION_DENIED: Compute Engine API has not been used in project 511598790723 before or it is disabled. Enable it by visiting https://console.developers.google.com/apis/api/compute.googleapis.com/overview?project=511598790723 then retry. If you enabled this API recently, wait a few minutes for the action to propagate to our systems and retry.
2021-10-24 22:43:53,225 ERROR    root            (gcloud.compute.project-info.describe) PERMISSION_DENIED: Compute Engine API has not been used in project 511598790723 before or it is disabled. Enable it by visiting https://console.developers.google.com/apis/api/compute.googleapis.com/overview?project=511598790723 then retry. If you enabled this API recently, wait a few minutes for the action to propagate to our systems and retry.
2021-10-24 22:43:53,226 INFO     root            [compute project-info describe --quiet] has failed

2021-10-24 22:43:53,226 INFO     ___FILE_ONLY___ Not setting default zone/region (this feature makes it easier to use
[gcloud compute] by setting an appropriate default value for the
--zone and --region flag).
See https://cloud.google.com/compute/docs/gcloud-compute section on how to set
default compute region and zone manually. If you would like [gcloud init] to be
able to do this for you the next time you run it, make sure the
Compute Engine API is enabled for your project on the
https://console.developers.google.com/apis page.


2021-10-24 22:43:53,228 DEBUG    root            Executing command: ['/Users/katsuya2019/Downloads/google-cloud-sdk/bin/gsutil', 'config', '-n', '-o', '/Users/katsuya2019/.boto']
2021-10-24 22:43:58,352 DEBUG    ___FILE_ONLY___ 
2021-10-24 22:43:58,355 DEBUG    ___FILE_ONLY___ This command will create a boto config file at
/Users/katsuya2019/.boto containing your credentials, based on your
responses to the following questions.

Boto config file "/Users/katsuya2019/.boto" created. If you need to
use a proxy to access the Internet please see the instructions in that
file.

2021-10-24 22:43:58,359 INFO     ___FILE_ONLY___ Created a default .boto configuration file at [/Users/katsuya2019/.boto]. See this file and
[https://cloud.google.com/storage/docs/gsutil/commands/config] for more
information about configuring Google Cloud Storage.

2021-10-24 22:43:58,360 INFO     ___FILE_ONLY___ Your Google Cloud SDK is configured and ready to use!


2021-10-24 22:43:58,361 INFO     ___FILE_ONLY___ * Commands that require authentication will use angelattack9759@gmail.com by default

2021-10-24 22:43:58,362 INFO     ___FILE_ONLY___ * Commands will reference project `bleeeeeefing` by default

2021-10-24 22:43:58,363 INFO     ___FILE_ONLY___ Run `gcloud help config` to learn how to change individual settings


2021-10-24 22:43:58,363 INFO     ___FILE_ONLY___ This gcloud configuration is called [default]. You can create additional configurations if you work with multiple accounts and/or projects.

2021-10-24 22:43:58,363 INFO     ___FILE_ONLY___ Run `gcloud topic configurations` to learn more.


2021-10-24 22:43:58,364 INFO     ___FILE_ONLY___ Some things to try next:


2021-10-24 22:43:58,364 INFO     ___FILE_ONLY___ * Run `gcloud --help` to see the Cloud Platform services you can interact with. And run `gcloud help COMMAND` to get help on any gcloud command.

2021-10-24 22:43:58,364 INFO     ___FILE_ONLY___ * Run `gcloud topic --help` to learn about advanced features of the SDK like arg files and output formatting

2021-10-24 22:43:58,374 INFO     root            Display format: "default"
