2021-10-24 23:05:50,589 DEBUG    root            Loaded Command Group: ['gcloud', 'functions']
2021-10-24 23:05:50,780 DEBUG    root            Loaded Command Group: ['gcloud', 'functions', 'deploy']
2021-10-24 23:05:50,821 DEBUG    root            Running [gcloud.functions.deploy] with arguments: [--region: "asia-northeast1", --runtime: "python38", --trigger-topic: "daily-bleeeeeefing-topic", NAME: "post_daily_bleeeeeefing"]
2021-10-24 23:05:50,879 DEBUG    urllib3.connectionpool Starting new HTTPS connection (1): cloudfunctions.googleapis.com:443
2021-10-24 23:05:51,326 DEBUG    urllib3.connectionpool https://cloudfunctions.googleapis.com:443 "GET /v1/projects/bleeeeeefing/locations/asia-northeast1/functions/post_daily_bleeeeeefing?alt=json HTTP/1.1" 404 None
2021-10-24 23:05:51,343 INFO     root            Using ignore file at [./.gcloudignore].
2021-10-24 23:05:51,364 DEBUG    root            Skipping file [./.gitignore]
2021-10-24 23:05:51,366 DEBUG    root            Skipping file [./.env]
2021-10-24 23:05:51,370 DEBUG    root            Skipping file [./.gcloudignore]
2021-10-24 23:05:51,385 DEBUG    root            Skipping file [./ableef/__pycache__/__init__.cpython-38.pyc]
2021-10-24 23:05:51,388 DEBUG    root            Skipping file [./ableef/__pycache__/lib.cpython-38.pyc]
2021-10-24 23:05:51,390 DEBUG    root            Skipping file [./.pytest_cache/CACHEDIR.TAG]
2021-10-24 23:05:51,392 DEBUG    root            Skipping file [./.pytest_cache/README.md]
2021-10-24 23:05:51,395 DEBUG    root            Skipping file [./.pytest_cache/.gitignore]
2021-10-24 23:05:51,397 DEBUG    root            Skipping file [./.pytest_cache/v/cache/nodeids]
2021-10-24 23:05:51,399 DEBUG    root            Skipping file [./.pytest_cache/v/cache/lastfailed]
2021-10-24 23:05:51,401 DEBUG    root            Skipping file [./.pytest_cache/v/cache/stepwise]
2021-10-24 23:05:51,411 DEBUG    root            Skipping file [./tests/__pycache__/__init__.cpython-38.pyc]
2021-10-24 23:05:51,413 DEBUG    root            Skipping file [./tests/__pycache__/test_ableef.cpython-38-pytest-5.4.3.pyc]
2021-10-24 23:05:51,416 DEBUG    root            Skipping file [./tests/__pycache__/conftest.cpython-38-pytest-5.4.3.pyc]
2021-10-24 23:05:51,418 DEBUG    root            Skipping file [./.git/config]
2021-10-24 23:05:51,420 DEBUG    root            Skipping file [./.git/HEAD]
2021-10-24 23:05:51,421 DEBUG    root            Skipping file [./.git/description]
2021-10-24 23:05:51,422 DEBUG    root            Skipping file [./.git/index]
2021-10-24 23:05:51,423 DEBUG    root            Skipping file [./.git/COMMIT_EDITMSG]
2021-10-24 23:05:51,424 DEBUG    root            Skipping file [./.git/FETCH_HEAD]
2021-10-24 23:05:51,426 DEBUG    root            Skipping file [./.git/objects/61/8bab647912eef812903dedc10845bed0e36e0c]
2021-10-24 23:05:51,428 DEBUG    root            Skipping file [./.git/objects/50/ac18aac129bec0fdf7af28f432a685abcdc412]
2021-10-24 23:05:51,430 DEBUG    root            Skipping file [./.git/objects/03/3988fbb0f84b887ce375d7816b19548e8f97b7]
2021-10-24 23:05:51,432 DEBUG    root            Skipping file [./.git/objects/69/62676eaa56c7ece1df34cd8801e520d11ba392]
2021-10-24 23:05:51,434 DEBUG    root            Skipping file [./.git/objects/3c/0358cb06427cb3a728e603e2fe2746cd758118]
2021-10-24 23:05:51,436 DEBUG    root            Skipping file [./.git/objects/56/f2ec808d13a997c0130bca49d76af535362a8d]
2021-10-24 23:05:51,438 DEBUG    root            Skipping file [./.git/objects/3d/c1f76bc69e3f559bee6253b24fc93acee9e1f9]
2021-10-24 23:05:51,439 DEBUG    root            Skipping file [./.git/objects/9d/8b6f0ef2df3ada41c086592af64b150e7abd29]
2021-10-24 23:05:51,440 DEBUG    root            Skipping file [./.git/objects/bb/f945884a028279cc8c9fb897ae0f697ace3fa1]
2021-10-24 23:05:51,442 DEBUG    root            Skipping file [./.git/objects/df/88c2d14c557a9d7ccd132f541ab09cbae1327b]
2021-10-24 23:05:51,444 DEBUG    root            Skipping file [./.git/objects/a2/eb4d2016c3b97baf8fb0a41e3f49fcd98d5e82]
2021-10-24 23:05:51,445 DEBUG    root            Skipping file [./.git/objects/bd/82d79f15d5a72b8c3a88e6e7e90d6685b34fe5]
2021-10-24 23:05:51,446 DEBUG    root            Skipping file [./.git/objects/bd/137534cd7f78f5561c27577a9f38042f762322]
2021-10-24 23:05:51,448 DEBUG    root            Skipping file [./.git/objects/d6/8f7826234a72f3ca4af20dff5159b7d3e4aa3c]
2021-10-24 23:05:51,449 DEBUG    root            Skipping file [./.git/objects/bc/e982c9eb798898458ddbd2f198c10af0c59ce4]
2021-10-24 23:05:51,451 DEBUG    root            Skipping file [./.git/objects/ae/5e8895b0b4d1084c1095d5a43053d47225910b]
2021-10-24 23:05:51,453 DEBUG    root            Skipping file [./.git/objects/d8/5fc56f12061f57b72985a24468b235e41ef0ff]
2021-10-24 23:05:51,454 DEBUG    root            Skipping file [./.git/objects/e2/78cca896f5268ee92d196980bd94674b57da74]
2021-10-24 23:05:51,455 DEBUG    root            Skipping file [./.git/objects/ee/4739fa7ec52f0e4089f3ff87cdf3c44b748fdc]
2021-10-24 23:05:51,457 DEBUG    root            Skipping file [./.git/objects/f2/b1ce2cb1c73301850e9766727b01e0cf267229]
2021-10-24 23:05:51,459 DEBUG    root            Skipping file [./.git/objects/e3/9a7906582d967fe0763f4ab19640be937952f4]
2021-10-24 23:05:51,462 DEBUG    root            Skipping file [./.git/objects/ca/ed37d6907f1a6b78e477104d86930d9aa3da64]
2021-10-24 23:05:51,464 DEBUG    root            Skipping file [./.git/objects/e4/4f5cf63b73ccc4bb6847a16a2c8e02bfe222fc]
2021-10-24 23:05:51,467 DEBUG    root            Skipping file [./.git/objects/16/1610f7fd8e34de7cfb4bb71a294910869b585c]
2021-10-24 23:05:51,468 DEBUG    root            Skipping file [./.git/objects/89/9c5971704d42b2886bd3836d24abdee8b5d747]
2021-10-24 23:05:51,470 DEBUG    root            Skipping file [./.git/objects/87/0a624bfdfb7cd312c68de045b0c036daa9982f]
2021-10-24 23:05:51,471 DEBUG    root            Skipping file [./.git/objects/8f/6bab6ec5915f062e5d95926988ac0be435bbf0]
2021-10-24 23:05:51,472 DEBUG    root            Skipping file [./.git/objects/19/24d665673afa5b6beaf277dcf8e92cf17466bc]
2021-10-24 23:05:51,473 DEBUG    root            Skipping file [./.git/objects/4c/5d1a6ad7ac3513544ac0d2c9cb6178d2b3741f]
2021-10-24 23:05:51,475 DEBUG    root            Skipping file [./.git/objects/21/11128682598ee71998cda8f8b33c8e7223881f]
2021-10-24 23:05:51,476 DEBUG    root            Skipping file [./.git/objects/86/9ce171afcaf6685b78a5575bebe38391c45d06]
2021-10-24 23:05:51,478 DEBUG    root            Skipping file [./.git/objects/44/419bdf0aa93db40dda8ecbc262a8a91d611b2f]
2021-10-24 23:05:51,479 DEBUG    root            Skipping file [./.git/objects/2f/25a04b5781bd661527ed5d9ffa4c22fe5ce50a]
2021-10-24 23:05:51,480 DEBUG    root            Skipping file [./.git/objects/43/87b90eae069cc7e8d818cf593b3d6d559246e5]
2021-10-24 23:05:51,481 DEBUG    root            Skipping file [./.git/objects/38/7609e2e09575ca354260c63dca30655bb79c9f]
2021-10-24 23:05:51,482 DEBUG    root            Skipping file [./.git/objects/62/dbb46cf6e6887ba78897f4d6a393878be3e0ef]
2021-10-24 23:05:51,483 DEBUG    root            Skipping file [./.git/objects/5e/864d9039a44c9642d6a83583f0fd4730a75ac7]
2021-10-24 23:05:51,484 DEBUG    root            Skipping file [./.git/objects/39/94effe4b35d37ced28806301ff083ec896155c]
2021-10-24 23:05:51,486 DEBUG    root            Skipping file [./.git/objects/63/f7804c07ae4416283244b7204460c4044b2e68]
2021-10-24 23:05:51,487 DEBUG    root            Skipping file [./.git/objects/63/d3b5d8c0e07c984effdc5b0c1804c8f1f4928c]
2021-10-24 23:05:51,488 DEBUG    root            Skipping file [./.git/objects/b8/22b799ca78b8fa5035e10ec85ed342124cfbc5]
2021-10-24 23:05:51,489 DEBUG    root            Skipping file [./.git/objects/dd/f079aac5b30d9ab5e566757b4141c300e4e000]
2021-10-24 23:05:51,490 DEBUG    root            Skipping file [./.git/objects/b7/94fd409a5e3b3b65ad76a43d6a01a318877640]
2021-10-24 23:05:51,491 DEBUG    root            Skipping file [./.git/objects/b7/d9a98f35bd22a3509d1bcf9836b8f47a8c6533]
2021-10-24 23:05:51,493 DEBUG    root            Skipping file [./.git/objects/db/74d47e9946e1458771b47c4deb65526e5a6ff5]
2021-10-24 23:05:51,494 DEBUG    root            Skipping file [./.git/objects/a1/41131d9c534a7dadbda9ba08ea7e90d1a44b04]
2021-10-24 23:05:51,495 DEBUG    root            Skipping file [./.git/objects/e1/9f9580c87c2274df375e184f040825ebd5229a]
2021-10-24 23:05:51,497 DEBUG    root            Skipping file [./.git/objects/e6/2c839ad7d67a7ae6b9acb112d37b7e4e3d74f2]
2021-10-24 23:05:51,498 DEBUG    root            Skipping file [./.git/objects/e6/9de29bb2d1d6434b8b29ae775ad8c2e48c5391]
2021-10-24 23:05:51,500 DEBUG    root            Skipping file [./.git/objects/e8/9f5252a88af5ce7f9ce8baa7b738f303d3dbb4]
2021-10-24 23:05:51,501 DEBUG    root            Skipping file [./.git/objects/c5/ea96f2b68f81eb6914ac64c6a6ef87fb8b1e2a]
2021-10-24 23:05:51,502 DEBUG    root            Skipping file [./.git/objects/e9/1a96d5fcee31d88e50e358dbf239b89c942cb7]
2021-10-24 23:05:51,503 DEBUG    root            Skipping file [./.git/objects/e7/dbfa35dd5f23a46f1d7c511093eb2afd1e5eb3]
2021-10-24 23:05:51,504 DEBUG    root            Skipping file [./.git/objects/cb/f400544d1a4bf12c771bfff4310598985f65b1]
2021-10-24 23:05:51,506 DEBUG    root            Skipping file [./.git/objects/46/4649404034fc30d6817a43f48a37c982c3087a]
2021-10-24 23:05:51,508 DEBUG    root            Skipping file [./.git/objects/2c/cf6924d0e084c44a0ed3e100f4dd0940a4ddb8]
2021-10-24 23:05:51,510 DEBUG    root            Skipping file [./.git/objects/2d/ba17d116a37846ca1842253c07fe0d64529ac2]
2021-10-24 23:05:51,512 DEBUG    root            Skipping file [./.git/objects/84/ac8823e25570e1d8d8f816b58066c50d58af74]
2021-10-24 23:05:51,514 DEBUG    root            Skipping file [./.git/objects/84/2cfd36f5f20a4ca97a16c79f52fc24ea1e1036]
2021-10-24 23:05:51,516 DEBUG    root            Skipping file [./.git/objects/85/f36d076c011998c9ba0400d397414e9f867978]
2021-10-24 23:05:51,518 DEBUG    root            Skipping file [./.git/objects/2e/8deded3b0251332ed9d96fc4fbe314cb2a8319]
2021-10-24 23:05:51,519 DEBUG    root            Skipping file [./.git/objects/13/b3cceeaae9e5c5179c34d4f52682bdad729259]
2021-10-24 23:05:51,520 DEBUG    root            Skipping file [./.git/objects/8e/f5100b6404f54917238a94f6d5844d6cd8b734]
2021-10-24 23:05:51,521 DEBUG    root            Skipping file [./.git/info/exclude]
2021-10-24 23:05:51,522 DEBUG    root            Skipping file [./.git/logs/HEAD]
2021-10-24 23:05:51,524 DEBUG    root            Skipping file [./.git/logs/refs/heads/main]
2021-10-24 23:05:51,525 DEBUG    root            Skipping file [./.git/logs/refs/remotes/origin/main]
2021-10-24 23:05:51,526 DEBUG    root            Skipping file [./.git/hooks/commit-msg.sample]
2021-10-24 23:05:51,527 DEBUG    root            Skipping file [./.git/hooks/pre-rebase.sample]
2021-10-24 23:05:51,528 DEBUG    root            Skipping file [./.git/hooks/pre-commit.sample]
2021-10-24 23:05:51,529 DEBUG    root            Skipping file [./.git/hooks/prepare-commit-msg]
2021-10-24 23:05:51,530 DEBUG    root            Skipping file [./.git/hooks/applypatch-msg.sample]
2021-10-24 23:05:51,531 DEBUG    root            Skipping file [./.git/hooks/fsmonitor-watchman.sample]
2021-10-24 23:05:51,532 DEBUG    root            Skipping file [./.git/hooks/pre-receive.sample]
2021-10-24 23:05:51,533 DEBUG    root            Skipping file [./.git/hooks/prepare-commit-msg.sample]
2021-10-24 23:05:51,534 DEBUG    root            Skipping file [./.git/hooks/post-update.sample]
2021-10-24 23:05:51,535 DEBUG    root            Skipping file [./.git/hooks/pre-merge-commit.sample]
2021-10-24 23:05:51,536 DEBUG    root            Skipping file [./.git/hooks/pre-applypatch.sample]
2021-10-24 23:05:51,537 DEBUG    root            Skipping file [./.git/hooks/pre-push.sample]
2021-10-24 23:05:51,538 DEBUG    root            Skipping file [./.git/hooks/update.sample]
2021-10-24 23:05:51,538 DEBUG    root            Skipping file [./.git/hooks/push-to-checkout.sample]
2021-10-24 23:05:51,539 DEBUG    root            Skipping file [./.git/refs/heads/main]
2021-10-24 23:05:51,540 DEBUG    root            Skipping file [./.git/refs/remotes/origin/main]
2021-10-24 23:05:51,545 DEBUG    root            Skipping file [./.vscode/settings.json]
2021-10-24 23:05:51,546 DEBUG    root            Skipping file [./.vscode/configurationCache.log]
2021-10-24 23:05:51,547 DEBUG    root            Skipping file [./.vscode/dryrun.log]
2021-10-24 23:05:51,548 DEBUG    root            Skipping file [./.vscode/targets.log]
2021-10-24 23:05:51,550 INFO     root            Using ignore file at [./.gcloudignore].
2021-10-24 23:05:51,559 DEBUG    root            Skipping file [./.gitignore]
2021-10-24 23:05:51,560 DEBUG    root            Skipping file [./.env]
2021-10-24 23:05:51,568 DEBUG    root            Skipping file [./.gcloudignore]
2021-10-24 23:05:51,585 DEBUG    root            Skipping file [ableef/__pycache__/__init__.cpython-38.pyc]
2021-10-24 23:05:51,587 DEBUG    root            Skipping file [ableef/__pycache__/lib.cpython-38.pyc]
2021-10-24 23:05:51,588 DEBUG    root            Skipping file [.pytest_cache/CACHEDIR.TAG]
2021-10-24 23:05:51,589 DEBUG    root            Skipping file [.pytest_cache/README.md]
2021-10-24 23:05:51,589 DEBUG    root            Skipping file [.pytest_cache/.gitignore]
2021-10-24 23:05:51,590 DEBUG    root            Skipping file [.pytest_cache/v]
2021-10-24 23:05:51,591 DEBUG    root            Skipping file [.pytest_cache/v/cache]
2021-10-24 23:05:51,602 DEBUG    root            Skipping file [tests/__pycache__/__init__.cpython-38.pyc]
2021-10-24 23:05:51,606 DEBUG    root            Skipping file [tests/__pycache__/test_ableef.cpython-38-pytest-5.4.3.pyc]
2021-10-24 23:05:51,611 DEBUG    root            Skipping file [tests/__pycache__/conftest.cpython-38-pytest-5.4.3.pyc]
2021-10-24 23:05:51,612 DEBUG    root            Skipping file [.git]
2021-10-24 23:05:51,615 DEBUG    root            Skipping file [.git/objects]
2021-10-24 23:05:51,617 DEBUG    root            Skipping file [.git/objects/61]
2021-10-24 23:05:51,618 DEBUG    root            Skipping file [.git/objects/50]
2021-10-24 23:05:51,620 DEBUG    root            Skipping file [.git/objects/03]
2021-10-24 23:05:51,621 DEBUG    root            Skipping file [.git/objects/69]
2021-10-24 23:05:51,622 DEBUG    root            Skipping file [.git/objects/3c]
2021-10-24 23:05:51,622 DEBUG    root            Skipping file [.git/objects/56]
2021-10-24 23:05:51,623 DEBUG    root            Skipping file [.git/objects/3d]
2021-10-24 23:05:51,624 DEBUG    root            Skipping file [.git/objects/9d]
2021-10-24 23:05:51,625 DEBUG    root            Skipping file [.git/objects/bb]
2021-10-24 23:05:51,626 DEBUG    root            Skipping file [.git/objects/df]
2021-10-24 23:05:51,627 DEBUG    root            Skipping file [.git/objects/a2]
2021-10-24 23:05:51,628 DEBUG    root            Skipping file [.git/objects/bd]
2021-10-24 23:05:51,628 DEBUG    root            Skipping file [.git/objects/d6]
2021-10-24 23:05:51,629 DEBUG    root            Skipping file [.git/objects/bc]
2021-10-24 23:05:51,630 DEBUG    root            Skipping file [.git/objects/ae]
2021-10-24 23:05:51,631 DEBUG    root            Skipping file [.git/objects/d8]
2021-10-24 23:05:51,633 DEBUG    root            Skipping file [.git/objects/e2]
2021-10-24 23:05:51,634 DEBUG    root            Skipping file [.git/objects/ee]
2021-10-24 23:05:51,634 DEBUG    root            Skipping file [.git/objects/f2]
2021-10-24 23:05:51,635 DEBUG    root            Skipping file [.git/objects/e3]
2021-10-24 23:05:51,636 DEBUG    root            Skipping file [.git/objects/ca]
2021-10-24 23:05:51,637 DEBUG    root            Skipping file [.git/objects/e4]
2021-10-24 23:05:51,637 DEBUG    root            Skipping file [.git/objects/pack]
2021-10-24 23:05:51,638 DEBUG    root            Skipping file [.git/objects/16]
2021-10-24 23:05:51,639 DEBUG    root            Skipping file [.git/objects/89]
2021-10-24 23:05:51,640 DEBUG    root            Skipping file [.git/objects/87]
2021-10-24 23:05:51,640 DEBUG    root            Skipping file [.git/objects/8f]
2021-10-24 23:05:51,641 DEBUG    root            Skipping file [.git/objects/19]
2021-10-24 23:05:51,642 DEBUG    root            Skipping file [.git/objects/4c]
2021-10-24 23:05:51,643 DEBUG    root            Skipping file [.git/objects/21]
2021-10-24 23:05:51,644 DEBUG    root            Skipping file [.git/objects/86]
2021-10-24 23:05:51,645 DEBUG    root            Skipping file [.git/objects/44]
2021-10-24 23:05:51,646 DEBUG    root            Skipping file [.git/objects/2f]
2021-10-24 23:05:51,647 DEBUG    root            Skipping file [.git/objects/43]
2021-10-24 23:05:51,648 DEBUG    root            Skipping file [.git/objects/38]
2021-10-24 23:05:51,650 DEBUG    root            Skipping file [.git/objects/info]
2021-10-24 23:05:51,653 DEBUG    root            Skipping file [.git/objects/62]
2021-10-24 23:05:51,656 DEBUG    root            Skipping file [.git/objects/5e]
2021-10-24 23:05:51,658 DEBUG    root            Skipping file [.git/objects/39]
2021-10-24 23:05:51,662 DEBUG    root            Skipping file [.git/objects/63]
2021-10-24 23:05:51,664 DEBUG    root            Skipping file [.git/objects/b8]
2021-10-24 23:05:51,665 DEBUG    root            Skipping file [.git/objects/dd]
2021-10-24 23:05:51,667 DEBUG    root            Skipping file [.git/objects/b7]
2021-10-24 23:05:51,668 DEBUG    root            Skipping file [.git/objects/db]
2021-10-24 23:05:51,669 DEBUG    root            Skipping file [.git/objects/a1]
2021-10-24 23:05:51,670 DEBUG    root            Skipping file [.git/objects/e1]
2021-10-24 23:05:51,670 DEBUG    root            Skipping file [.git/objects/e6]
2021-10-24 23:05:51,671 DEBUG    root            Skipping file [.git/objects/e8]
2021-10-24 23:05:51,672 DEBUG    root            Skipping file [.git/objects/c5]
2021-10-24 23:05:51,673 DEBUG    root            Skipping file [.git/objects/e9]
2021-10-24 23:05:51,674 DEBUG    root            Skipping file [.git/objects/e7]
2021-10-24 23:05:51,675 DEBUG    root            Skipping file [.git/objects/cb]
2021-10-24 23:05:51,676 DEBUG    root            Skipping file [.git/objects/46]
2021-10-24 23:05:51,677 DEBUG    root            Skipping file [.git/objects/2c]
2021-10-24 23:05:51,678 DEBUG    root            Skipping file [.git/objects/2d]
2021-10-24 23:05:51,679 DEBUG    root            Skipping file [.git/objects/84]
2021-10-24 23:05:51,679 DEBUG    root            Skipping file [.git/objects/85]
2021-10-24 23:05:51,681 DEBUG    root            Skipping file [.git/objects/2e]
2021-10-24 23:05:51,682 DEBUG    root            Skipping file [.git/objects/13]
2021-10-24 23:05:51,683 DEBUG    root            Skipping file [.git/objects/8e]
2021-10-24 23:05:51,684 DEBUG    root            Skipping file [.git/info]
2021-10-24 23:05:51,685 DEBUG    root            Skipping file [.git/logs]
2021-10-24 23:05:51,685 DEBUG    root            Skipping file [.git/logs/refs]
2021-10-24 23:05:51,686 DEBUG    root            Skipping file [.git/logs/refs/heads]
2021-10-24 23:05:51,687 DEBUG    root            Skipping file [.git/logs/refs/remotes]
2021-10-24 23:05:51,688 DEBUG    root            Skipping file [.git/logs/refs/remotes/origin]
2021-10-24 23:05:51,689 DEBUG    root            Skipping file [.git/hooks]
2021-10-24 23:05:51,689 DEBUG    root            Skipping file [.git/refs]
2021-10-24 23:05:51,690 DEBUG    root            Skipping file [.git/refs/heads]
2021-10-24 23:05:51,691 DEBUG    root            Skipping file [.git/refs/tags]
2021-10-24 23:05:51,692 DEBUG    root            Skipping file [.git/refs/remotes]
2021-10-24 23:05:51,693 DEBUG    root            Skipping file [.git/refs/remotes/origin]
2021-10-24 23:05:51,694 DEBUG    root            Skipping file [.vscode/settings.json]
2021-10-24 23:05:51,695 DEBUG    root            Skipping file [.vscode/configurationCache.log]
2021-10-24 23:05:51,695 DEBUG    root            Skipping file [.vscode/dryrun.log]
2021-10-24 23:05:51,696 DEBUG    root            Skipping file [.vscode/targets.log]
2021-10-24 23:05:51,707 DEBUG    urllib3.connectionpool Starting new HTTPS connection (1): cloudfunctions.googleapis.com:443
2021-10-24 23:05:53,667 DEBUG    urllib3.connectionpool https://cloudfunctions.googleapis.com:443 "POST /v1/projects/bleeeeeefing/locations/asia-northeast1/functions:generateUploadUrl?alt=json HTTP/1.1" 200 None
2021-10-24 23:05:53,684 DEBUG    urllib3.connectionpool Starting new HTTPS connection (1): storage.googleapis.com:443
2021-10-24 23:05:53,915 DEBUG    urllib3.connectionpool https://storage.googleapis.com:443 "PUT /gcf-upload-asia-northeast1-59ec7191-8a04-4bd0-a503-aa7afcef316f/b0764cb4-bd26-4102-9ce5-a298b7935df9.zip?GoogleAccessId=service-511598790723%40gcf-admin-robot.iam.gserviceaccount.com&Expires=1635086153&Signature=kUIZf%2FXR%2F3CehxYbkPUOe6IYYujKOfDFlbIZUswVpx8yzRof7S2cVkNJJ559i4N%2B7EP17Dmf7JduhQge35xCA%2FA0r5DZQhF9N6Pd3ZW5Es6SjeLfVSmbyrhxuBXqUIDOykJX8aH4muUSk8gZdqOwqxJhNADZN%2F5Q%2FncRTWuMZRZOE7Ix5nE28%2FCzsvY4KSYHS5SPbg06TTNhi8ubTsDIl%2BcwoiY%2Bl1c9pA60W8yUgGZ9%2F9HwbLXwBy56f2e4bfhiu2lA4AkUgE7h1SELK5ZuCGPQM4%2BZLHZX%2BMci02SWd1jKZQ1uo3CWitnOQrrjlLItbG9VXwGNFf5RFLjZDsKIJA%3D%3D HTTP/1.1" 200 0
2021-10-24 23:05:53,939 DEBUG    urllib3.connectionpool Starting new HTTPS connection (1): cloudfunctions.googleapis.com:443
2021-10-24 23:05:55,259 DEBUG    urllib3.connectionpool https://cloudfunctions.googleapis.com:443 "POST /v1/projects/bleeeeeefing/locations/asia-northeast1/functions?alt=json HTTP/1.1" 200 None
2021-10-24 23:05:55,282 INFO     ___FILE_ONLY___ Deploying function (may take a while - up to 2 minutes)...
2021-10-24 23:05:55,288 DEBUG    urllib3.connectionpool Starting new HTTPS connection (1): cloudfunctions.googleapis.com:443
2021-10-24 23:05:55,934 DEBUG    urllib3.connectionpool https://cloudfunctions.googleapis.com:443 "GET /v1/operations/YmxlZWVlZWVmaW5nL2FzaWEtbm9ydGhlYXN0MS9wb3N0X2RhaWx5X2JsZWVlZWVlZmluZy9uaDJqQThEN2V1WQ?alt=json HTTP/1.1" 200 None
2021-10-24 23:05:58,288 DEBUG    urllib3.connectionpool https://cloudfunctions.googleapis.com:443 "GET /v1/operations/YmxlZWVlZWVmaW5nL2FzaWEtbm9ydGhlYXN0MS9wb3N0X2RhaWx5X2JsZWVlZWVlZmluZy9uaDJqQThEN2V1WQ?alt=json HTTP/1.1" 200 None
2021-10-24 23:06:00,417 DEBUG    urllib3.connectionpool https://cloudfunctions.googleapis.com:443 "GET /v1/operations/YmxlZWVlZWVmaW5nL2FzaWEtbm9ydGhlYXN0MS9wb3N0X2RhaWx5X2JsZWVlZWVlZmluZy9uaDJqQThEN2V1WQ?alt=json HTTP/1.1" 200 None
2021-10-24 23:06:00,422 DEBUG    root            (gcloud.functions.deploy) OperationError: code=7, message=Build failed: Cloud Build API has not been used in project 511598790723 before or it is disabled. Enable it by visiting https://console.developers.google.com/apis/api/cloudbuild.googleapis.com/overview?project=511598790723 then retry. If you enabled this API recently, wait a few minutes for the action to propagate to our systems and retry.
Traceback (most recent call last):
  File "/Users/katsuya2019/Downloads/google-cloud-sdk/lib/googlecloudsdk/calliope/cli.py", line 987, in Execute
    resources = calliope_command.Run(cli=self, args=args)
  File "/Users/katsuya2019/Downloads/google-cloud-sdk/lib/googlecloudsdk/calliope/backend.py", line 809, in Run
    resources = command_instance.Run(args)
  File "/Users/katsuya2019/Downloads/google-cloud-sdk/lib/surface/functions/deploy.py", line 83, in Run
    return command_v1.Run(args, track=self.ReleaseTrack())
  File "/Users/katsuya2019/Downloads/google-cloud-sdk/lib/googlecloudsdk/command_lib/functions/v1/deploy/command.py", line 518, in Run
    api_util.WaitForFunctionUpdateOperation(
  File "/Users/katsuya2019/Downloads/google-cloud-sdk/lib/googlecloudsdk/api_lib/functions/v1/util.py", line 388, in CatchHTTPErrorRaiseHTTPExceptionFn
    return func(*args, **kwargs)
  File "/Users/katsuya2019/Downloads/google-cloud-sdk/lib/googlecloudsdk/api_lib/functions/v1/util.py", line 438, in WaitForFunctionUpdateOperation
    operations.Wait(op, client.MESSAGES_MODULE, client, _DEPLOY_WAIT_NOTICE,
  File "/Users/katsuya2019/Downloads/google-cloud-sdk/lib/googlecloudsdk/api_lib/functions/v1/operations.py", line 150, in Wait
    _WaitForOperation(client, request, notice, try_set_invoker,
  File "/Users/katsuya2019/Downloads/google-cloud-sdk/lib/googlecloudsdk/api_lib/functions/v1/operations.py", line 113, in _WaitForOperation
    retryer.RetryOnResult(_GetOperationStatus,
  File "/Users/katsuya2019/Downloads/google-cloud-sdk/lib/googlecloudsdk/core/util/retry.py", line 239, in RetryOnResult
    result = func(*args, **kwargs)
  File "/Users/katsuya2019/Downloads/google-cloud-sdk/lib/googlecloudsdk/api_lib/functions/v1/operations.py", line 73, in _GetOperationStatus
    raise exceptions.FunctionsError(OperationErrorToString(op.error))
googlecloudsdk.api_lib.functions.v1.exceptions.FunctionsError: OperationError: code=7, message=Build failed: Cloud Build API has not been used in project 511598790723 before or it is disabled. Enable it by visiting https://console.developers.google.com/apis/api/cloudbuild.googleapis.com/overview?project=511598790723 then retry. If you enabled this API recently, wait a few minutes for the action to propagate to our systems and retry.
2021-10-24 23:06:00,434 ERROR    root            (gcloud.functions.deploy) OperationError: code=7, message=Build failed: Cloud Build API has not been used in project 511598790723 before or it is disabled. Enable it by visiting https://console.developers.google.com/apis/api/cloudbuild.googleapis.com/overview?project=511598790723 then retry. If you enabled this API recently, wait a few minutes for the action to propagate to our systems and retry.
2021-10-24 23:06:00,475 DEBUG    root            Metrics reporting process started...
