2021-10-24 23:03:23,144 DEBUG    root            Loaded Command Group: ['gcloud', 'functions']
2021-10-24 23:03:23,176 DEBUG    root            Loaded Command Group: ['gcloud', 'functions', 'list']
2021-10-24 23:03:23,182 DEBUG    root            Running [gcloud.functions.list] with arguments: []
2021-10-24 23:03:23,227 INFO     root            Display format: "table(name.basename(), status, trigger():label=TRIGGER, name.scope("locations").segment(0):label=REGION)"
2021-10-24 23:03:23,248 DEBUG    urllib3.connectionpool Starting new HTTPS connection (1): cloudfunctions.googleapis.com:443
2021-10-24 23:03:23,919 DEBUG    urllib3.connectionpool https://cloudfunctions.googleapis.com:443 "GET /v1/projects/bleeeeeefing/locations/-/functions?alt=json&pageSize=100 HTTP/1.1" 200 None
2021-10-24 23:03:23,927 INFO     ___FILE_ONLY___ NAME
2021-10-24 23:03:23,928 INFO     ___FILE_ONLY___                      
2021-10-24 23:03:23,928 INFO     ___FILE_ONLY___ STATUS
2021-10-24 23:03:23,929 INFO     ___FILE_ONLY___    
2021-10-24 23:03:23,929 INFO     ___FILE_ONLY___ TRIGGER
2021-10-24 23:03:23,929 INFO     ___FILE_ONLY___         
2021-10-24 23:03:23,929 INFO     ___FILE_ONLY___ REGION
2021-10-24 23:03:23,930 INFO     ___FILE_ONLY___ 

2021-10-24 23:03:23,930 INFO     ___FILE_ONLY___ post_daily_bleeeeeefing
2021-10-24 23:03:23,931 INFO     ___FILE_ONLY___   
2021-10-24 23:03:23,931 INFO     ___FILE_ONLY___ OFFLINE
2021-10-24 23:03:23,932 INFO     ___FILE_ONLY___   
2021-10-24 23:03:23,932 INFO     ___FILE_ONLY___ Event Trigger
2021-10-24 23:03:23,933 INFO     ___FILE_ONLY___   
2021-10-24 23:03:23,933 INFO     ___FILE_ONLY___ us-central1
2021-10-24 23:03:23,933 INFO     ___FILE_ONLY___ 

2021-10-24 23:03:23,969 DEBUG    root            Metrics reporting process started...
