2021-10-24 23:02:15,202 DEBUG    root            Loaded Command Group: ['gcloud', 'functions']
2021-10-24 23:02:15,332 DEBUG    root            Loaded Command Group: ['gcloud', 'functions', 'deploy']
2021-10-24 23:02:15,379 DEBUG    root            Running [gcloud.functions.deploy] with arguments: [--runtime: "python38", --trigger-topic: "daily-bleeeeeefing-topic", NAME: "post_daily_bleeeeeefing"]
2021-10-24 23:02:15,423 DEBUG    urllib3.connectionpool Starting new HTTPS connection (1): cloudfunctions.googleapis.com:443
2021-10-24 23:02:16,072 DEBUG    urllib3.connectionpool https://cloudfunctions.googleapis.com:443 "GET /v1/projects/bleeeeeefing/locations/us-central1/functions/post_daily_bleeeeeefing?alt=json HTTP/1.1" 404 None
2021-10-24 23:02:16,083 INFO     root            Using default gcloudignore file:
--------------------------------------------------
# This file specifies files that are *not* uploaded to Google Cloud Platform
# using gcloud. It follows the same syntax as .gitignore, with the addition of
# "#!include" directives (which insert the entries of the given .gitignore-style
# file at that point).
#
# For more information, run:
#   $ gcloud topic gcloudignore
#
.gcloudignore
# If you would like to upload your .git directory, .gitignore file or files
# from your .gitignore file, remove the corresponding line
# below:
.git
.gitignore

node_modules
#!include:.gitignore

--------------------------------------------------
2021-10-24 23:02:16,084 INFO     ___FILE_ONLY___ Created .gcloudignore file. See `gcloud topic gcloudignore` for details.

2021-10-24 23:02:16,143 DEBUG    root            Skipping file [./.gitignore]
2021-10-24 23:02:16,144 DEBUG    root            Skipping file [./.env]
2021-10-24 23:02:16,150 DEBUG    root            Skipping file [./.gcloudignore]
2021-10-24 23:02:16,179 DEBUG    root            Skipping file [./ableef/__pycache__/__init__.cpython-38.pyc]
2021-10-24 23:02:16,186 DEBUG    root            Skipping file [./ableef/__pycache__/lib.cpython-38.pyc]
2021-10-24 23:02:16,205 DEBUG    root            Skipping file [./.pytest_cache/CACHEDIR.TAG]
2021-10-24 23:02:16,209 DEBUG    root            Skipping file [./.pytest_cache/README.md]
2021-10-24 23:02:16,214 DEBUG    root            Skipping file [./.pytest_cache/.gitignore]
2021-10-24 23:02:16,219 DEBUG    root            Skipping file [./.pytest_cache/v/cache/nodeids]
2021-10-24 23:02:16,224 DEBUG    root            Skipping file [./.pytest_cache/v/cache/lastfailed]
2021-10-24 23:02:16,227 DEBUG    root            Skipping file [./.pytest_cache/v/cache/stepwise]
2021-10-24 23:02:16,260 DEBUG    root            Skipping file [./tests/__pycache__/__init__.cpython-38.pyc]
2021-10-24 23:02:16,268 DEBUG    root            Skipping file [./tests/__pycache__/test_ableef.cpython-38-pytest-5.4.3.pyc]
2021-10-24 23:02:16,274 DEBUG    root            Skipping file [./tests/__pycache__/conftest.cpython-38-pytest-5.4.3.pyc]
2021-10-24 23:02:16,280 DEBUG    root            Skipping file [./.git/config]
2021-10-24 23:02:16,283 DEBUG    root            Skipping file [./.git/HEAD]
2021-10-24 23:02:16,285 DEBUG    root            Skipping file [./.git/description]
2021-10-24 23:02:16,291 DEBUG    root            Skipping file [./.git/index]
2021-10-24 23:02:16,313 DEBUG    root            Skipping file [./.git/COMMIT_EDITMSG]
2021-10-24 23:02:16,316 DEBUG    root            Skipping file [./.git/FETCH_HEAD]
2021-10-24 23:02:16,320 DEBUG    root            Skipping file [./.git/objects/61/8bab647912eef812903dedc10845bed0e36e0c]
2021-10-24 23:02:16,326 DEBUG    root            Skipping file [./.git/objects/50/ac18aac129bec0fdf7af28f432a685abcdc412]
2021-10-24 23:02:16,328 DEBUG    root            Skipping file [./.git/objects/03/3988fbb0f84b887ce375d7816b19548e8f97b7]
2021-10-24 23:02:16,330 DEBUG    root            Skipping file [./.git/objects/69/62676eaa56c7ece1df34cd8801e520d11ba392]
2021-10-24 23:02:16,332 DEBUG    root            Skipping file [./.git/objects/3c/0358cb06427cb3a728e603e2fe2746cd758118]
2021-10-24 23:02:16,334 DEBUG    root            Skipping file [./.git/objects/56/f2ec808d13a997c0130bca49d76af535362a8d]
2021-10-24 23:02:16,336 DEBUG    root            Skipping file [./.git/objects/3d/c1f76bc69e3f559bee6253b24fc93acee9e1f9]
2021-10-24 23:02:16,343 DEBUG    root            Skipping file [./.git/objects/9d/8b6f0ef2df3ada41c086592af64b150e7abd29]
2021-10-24 23:02:16,346 DEBUG    root            Skipping file [./.git/objects/bb/f945884a028279cc8c9fb897ae0f697ace3fa1]
2021-10-24 23:02:16,348 DEBUG    root            Skipping file [./.git/objects/df/88c2d14c557a9d7ccd132f541ab09cbae1327b]
2021-10-24 23:02:16,351 DEBUG    root            Skipping file [./.git/objects/a2/eb4d2016c3b97baf8fb0a41e3f49fcd98d5e82]
2021-10-24 23:02:16,363 DEBUG    root            Skipping file [./.git/objects/bd/82d79f15d5a72b8c3a88e6e7e90d6685b34fe5]
2021-10-24 23:02:16,365 DEBUG    root            Skipping file [./.git/objects/bd/137534cd7f78f5561c27577a9f38042f762322]
2021-10-24 23:02:16,367 DEBUG    root            Skipping file [./.git/objects/d6/8f7826234a72f3ca4af20dff5159b7d3e4aa3c]
2021-10-24 23:02:16,368 DEBUG    root            Skipping file [./.git/objects/bc/e982c9eb798898458ddbd2f198c10af0c59ce4]
2021-10-24 23:02:16,370 DEBUG    root            Skipping file [./.git/objects/ae/5e8895b0b4d1084c1095d5a43053d47225910b]
2021-10-24 23:02:16,372 DEBUG    root            Skipping file [./.git/objects/d8/5fc56f12061f57b72985a24468b235e41ef0ff]
2021-10-24 23:02:16,374 DEBUG    root            Skipping file [./.git/objects/e2/78cca896f5268ee92d196980bd94674b57da74]
2021-10-24 23:02:16,376 DEBUG    root            Skipping file [./.git/objects/ee/4739fa7ec52f0e4089f3ff87cdf3c44b748fdc]
2021-10-24 23:02:16,382 DEBUG    root            Skipping file [./.git/objects/f2/b1ce2cb1c73301850e9766727b01e0cf267229]
2021-10-24 23:02:16,384 DEBUG    root            Skipping file [./.git/objects/e3/9a7906582d967fe0763f4ab19640be937952f4]
2021-10-24 23:02:16,386 DEBUG    root            Skipping file [./.git/objects/ca/ed37d6907f1a6b78e477104d86930d9aa3da64]
2021-10-24 23:02:16,391 DEBUG    root            Skipping file [./.git/objects/e4/4f5cf63b73ccc4bb6847a16a2c8e02bfe222fc]
2021-10-24 23:02:16,393 DEBUG    root            Skipping file [./.git/objects/16/1610f7fd8e34de7cfb4bb71a294910869b585c]
2021-10-24 23:02:16,396 DEBUG    root            Skipping file [./.git/objects/89/9c5971704d42b2886bd3836d24abdee8b5d747]
2021-10-24 23:02:16,399 DEBUG    root            Skipping file [./.git/objects/87/0a624bfdfb7cd312c68de045b0c036daa9982f]
2021-10-24 23:02:16,402 DEBUG    root            Skipping file [./.git/objects/8f/6bab6ec5915f062e5d95926988ac0be435bbf0]
2021-10-24 23:02:16,406 DEBUG    root            Skipping file [./.git/objects/19/24d665673afa5b6beaf277dcf8e92cf17466bc]
2021-10-24 23:02:16,410 DEBUG    root            Skipping file [./.git/objects/4c/5d1a6ad7ac3513544ac0d2c9cb6178d2b3741f]
2021-10-24 23:02:16,412 DEBUG    root            Skipping file [./.git/objects/21/11128682598ee71998cda8f8b33c8e7223881f]
2021-10-24 23:02:16,414 DEBUG    root            Skipping file [./.git/objects/86/9ce171afcaf6685b78a5575bebe38391c45d06]
2021-10-24 23:02:16,416 DEBUG    root            Skipping file [./.git/objects/44/419bdf0aa93db40dda8ecbc262a8a91d611b2f]
2021-10-24 23:02:16,418 DEBUG    root            Skipping file [./.git/objects/2f/25a04b5781bd661527ed5d9ffa4c22fe5ce50a]
2021-10-24 23:02:16,420 DEBUG    root            Skipping file [./.git/objects/43/87b90eae069cc7e8d818cf593b3d6d559246e5]
2021-10-24 23:02:16,422 DEBUG    root            Skipping file [./.git/objects/38/7609e2e09575ca354260c63dca30655bb79c9f]
2021-10-24 23:02:16,424 DEBUG    root            Skipping file [./.git/objects/62/dbb46cf6e6887ba78897f4d6a393878be3e0ef]
2021-10-24 23:02:16,426 DEBUG    root            Skipping file [./.git/objects/5e/864d9039a44c9642d6a83583f0fd4730a75ac7]
2021-10-24 23:02:16,428 DEBUG    root            Skipping file [./.git/objects/39/94effe4b35d37ced28806301ff083ec896155c]
2021-10-24 23:02:16,430 DEBUG    root            Skipping file [./.git/objects/63/f7804c07ae4416283244b7204460c4044b2e68]
2021-10-24 23:02:16,432 DEBUG    root            Skipping file [./.git/objects/63/d3b5d8c0e07c984effdc5b0c1804c8f1f4928c]
2021-10-24 23:02:16,433 DEBUG    root            Skipping file [./.git/objects/b8/22b799ca78b8fa5035e10ec85ed342124cfbc5]
2021-10-24 23:02:16,435 DEBUG    root            Skipping file [./.git/objects/dd/f079aac5b30d9ab5e566757b4141c300e4e000]
2021-10-24 23:02:16,438 DEBUG    root            Skipping file [./.git/objects/b7/94fd409a5e3b3b65ad76a43d6a01a318877640]
2021-10-24 23:02:16,440 DEBUG    root            Skipping file [./.git/objects/b7/d9a98f35bd22a3509d1bcf9836b8f47a8c6533]
2021-10-24 23:02:16,442 DEBUG    root            Skipping file [./.git/objects/db/74d47e9946e1458771b47c4deb65526e5a6ff5]
2021-10-24 23:02:16,445 DEBUG    root            Skipping file [./.git/objects/a1/41131d9c534a7dadbda9ba08ea7e90d1a44b04]
2021-10-24 23:02:16,447 DEBUG    root            Skipping file [./.git/objects/e1/9f9580c87c2274df375e184f040825ebd5229a]
2021-10-24 23:02:16,449 DEBUG    root            Skipping file [./.git/objects/e6/2c839ad7d67a7ae6b9acb112d37b7e4e3d74f2]
2021-10-24 23:02:16,451 DEBUG    root            Skipping file [./.git/objects/e6/9de29bb2d1d6434b8b29ae775ad8c2e48c5391]
2021-10-24 23:02:16,452 DEBUG    root            Skipping file [./.git/objects/e8/9f5252a88af5ce7f9ce8baa7b738f303d3dbb4]
2021-10-24 23:02:16,456 DEBUG    root            Skipping file [./.git/objects/c5/ea96f2b68f81eb6914ac64c6a6ef87fb8b1e2a]
2021-10-24 23:02:16,460 DEBUG    root            Skipping file [./.git/objects/e9/1a96d5fcee31d88e50e358dbf239b89c942cb7]
2021-10-24 23:02:16,463 DEBUG    root            Skipping file [./.git/objects/e7/dbfa35dd5f23a46f1d7c511093eb2afd1e5eb3]
2021-10-24 23:02:16,465 DEBUG    root            Skipping file [./.git/objects/cb/f400544d1a4bf12c771bfff4310598985f65b1]
2021-10-24 23:02:16,467 DEBUG    root            Skipping file [./.git/objects/46/4649404034fc30d6817a43f48a37c982c3087a]
2021-10-24 23:02:16,469 DEBUG    root            Skipping file [./.git/objects/2c/cf6924d0e084c44a0ed3e100f4dd0940a4ddb8]
2021-10-24 23:02:16,471 DEBUG    root            Skipping file [./.git/objects/2d/ba17d116a37846ca1842253c07fe0d64529ac2]
2021-10-24 23:02:16,474 DEBUG    root            Skipping file [./.git/objects/84/ac8823e25570e1d8d8f816b58066c50d58af74]
2021-10-24 23:02:16,475 DEBUG    root            Skipping file [./.git/objects/84/2cfd36f5f20a4ca97a16c79f52fc24ea1e1036]
2021-10-24 23:02:16,478 DEBUG    root            Skipping file [./.git/objects/85/f36d076c011998c9ba0400d397414e9f867978]
2021-10-24 23:02:16,482 DEBUG    root            Skipping file [./.git/objects/2e/8deded3b0251332ed9d96fc4fbe314cb2a8319]
2021-10-24 23:02:16,484 DEBUG    root            Skipping file [./.git/objects/13/b3cceeaae9e5c5179c34d4f52682bdad729259]
2021-10-24 23:02:16,486 DEBUG    root            Skipping file [./.git/objects/8e/f5100b6404f54917238a94f6d5844d6cd8b734]
2021-10-24 23:02:16,491 DEBUG    root            Skipping file [./.git/info/exclude]
2021-10-24 23:02:16,493 DEBUG    root            Skipping file [./.git/logs/HEAD]
2021-10-24 23:02:16,495 DEBUG    root            Skipping file [./.git/logs/refs/heads/main]
2021-10-24 23:02:16,498 DEBUG    root            Skipping file [./.git/logs/refs/remotes/origin/main]
2021-10-24 23:02:16,501 DEBUG    root            Skipping file [./.git/hooks/commit-msg.sample]
2021-10-24 23:02:16,505 DEBUG    root            Skipping file [./.git/hooks/pre-rebase.sample]
2021-10-24 23:02:16,508 DEBUG    root            Skipping file [./.git/hooks/pre-commit.sample]
2021-10-24 23:02:16,511 DEBUG    root            Skipping file [./.git/hooks/prepare-commit-msg]
2021-10-24 23:02:16,513 DEBUG    root            Skipping file [./.git/hooks/applypatch-msg.sample]
2021-10-24 23:02:16,514 DEBUG    root            Skipping file [./.git/hooks/fsmonitor-watchman.sample]
2021-10-24 23:02:16,515 DEBUG    root            Skipping file [./.git/hooks/pre-receive.sample]
2021-10-24 23:02:16,517 DEBUG    root            Skipping file [./.git/hooks/prepare-commit-msg.sample]
2021-10-24 23:02:16,519 DEBUG    root            Skipping file [./.git/hooks/post-update.sample]
2021-10-24 23:02:16,527 DEBUG    root            Skipping file [./.git/hooks/pre-merge-commit.sample]
2021-10-24 23:02:16,529 DEBUG    root            Skipping file [./.git/hooks/pre-applypatch.sample]
2021-10-24 23:02:16,531 DEBUG    root            Skipping file [./.git/hooks/pre-push.sample]
2021-10-24 23:02:16,532 DEBUG    root            Skipping file [./.git/hooks/update.sample]
2021-10-24 23:02:16,534 DEBUG    root            Skipping file [./.git/hooks/push-to-checkout.sample]
2021-10-24 23:02:16,535 DEBUG    root            Skipping file [./.git/refs/heads/main]
2021-10-24 23:02:16,536 DEBUG    root            Skipping file [./.git/refs/remotes/origin/main]
2021-10-24 23:02:16,538 DEBUG    root            Skipping file [./.vscode/settings.json]
2021-10-24 23:02:16,539 DEBUG    root            Skipping file [./.vscode/configurationCache.log]
2021-10-24 23:02:16,540 DEBUG    root            Skipping file [./.vscode/dryrun.log]
2021-10-24 23:02:16,541 DEBUG    root            Skipping file [./.vscode/targets.log]
2021-10-24 23:02:16,543 INFO     root            Using ignore file at [./.gcloudignore].
2021-10-24 23:02:16,555 DEBUG    root            Skipping file [./.gitignore]
2021-10-24 23:02:16,556 DEBUG    root            Skipping file [./.env]
2021-10-24 23:02:16,562 DEBUG    root            Skipping file [./.gcloudignore]
2021-10-24 23:02:16,573 DEBUG    root            Skipping file [ableef/__pycache__/__init__.cpython-38.pyc]
2021-10-24 23:02:16,574 DEBUG    root            Skipping file [ableef/__pycache__/lib.cpython-38.pyc]
2021-10-24 23:02:16,577 DEBUG    root            Skipping file [.pytest_cache/CACHEDIR.TAG]
2021-10-24 23:02:16,578 DEBUG    root            Skipping file [.pytest_cache/README.md]
2021-10-24 23:02:16,578 DEBUG    root            Skipping file [.pytest_cache/.gitignore]
2021-10-24 23:02:16,579 DEBUG    root            Skipping file [.pytest_cache/v]
2021-10-24 23:02:16,580 DEBUG    root            Skipping file [.pytest_cache/v/cache]
2021-10-24 23:02:16,589 DEBUG    root            Skipping file [tests/__pycache__/__init__.cpython-38.pyc]
2021-10-24 23:02:16,590 DEBUG    root            Skipping file [tests/__pycache__/test_ableef.cpython-38-pytest-5.4.3.pyc]
2021-10-24 23:02:16,591 DEBUG    root            Skipping file [tests/__pycache__/conftest.cpython-38-pytest-5.4.3.pyc]
2021-10-24 23:02:16,592 DEBUG    root            Skipping file [.git]
2021-10-24 23:02:16,593 DEBUG    root            Skipping file [.git/objects]
2021-10-24 23:02:16,594 DEBUG    root            Skipping file [.git/objects/61]
2021-10-24 23:02:16,595 DEBUG    root            Skipping file [.git/objects/50]
2021-10-24 23:02:16,596 DEBUG    root            Skipping file [.git/objects/03]
2021-10-24 23:02:16,596 DEBUG    root            Skipping file [.git/objects/69]
2021-10-24 23:02:16,597 DEBUG    root            Skipping file [.git/objects/3c]
2021-10-24 23:02:16,598 DEBUG    root            Skipping file [.git/objects/56]
2021-10-24 23:02:16,598 DEBUG    root            Skipping file [.git/objects/3d]
2021-10-24 23:02:16,599 DEBUG    root            Skipping file [.git/objects/9d]
2021-10-24 23:02:16,601 DEBUG    root            Skipping file [.git/objects/bb]
2021-10-24 23:02:16,602 DEBUG    root            Skipping file [.git/objects/df]
2021-10-24 23:02:16,603 DEBUG    root            Skipping file [.git/objects/a2]
2021-10-24 23:02:16,605 DEBUG    root            Skipping file [.git/objects/bd]
2021-10-24 23:02:16,606 DEBUG    root            Skipping file [.git/objects/d6]
2021-10-24 23:02:16,608 DEBUG    root            Skipping file [.git/objects/bc]
2021-10-24 23:02:16,609 DEBUG    root            Skipping file [.git/objects/ae]
2021-10-24 23:02:16,611 DEBUG    root            Skipping file [.git/objects/d8]
2021-10-24 23:02:16,612 DEBUG    root            Skipping file [.git/objects/e2]
2021-10-24 23:02:16,613 DEBUG    root            Skipping file [.git/objects/ee]
2021-10-24 23:02:16,614 DEBUG    root            Skipping file [.git/objects/f2]
2021-10-24 23:02:16,614 DEBUG    root            Skipping file [.git/objects/e3]
2021-10-24 23:02:16,615 DEBUG    root            Skipping file [.git/objects/ca]
2021-10-24 23:02:16,616 DEBUG    root            Skipping file [.git/objects/e4]
2021-10-24 23:02:16,616 DEBUG    root            Skipping file [.git/objects/pack]
2021-10-24 23:02:16,617 DEBUG    root            Skipping file [.git/objects/16]
2021-10-24 23:02:16,618 DEBUG    root            Skipping file [.git/objects/89]
2021-10-24 23:02:16,619 DEBUG    root            Skipping file [.git/objects/87]
2021-10-24 23:02:16,619 DEBUG    root            Skipping file [.git/objects/8f]
2021-10-24 23:02:16,620 DEBUG    root            Skipping file [.git/objects/19]
2021-10-24 23:02:16,621 DEBUG    root            Skipping file [.git/objects/4c]
2021-10-24 23:02:16,622 DEBUG    root            Skipping file [.git/objects/21]
2021-10-24 23:02:16,622 DEBUG    root            Skipping file [.git/objects/86]
2021-10-24 23:02:16,623 DEBUG    root            Skipping file [.git/objects/44]
2021-10-24 23:02:16,624 DEBUG    root            Skipping file [.git/objects/2f]
2021-10-24 23:02:16,625 DEBUG    root            Skipping file [.git/objects/43]
2021-10-24 23:02:16,625 DEBUG    root            Skipping file [.git/objects/38]
2021-10-24 23:02:16,626 DEBUG    root            Skipping file [.git/objects/info]
2021-10-24 23:02:16,627 DEBUG    root            Skipping file [.git/objects/62]
2021-10-24 23:02:16,628 DEBUG    root            Skipping file [.git/objects/5e]
2021-10-24 23:02:16,629 DEBUG    root            Skipping file [.git/objects/39]
2021-10-24 23:02:16,629 DEBUG    root            Skipping file [.git/objects/63]
2021-10-24 23:02:16,630 DEBUG    root            Skipping file [.git/objects/b8]
2021-10-24 23:02:16,631 DEBUG    root            Skipping file [.git/objects/dd]
2021-10-24 23:02:16,632 DEBUG    root            Skipping file [.git/objects/b7]
2021-10-24 23:02:16,632 DEBUG    root            Skipping file [.git/objects/db]
2021-10-24 23:02:16,633 DEBUG    root            Skipping file [.git/objects/a1]
2021-10-24 23:02:16,634 DEBUG    root            Skipping file [.git/objects/e1]
2021-10-24 23:02:16,634 DEBUG    root            Skipping file [.git/objects/e6]
2021-10-24 23:02:16,635 DEBUG    root            Skipping file [.git/objects/e8]
2021-10-24 23:02:16,635 DEBUG    root            Skipping file [.git/objects/c5]
2021-10-24 23:02:16,636 DEBUG    root            Skipping file [.git/objects/e9]
2021-10-24 23:02:16,637 DEBUG    root            Skipping file [.git/objects/e7]
2021-10-24 23:02:16,638 DEBUG    root            Skipping file [.git/objects/cb]
2021-10-24 23:02:16,639 DEBUG    root            Skipping file [.git/objects/46]
2021-10-24 23:02:16,640 DEBUG    root            Skipping file [.git/objects/2c]
2021-10-24 23:02:16,640 DEBUG    root            Skipping file [.git/objects/2d]
2021-10-24 23:02:16,642 DEBUG    root            Skipping file [.git/objects/84]
2021-10-24 23:02:16,642 DEBUG    root            Skipping file [.git/objects/85]
2021-10-24 23:02:16,644 DEBUG    root            Skipping file [.git/objects/2e]
2021-10-24 23:02:16,647 DEBUG    root            Skipping file [.git/objects/13]
2021-10-24 23:02:16,648 DEBUG    root            Skipping file [.git/objects/8e]
2021-10-24 23:02:16,649 DEBUG    root            Skipping file [.git/info]
2021-10-24 23:02:16,652 DEBUG    root            Skipping file [.git/logs]
2021-10-24 23:02:16,653 DEBUG    root            Skipping file [.git/logs/refs]
2021-10-24 23:02:16,656 DEBUG    root            Skipping file [.git/logs/refs/heads]
2021-10-24 23:02:16,657 DEBUG    root            Skipping file [.git/logs/refs/remotes]
2021-10-24 23:02:16,659 DEBUG    root            Skipping file [.git/logs/refs/remotes/origin]
2021-10-24 23:02:16,660 DEBUG    root            Skipping file [.git/hooks]
2021-10-24 23:02:16,662 DEBUG    root            Skipping file [.git/refs]
2021-10-24 23:02:16,662 DEBUG    root            Skipping file [.git/refs/heads]
2021-10-24 23:02:16,663 DEBUG    root            Skipping file [.git/refs/tags]
2021-10-24 23:02:16,664 DEBUG    root            Skipping file [.git/refs/remotes]
2021-10-24 23:02:16,664 DEBUG    root            Skipping file [.git/refs/remotes/origin]
2021-10-24 23:02:16,665 DEBUG    root            Skipping file [.vscode/settings.json]
2021-10-24 23:02:16,666 DEBUG    root            Skipping file [.vscode/configurationCache.log]
2021-10-24 23:02:16,666 DEBUG    root            Skipping file [.vscode/dryrun.log]
2021-10-24 23:02:16,667 DEBUG    root            Skipping file [.vscode/targets.log]
2021-10-24 23:02:16,679 DEBUG    urllib3.connectionpool Starting new HTTPS connection (1): cloudfunctions.googleapis.com:443
2021-10-24 23:02:25,694 DEBUG    urllib3.connectionpool https://cloudfunctions.googleapis.com:443 "POST /v1/projects/bleeeeeefing/locations/us-central1/functions:generateUploadUrl?alt=json HTTP/1.1" 200 None
2021-10-24 23:02:25,723 DEBUG    urllib3.connectionpool Starting new HTTPS connection (1): storage.googleapis.com:443
2021-10-24 23:02:26,136 DEBUG    urllib3.connectionpool https://storage.googleapis.com:443 "PUT /gcf-upload-us-central1-6eab918b-6f99-4810-a369-e06417e0cf99/f5a8efca-13e8-45fb-91d8-f0dd1ecd08da.zip?GoogleAccessId=service-511598790723%40gcf-admin-robot.iam.gserviceaccount.com&Expires=1635085945&Signature=xGmsDOlG8TR08TJbfu1Dy0U5mpsFV4x4EcGT8t8sKWD%2B%2F294VlrIqtWN14OxmrVJ0qIkiqTGBSc%2BxbRYZXfxZfDsjmzg%2FA5zZtX5W709uOWXe0qcSnzhb02QbLEG1yE2C7IzS9R1AuhImpG8nE3RdwsFEdgQZccYWZvvpNvbWUejBg3YSf6N4wuXPBTX9jKBtxCzzhXAL86mKynE7B3IKLafso2pJiWgtBhac0CbK%2B%2FSGiuJFxWJtRaLYSrFd2mFCvvetWxgaSH9offNlzNXY1Ldzzc6OPMARhzk3QwrXchoLAHqf8MY7pU%2F7kThsnycM%2BYrF9DnxNvuk20XXK0MYQ%3D%3D HTTP/1.1" 200 0
2021-10-24 23:02:26,231 DEBUG    urllib3.connectionpool Starting new HTTPS connection (1): cloudfunctions.googleapis.com:443
2021-10-24 23:02:26,994 DEBUG    urllib3.connectionpool https://cloudfunctions.googleapis.com:443 "POST /v1/projects/bleeeeeefing/locations/us-central1/functions?alt=json HTTP/1.1" 200 None
2021-10-24 23:02:27,017 INFO     ___FILE_ONLY___ Deploying function (may take a while - up to 2 minutes)...
2021-10-24 23:02:27,024 DEBUG    urllib3.connectionpool Starting new HTTPS connection (1): cloudfunctions.googleapis.com:443
2021-10-24 23:02:27,423 DEBUG    urllib3.connectionpool https://cloudfunctions.googleapis.com:443 "GET /v1/operations/YmxlZWVlZWVmaW5nL3VzLWNlbnRyYWwxL3Bvc3RfZGFpbHlfYmxlZWVlZWVmaW5nL0YySEpZSzY1eTg0?alt=json HTTP/1.1" 200 None
2021-10-24 23:02:29,911 DEBUG    urllib3.connectionpool https://cloudfunctions.googleapis.com:443 "GET /v1/operations/YmxlZWVlZWVmaW5nL3VzLWNlbnRyYWwxL3Bvc3RfZGFpbHlfYmxlZWVlZWVmaW5nL0YySEpZSzY1eTg0?alt=json HTTP/1.1" 200 None
2021-10-24 23:02:29,916 DEBUG    root            (gcloud.functions.deploy) OperationError: code=7, message=Build failed: Cloud Build API has not been used in project 511598790723 before or it is disabled. Enable it by visiting https://console.developers.google.com/apis/api/cloudbuild.googleapis.com/overview?project=511598790723 then retry. If you enabled this API recently, wait a few minutes for the action to propagate to our systems and retry.
Traceback (most recent call last):
  File "/Users/katsuya2019/Downloads/google-cloud-sdk/lib/googlecloudsdk/calliope/cli.py", line 987, in Execute
    resources = calliope_command.Run(cli=self, args=args)
  File "/Users/katsuya2019/Downloads/google-cloud-sdk/lib/googlecloudsdk/calliope/backend.py", line 809, in Run
    resources = command_instance.Run(args)
  File "/Users/katsuya2019/Downloads/google-cloud-sdk/lib/surface/functions/deploy.py", line 83, in Run
    return command_v1.Run(args, track=self.ReleaseTrack())
  File "/Users/katsuya2019/Downloads/google-cloud-sdk/lib/googlecloudsdk/command_lib/functions/v1/deploy/command.py", line 518, in Run
    api_util.WaitForFunctionUpdateOperation(
  File "/Users/katsuya2019/Downloads/google-cloud-sdk/lib/googlecloudsdk/api_lib/functions/v1/util.py", line 388, in CatchHTTPErrorRaiseHTTPExceptionFn
    return func(*args, **kwargs)
  File "/Users/katsuya2019/Downloads/google-cloud-sdk/lib/googlecloudsdk/api_lib/functions/v1/util.py", line 438, in WaitForFunctionUpdateOperation
    operations.Wait(op, client.MESSAGES_MODULE, client, _DEPLOY_WAIT_NOTICE,
  File "/Users/katsuya2019/Downloads/google-cloud-sdk/lib/googlecloudsdk/api_lib/functions/v1/operations.py", line 150, in Wait
    _WaitForOperation(client, request, notice, try_set_invoker,
  File "/Users/katsuya2019/Downloads/google-cloud-sdk/lib/googlecloudsdk/api_lib/functions/v1/operations.py", line 113, in _WaitForOperation
    retryer.RetryOnResult(_GetOperationStatus,
  File "/Users/katsuya2019/Downloads/google-cloud-sdk/lib/googlecloudsdk/core/util/retry.py", line 239, in RetryOnResult
    result = func(*args, **kwargs)
  File "/Users/katsuya2019/Downloads/google-cloud-sdk/lib/googlecloudsdk/api_lib/functions/v1/operations.py", line 73, in _GetOperationStatus
    raise exceptions.FunctionsError(OperationErrorToString(op.error))
googlecloudsdk.api_lib.functions.v1.exceptions.FunctionsError: OperationError: code=7, message=Build failed: Cloud Build API has not been used in project 511598790723 before or it is disabled. Enable it by visiting https://console.developers.google.com/apis/api/cloudbuild.googleapis.com/overview?project=511598790723 then retry. If you enabled this API recently, wait a few minutes for the action to propagate to our systems and retry.
2021-10-24 23:02:29,930 ERROR    root            (gcloud.functions.deploy) OperationError: code=7, message=Build failed: Cloud Build API has not been used in project 511598790723 before or it is disabled. Enable it by visiting https://console.developers.google.com/apis/api/cloudbuild.googleapis.com/overview?project=511598790723 then retry. If you enabled this API recently, wait a few minutes for the action to propagate to our systems and retry.
2021-10-24 23:02:29,975 DEBUG    root            Metrics reporting process started...
