2021-10-24 23:29:43,349 DEBUG    root            Loaded Command Group: ['gcloud', 'functions']
2021-10-24 23:29:43,417 DEBUG    root            Loaded Command Group: ['gcloud', 'functions', 'deploy']
2021-10-24 23:29:43,443 DEBUG    root            Running [gcloud.functions.deploy] with arguments: [--region: "asia-northeast1", --runtime: "python38", --trigger-topic: "daily-bleeeeeefing-topic", NAME: "trigger"]
2021-10-24 23:29:43,468 DEBUG    urllib3.connectionpool Starting new HTTPS connection (1): cloudfunctions.googleapis.com:443
2021-10-24 23:29:43,984 DEBUG    urllib3.connectionpool https://cloudfunctions.googleapis.com:443 "GET /v1/projects/bleeeeeefing/locations/asia-northeast1/functions/trigger?alt=json HTTP/1.1" 404 None
2021-10-24 23:29:43,997 INFO     root            Not using ignore file.
2021-10-24 23:29:43,998 INFO     root            Not using ignore file.
2021-10-24 23:29:44,021 DEBUG    urllib3.connectionpool Starting new HTTPS connection (1): cloudfunctions.googleapis.com:443
2021-10-24 23:29:45,909 DEBUG    urllib3.connectionpool https://cloudfunctions.googleapis.com:443 "POST /v1/projects/bleeeeeefing/locations/asia-northeast1/functions:generateUploadUrl?alt=json HTTP/1.1" 200 None
2021-10-24 23:29:45,954 DEBUG    urllib3.connectionpool Starting new HTTPS connection (1): storage.googleapis.com:443
2021-10-24 23:29:46,166 DEBUG    urllib3.connectionpool https://storage.googleapis.com:443 "PUT /gcf-upload-asia-northeast1-59ec7191-8a04-4bd0-a503-aa7afcef316f/b7ed00f4-d8f1-48c0-b4e0-c0763be68ebd.zip?GoogleAccessId=service-511598790723%40gcf-admin-robot.iam.gserviceaccount.com&Expires=1635087585&Signature=t%2FNGxR%2FmXaojCYR41hH%2BMABvJw8074rsmT3Zi8xql5D4bkslkYMqoS%2FwUT%2F5OqwPcpwbauzMmJtUhPclqMAGeT58kckOiP%2F2XLamPeC%2FGpvuHLCh8BCcZbpu%2FvEk6Lblr21UxwKOdJzD3HIqZbdjpKY%2BA9tjKmh%2FYmMTy4HyaCYv3zZuhcqffuIKajf3bmCif1gFKmGM4FhASCDlTGN20aIVCKyObWxSe9BGMm4clJpLlccHiDXwopwei7D%2BTcG451nwG6vZc0xDShqXUmXvY3SN5nSA%2F%2Fd%2BRGlonMLy0oC6r7QPkERAkZNYOW89Qqbamtpr9CyjYTZndqsmMXVv3w%3D%3D HTTP/1.1" 200 0
2021-10-24 23:29:46,190 DEBUG    urllib3.connectionpool Starting new HTTPS connection (1): cloudfunctions.googleapis.com:443
2021-10-24 23:29:47,780 DEBUG    urllib3.connectionpool https://cloudfunctions.googleapis.com:443 "POST /v1/projects/bleeeeeefing/locations/asia-northeast1/functions?alt=json HTTP/1.1" 200 None
2021-10-24 23:29:47,790 INFO     ___FILE_ONLY___ Deploying function (may take a while - up to 2 minutes)...
2021-10-24 23:29:47,802 DEBUG    urllib3.connectionpool Starting new HTTPS connection (1): cloudfunctions.googleapis.com:443
2021-10-24 23:29:48,359 DEBUG    urllib3.connectionpool https://cloudfunctions.googleapis.com:443 "GET /v1/operations/YmxlZWVlZWVmaW5nL2FzaWEtbm9ydGhlYXN0MS90cmlnZ2VyL01nWTU3eGJlVzZR?alt=json HTTP/1.1" 200 None
2021-10-24 23:29:50,158 DEBUG    urllib3.connectionpool https://cloudfunctions.googleapis.com:443 "GET /v1/operations/YmxlZWVlZWVmaW5nL2FzaWEtbm9ydGhlYXN0MS90cmlnZ2VyL01nWTU3eGJlVzZR?alt=json HTTP/1.1" 200 None
2021-10-24 23:29:52,763 DEBUG    urllib3.connectionpool https://cloudfunctions.googleapis.com:443 "GET /v1/operations/YmxlZWVlZWVmaW5nL2FzaWEtbm9ydGhlYXN0MS90cmlnZ2VyL01nWTU3eGJlVzZR?alt=json HTTP/1.1" 200 None
2021-10-24 23:29:52,774 INFO     ___FILE_ONLY___ 
For Cloud Build Logs, visit: https://console.cloud.google.com/cloud-build/builds;region=asia-northeast1/372d85a9-b696-437f-a8c4-ae5460fd7255?project=511598790723

2021-10-24 23:29:54,776 DEBUG    urllib3.connectionpool https://cloudfunctions.googleapis.com:443 "GET /v1/operations/YmxlZWVlZWVmaW5nL2FzaWEtbm9ydGhlYXN0MS90cmlnZ2VyL01nWTU3eGJlVzZR?alt=json HTTP/1.1" 200 None
2021-10-24 23:29:56,642 DEBUG    urllib3.connectionpool https://cloudfunctions.googleapis.com:443 "GET /v1/operations/YmxlZWVlZWVmaW5nL2FzaWEtbm9ydGhlYXN0MS90cmlnZ2VyL01nWTU3eGJlVzZR?alt=json HTTP/1.1" 200 None
2021-10-24 23:29:58,196 DEBUG    urllib3.connectionpool https://cloudfunctions.googleapis.com:443 "GET /v1/operations/YmxlZWVlZWVmaW5nL2FzaWEtbm9ydGhlYXN0MS90cmlnZ2VyL01nWTU3eGJlVzZR?alt=json HTTP/1.1" 200 None
2021-10-24 23:30:00,548 DEBUG    urllib3.connectionpool https://cloudfunctions.googleapis.com:443 "GET /v1/operations/YmxlZWVlZWVmaW5nL2FzaWEtbm9ydGhlYXN0MS90cmlnZ2VyL01nWTU3eGJlVzZR?alt=json HTTP/1.1" 200 None
2021-10-24 23:30:02,046 DEBUG    urllib3.connectionpool https://cloudfunctions.googleapis.com:443 "GET /v1/operations/YmxlZWVlZWVmaW5nL2FzaWEtbm9ydGhlYXN0MS90cmlnZ2VyL01nWTU3eGJlVzZR?alt=json HTTP/1.1" 200 None
2021-10-24 23:30:03,617 DEBUG    urllib3.connectionpool https://cloudfunctions.googleapis.com:443 "GET /v1/operations/YmxlZWVlZWVmaW5nL2FzaWEtbm9ydGhlYXN0MS90cmlnZ2VyL01nWTU3eGJlVzZR?alt=json HTTP/1.1" 200 None
2021-10-24 23:30:05,413 DEBUG    urllib3.connectionpool https://cloudfunctions.googleapis.com:443 "GET /v1/operations/YmxlZWVlZWVmaW5nL2FzaWEtbm9ydGhlYXN0MS90cmlnZ2VyL01nWTU3eGJlVzZR?alt=json HTTP/1.1" 200 None
2021-10-24 23:30:07,473 DEBUG    urllib3.connectionpool https://cloudfunctions.googleapis.com:443 "GET /v1/operations/YmxlZWVlZWVmaW5nL2FzaWEtbm9ydGhlYXN0MS90cmlnZ2VyL01nWTU3eGJlVzZR?alt=json HTTP/1.1" 200 None
2021-10-24 23:30:09,796 DEBUG    urllib3.connectionpool https://cloudfunctions.googleapis.com:443 "GET /v1/operations/YmxlZWVlZWVmaW5nL2FzaWEtbm9ydGhlYXN0MS90cmlnZ2VyL01nWTU3eGJlVzZR?alt=json HTTP/1.1" 200 None
2021-10-24 23:30:12,116 DEBUG    urllib3.connectionpool https://cloudfunctions.googleapis.com:443 "GET /v1/operations/YmxlZWVlZWVmaW5nL2FzaWEtbm9ydGhlYXN0MS90cmlnZ2VyL01nWTU3eGJlVzZR?alt=json HTTP/1.1" 200 None
2021-10-24 23:30:14,433 DEBUG    urllib3.connectionpool https://cloudfunctions.googleapis.com:443 "GET /v1/operations/YmxlZWVlZWVmaW5nL2FzaWEtbm9ydGhlYXN0MS90cmlnZ2VyL01nWTU3eGJlVzZR?alt=json HTTP/1.1" 200 None
2021-10-24 23:30:16,095 DEBUG    urllib3.connectionpool https://cloudfunctions.googleapis.com:443 "GET /v1/operations/YmxlZWVlZWVmaW5nL2FzaWEtbm9ydGhlYXN0MS90cmlnZ2VyL01nWTU3eGJlVzZR?alt=json HTTP/1.1" 200 None
2021-10-24 23:30:18,020 DEBUG    urllib3.connectionpool https://cloudfunctions.googleapis.com:443 "GET /v1/operations/YmxlZWVlZWVmaW5nL2FzaWEtbm9ydGhlYXN0MS90cmlnZ2VyL01nWTU3eGJlVzZR?alt=json HTTP/1.1" 200 None
2021-10-24 23:30:20,413 DEBUG    urllib3.connectionpool https://cloudfunctions.googleapis.com:443 "GET /v1/operations/YmxlZWVlZWVmaW5nL2FzaWEtbm9ydGhlYXN0MS90cmlnZ2VyL01nWTU3eGJlVzZR?alt=json HTTP/1.1" 200 None
2021-10-24 23:30:22,469 DEBUG    urllib3.connectionpool https://cloudfunctions.googleapis.com:443 "GET /v1/operations/YmxlZWVlZWVmaW5nL2FzaWEtbm9ydGhlYXN0MS90cmlnZ2VyL01nWTU3eGJlVzZR?alt=json HTTP/1.1" 200 None
2021-10-24 23:30:24,863 DEBUG    urllib3.connectionpool https://cloudfunctions.googleapis.com:443 "GET /v1/operations/YmxlZWVlZWVmaW5nL2FzaWEtbm9ydGhlYXN0MS90cmlnZ2VyL01nWTU3eGJlVzZR?alt=json HTTP/1.1" 200 None
2021-10-24 23:30:26,869 DEBUG    urllib3.connectionpool https://cloudfunctions.googleapis.com:443 "GET /v1/operations/YmxlZWVlZWVmaW5nL2FzaWEtbm9ydGhlYXN0MS90cmlnZ2VyL01nWTU3eGJlVzZR?alt=json HTTP/1.1" 200 None
2021-10-24 23:30:28,603 DEBUG    urllib3.connectionpool https://cloudfunctions.googleapis.com:443 "GET /v1/operations/YmxlZWVlZWVmaW5nL2FzaWEtbm9ydGhlYXN0MS90cmlnZ2VyL01nWTU3eGJlVzZR?alt=json HTTP/1.1" 200 None
2021-10-24 23:30:30,965 DEBUG    urllib3.connectionpool https://cloudfunctions.googleapis.com:443 "GET /v1/operations/YmxlZWVlZWVmaW5nL2FzaWEtbm9ydGhlYXN0MS90cmlnZ2VyL01nWTU3eGJlVzZR?alt=json HTTP/1.1" 200 None
2021-10-24 23:30:33,104 DEBUG    urllib3.connectionpool https://cloudfunctions.googleapis.com:443 "GET /v1/operations/YmxlZWVlZWVmaW5nL2FzaWEtbm9ydGhlYXN0MS90cmlnZ2VyL01nWTU3eGJlVzZR?alt=json HTTP/1.1" 200 None
2021-10-24 23:30:34,691 DEBUG    urllib3.connectionpool https://cloudfunctions.googleapis.com:443 "GET /v1/operations/YmxlZWVlZWVmaW5nL2FzaWEtbm9ydGhlYXN0MS90cmlnZ2VyL01nWTU3eGJlVzZR?alt=json HTTP/1.1" 200 None
2021-10-24 23:30:37,014 DEBUG    urllib3.connectionpool https://cloudfunctions.googleapis.com:443 "GET /v1/operations/YmxlZWVlZWVmaW5nL2FzaWEtbm9ydGhlYXN0MS90cmlnZ2VyL01nWTU3eGJlVzZR?alt=json HTTP/1.1" 200 None
2021-10-24 23:30:38,336 DEBUG    urllib3.connectionpool https://cloudfunctions.googleapis.com:443 "GET /v1/operations/YmxlZWVlZWVmaW5nL2FzaWEtbm9ydGhlYXN0MS90cmlnZ2VyL01nWTU3eGJlVzZR?alt=json HTTP/1.1" 200 None
2021-10-24 23:30:40,380 DEBUG    urllib3.connectionpool https://cloudfunctions.googleapis.com:443 "GET /v1/operations/YmxlZWVlZWVmaW5nL2FzaWEtbm9ydGhlYXN0MS90cmlnZ2VyL01nWTU3eGJlVzZR?alt=json HTTP/1.1" 200 None
2021-10-24 23:30:41,854 DEBUG    urllib3.connectionpool https://cloudfunctions.googleapis.com:443 "GET /v1/operations/YmxlZWVlZWVmaW5nL2FzaWEtbm9ydGhlYXN0MS90cmlnZ2VyL01nWTU3eGJlVzZR?alt=json HTTP/1.1" 200 None
2021-10-24 23:30:44,110 DEBUG    urllib3.connectionpool https://cloudfunctions.googleapis.com:443 "GET /v1/operations/YmxlZWVlZWVmaW5nL2FzaWEtbm9ydGhlYXN0MS90cmlnZ2VyL01nWTU3eGJlVzZR?alt=json HTTP/1.1" 200 None
2021-10-24 23:30:45,880 DEBUG    urllib3.connectionpool https://cloudfunctions.googleapis.com:443 "GET /v1/operations/YmxlZWVlZWVmaW5nL2FzaWEtbm9ydGhlYXN0MS90cmlnZ2VyL01nWTU3eGJlVzZR?alt=json HTTP/1.1" 200 None
2021-10-24 23:30:47,418 DEBUG    urllib3.connectionpool https://cloudfunctions.googleapis.com:443 "GET /v1/operations/YmxlZWVlZWVmaW5nL2FzaWEtbm9ydGhlYXN0MS90cmlnZ2VyL01nWTU3eGJlVzZR?alt=json HTTP/1.1" 200 None
2021-10-24 23:30:49,398 DEBUG    urllib3.connectionpool https://cloudfunctions.googleapis.com:443 "GET /v1/operations/YmxlZWVlZWVmaW5nL2FzaWEtbm9ydGhlYXN0MS90cmlnZ2VyL01nWTU3eGJlVzZR?alt=json HTTP/1.1" 200 None
2021-10-24 23:30:51,059 DEBUG    urllib3.connectionpool https://cloudfunctions.googleapis.com:443 "GET /v1/operations/YmxlZWVlZWVmaW5nL2FzaWEtbm9ydGhlYXN0MS90cmlnZ2VyL01nWTU3eGJlVzZR?alt=json HTTP/1.1" 200 None
2021-10-24 23:30:52,483 DEBUG    urllib3.connectionpool https://cloudfunctions.googleapis.com:443 "GET /v1/operations/YmxlZWVlZWVmaW5nL2FzaWEtbm9ydGhlYXN0MS90cmlnZ2VyL01nWTU3eGJlVzZR?alt=json HTTP/1.1" 200 None
2021-10-24 23:30:54,085 DEBUG    urllib3.connectionpool https://cloudfunctions.googleapis.com:443 "GET /v1/operations/YmxlZWVlZWVmaW5nL2FzaWEtbm9ydGhlYXN0MS90cmlnZ2VyL01nWTU3eGJlVzZR?alt=json HTTP/1.1" 200 None
2021-10-24 23:30:55,813 DEBUG    urllib3.connectionpool https://cloudfunctions.googleapis.com:443 "GET /v1/operations/YmxlZWVlZWVmaW5nL2FzaWEtbm9ydGhlYXN0MS90cmlnZ2VyL01nWTU3eGJlVzZR?alt=json HTTP/1.1" 200 None
2021-10-24 23:30:58,039 DEBUG    urllib3.connectionpool https://cloudfunctions.googleapis.com:443 "GET /v1/operations/YmxlZWVlZWVmaW5nL2FzaWEtbm9ydGhlYXN0MS90cmlnZ2VyL01nWTU3eGJlVzZR?alt=json HTTP/1.1" 200 None
2021-10-24 23:30:59,529 DEBUG    urllib3.connectionpool https://cloudfunctions.googleapis.com:443 "GET /v1/operations/YmxlZWVlZWVmaW5nL2FzaWEtbm9ydGhlYXN0MS90cmlnZ2VyL01nWTU3eGJlVzZR?alt=json HTTP/1.1" 200 None
2021-10-24 23:31:01,373 DEBUG    urllib3.connectionpool https://cloudfunctions.googleapis.com:443 "GET /v1/operations/YmxlZWVlZWVmaW5nL2FzaWEtbm9ydGhlYXN0MS90cmlnZ2VyL01nWTU3eGJlVzZR?alt=json HTTP/1.1" 200 None
2021-10-24 23:31:02,938 DEBUG    urllib3.connectionpool https://cloudfunctions.googleapis.com:443 "GET /v1/operations/YmxlZWVlZWVmaW5nL2FzaWEtbm9ydGhlYXN0MS90cmlnZ2VyL01nWTU3eGJlVzZR?alt=json HTTP/1.1" 200 None
2021-10-24 23:31:05,065 DEBUG    urllib3.connectionpool https://cloudfunctions.googleapis.com:443 "GET /v1/operations/YmxlZWVlZWVmaW5nL2FzaWEtbm9ydGhlYXN0MS90cmlnZ2VyL01nWTU3eGJlVzZR?alt=json HTTP/1.1" 200 None
2021-10-24 23:31:06,340 DEBUG    urllib3.connectionpool https://cloudfunctions.googleapis.com:443 "GET /v1/operations/YmxlZWVlZWVmaW5nL2FzaWEtbm9ydGhlYXN0MS90cmlnZ2VyL01nWTU3eGJlVzZR?alt=json HTTP/1.1" 200 None
2021-10-24 23:31:08,693 DEBUG    urllib3.connectionpool https://cloudfunctions.googleapis.com:443 "GET /v1/operations/YmxlZWVlZWVmaW5nL2FzaWEtbm9ydGhlYXN0MS90cmlnZ2VyL01nWTU3eGJlVzZR?alt=json HTTP/1.1" 200 None
2021-10-24 23:31:11,017 DEBUG    urllib3.connectionpool https://cloudfunctions.googleapis.com:443 "GET /v1/operations/YmxlZWVlZWVmaW5nL2FzaWEtbm9ydGhlYXN0MS90cmlnZ2VyL01nWTU3eGJlVzZR?alt=json HTTP/1.1" 200 None
2021-10-24 23:31:12,784 DEBUG    urllib3.connectionpool https://cloudfunctions.googleapis.com:443 "GET /v1/operations/YmxlZWVlZWVmaW5nL2FzaWEtbm9ydGhlYXN0MS90cmlnZ2VyL01nWTU3eGJlVzZR?alt=json HTTP/1.1" 200 None
2021-10-24 23:31:14,418 DEBUG    urllib3.connectionpool https://cloudfunctions.googleapis.com:443 "GET /v1/operations/YmxlZWVlZWVmaW5nL2FzaWEtbm9ydGhlYXN0MS90cmlnZ2VyL01nWTU3eGJlVzZR?alt=json HTTP/1.1" 200 None
2021-10-24 23:31:16,510 DEBUG    urllib3.connectionpool https://cloudfunctions.googleapis.com:443 "GET /v1/operations/YmxlZWVlZWVmaW5nL2FzaWEtbm9ydGhlYXN0MS90cmlnZ2VyL01nWTU3eGJlVzZR?alt=json HTTP/1.1" 200 None
2021-10-24 23:31:18,612 DEBUG    urllib3.connectionpool https://cloudfunctions.googleapis.com:443 "GET /v1/operations/YmxlZWVlZWVmaW5nL2FzaWEtbm9ydGhlYXN0MS90cmlnZ2VyL01nWTU3eGJlVzZR?alt=json HTTP/1.1" 200 None
2021-10-24 23:31:19,993 DEBUG    urllib3.connectionpool https://cloudfunctions.googleapis.com:443 "GET /v1/operations/YmxlZWVlZWVmaW5nL2FzaWEtbm9ydGhlYXN0MS90cmlnZ2VyL01nWTU3eGJlVzZR?alt=json HTTP/1.1" 200 None
2021-10-24 23:31:22,069 DEBUG    urllib3.connectionpool https://cloudfunctions.googleapis.com:443 "GET /v1/operations/YmxlZWVlZWVmaW5nL2FzaWEtbm9ydGhlYXN0MS90cmlnZ2VyL01nWTU3eGJlVzZR?alt=json HTTP/1.1" 200 None
2021-10-24 23:31:23,778 DEBUG    urllib3.connectionpool https://cloudfunctions.googleapis.com:443 "GET /v1/operations/YmxlZWVlZWVmaW5nL2FzaWEtbm9ydGhlYXN0MS90cmlnZ2VyL01nWTU3eGJlVzZR?alt=json HTTP/1.1" 200 None
2021-10-24 23:31:25,074 DEBUG    urllib3.connectionpool https://cloudfunctions.googleapis.com:443 "GET /v1/operations/YmxlZWVlZWVmaW5nL2FzaWEtbm9ydGhlYXN0MS90cmlnZ2VyL01nWTU3eGJlVzZR?alt=json HTTP/1.1" 200 None
2021-10-24 23:31:27,288 DEBUG    urllib3.connectionpool https://cloudfunctions.googleapis.com:443 "GET /v1/operations/YmxlZWVlZWVmaW5nL2FzaWEtbm9ydGhlYXN0MS90cmlnZ2VyL01nWTU3eGJlVzZR?alt=json HTTP/1.1" 200 None
2021-10-24 23:31:29,640 DEBUG    urllib3.connectionpool https://cloudfunctions.googleapis.com:443 "GET /v1/operations/YmxlZWVlZWVmaW5nL2FzaWEtbm9ydGhlYXN0MS90cmlnZ2VyL01nWTU3eGJlVzZR?alt=json HTTP/1.1" 200 None
2021-10-24 23:31:31,684 DEBUG    urllib3.connectionpool https://cloudfunctions.googleapis.com:443 "GET /v1/operations/YmxlZWVlZWVmaW5nL2FzaWEtbm9ydGhlYXN0MS90cmlnZ2VyL01nWTU3eGJlVzZR?alt=json HTTP/1.1" 200 None
2021-10-24 23:31:33,505 DEBUG    urllib3.connectionpool https://cloudfunctions.googleapis.com:443 "GET /v1/operations/YmxlZWVlZWVmaW5nL2FzaWEtbm9ydGhlYXN0MS90cmlnZ2VyL01nWTU3eGJlVzZR?alt=json HTTP/1.1" 200 None
2021-10-24 23:31:35,530 DEBUG    urllib3.connectionpool https://cloudfunctions.googleapis.com:443 "GET /v1/operations/YmxlZWVlZWVmaW5nL2FzaWEtbm9ydGhlYXN0MS90cmlnZ2VyL01nWTU3eGJlVzZR?alt=json HTTP/1.1" 200 None
2021-10-24 23:31:37,208 DEBUG    urllib3.connectionpool https://cloudfunctions.googleapis.com:443 "GET /v1/operations/YmxlZWVlZWVmaW5nL2FzaWEtbm9ydGhlYXN0MS90cmlnZ2VyL01nWTU3eGJlVzZR?alt=json HTTP/1.1" 200 None
2021-10-24 23:31:39,293 DEBUG    urllib3.connectionpool https://cloudfunctions.googleapis.com:443 "GET /v1/operations/YmxlZWVlZWVmaW5nL2FzaWEtbm9ydGhlYXN0MS90cmlnZ2VyL01nWTU3eGJlVzZR?alt=json HTTP/1.1" 200 None
2021-10-24 23:31:41,033 DEBUG    urllib3.connectionpool https://cloudfunctions.googleapis.com:443 "GET /v1/operations/YmxlZWVlZWVmaW5nL2FzaWEtbm9ydGhlYXN0MS90cmlnZ2VyL01nWTU3eGJlVzZR?alt=json HTTP/1.1" 200 None
2021-10-24 23:31:42,913 DEBUG    urllib3.connectionpool https://cloudfunctions.googleapis.com:443 "GET /v1/operations/YmxlZWVlZWVmaW5nL2FzaWEtbm9ydGhlYXN0MS90cmlnZ2VyL01nWTU3eGJlVzZR?alt=json HTTP/1.1" 200 None
2021-10-24 23:31:44,907 DEBUG    urllib3.connectionpool https://cloudfunctions.googleapis.com:443 "GET /v1/operations/YmxlZWVlZWVmaW5nL2FzaWEtbm9ydGhlYXN0MS90cmlnZ2VyL01nWTU3eGJlVzZR?alt=json HTTP/1.1" 200 None
2021-10-24 23:31:46,647 DEBUG    urllib3.connectionpool https://cloudfunctions.googleapis.com:443 "GET /v1/operations/YmxlZWVlZWVmaW5nL2FzaWEtbm9ydGhlYXN0MS90cmlnZ2VyL01nWTU3eGJlVzZR?alt=json HTTP/1.1" 200 None
2021-10-24 23:31:48,483 DEBUG    urllib3.connectionpool https://cloudfunctions.googleapis.com:443 "GET /v1/operations/YmxlZWVlZWVmaW5nL2FzaWEtbm9ydGhlYXN0MS90cmlnZ2VyL01nWTU3eGJlVzZR?alt=json HTTP/1.1" 200 None
2021-10-24 23:31:50,742 DEBUG    urllib3.connectionpool https://cloudfunctions.googleapis.com:443 "GET /v1/operations/YmxlZWVlZWVmaW5nL2FzaWEtbm9ydGhlYXN0MS90cmlnZ2VyL01nWTU3eGJlVzZR?alt=json HTTP/1.1" 200 None
2021-10-24 23:31:52,258 DEBUG    urllib3.connectionpool https://cloudfunctions.googleapis.com:443 "GET /v1/operations/YmxlZWVlZWVmaW5nL2FzaWEtbm9ydGhlYXN0MS90cmlnZ2VyL01nWTU3eGJlVzZR?alt=json HTTP/1.1" 200 None
2021-10-24 23:31:53,799 DEBUG    urllib3.connectionpool https://cloudfunctions.googleapis.com:443 "GET /v1/operations/YmxlZWVlZWVmaW5nL2FzaWEtbm9ydGhlYXN0MS90cmlnZ2VyL01nWTU3eGJlVzZR?alt=json HTTP/1.1" 200 None
2021-10-24 23:31:53,825 DEBUG    urllib3.connectionpool Starting new HTTPS connection (1): cloudfunctions.googleapis.com:443
2021-10-24 23:31:54,522 DEBUG    urllib3.connectionpool https://cloudfunctions.googleapis.com:443 "GET /v1/projects/bleeeeeefing/locations/asia-northeast1/functions/trigger?alt=json HTTP/1.1" 200 None
2021-10-24 23:31:54,526 INFO     root            Display format: "default"
2021-10-24 23:31:54,533 INFO     ___FILE_ONLY___ availableMemoryMb
2021-10-24 23:31:54,534 INFO     ___FILE_ONLY___ :
2021-10-24 23:31:54,534 INFO     ___FILE_ONLY___  
2021-10-24 23:31:54,534 INFO     ___FILE_ONLY___ 256
2021-10-24 23:31:54,534 INFO     ___FILE_ONLY___ 

2021-10-24 23:31:54,534 INFO     ___FILE_ONLY___ buildId
2021-10-24 23:31:54,536 INFO     ___FILE_ONLY___ :
2021-10-24 23:31:54,537 INFO     ___FILE_ONLY___  
2021-10-24 23:31:54,537 INFO     ___FILE_ONLY___ 372d85a9-b696-437f-a8c4-ae5460fd7255
2021-10-24 23:31:54,538 INFO     ___FILE_ONLY___ 

2021-10-24 23:31:54,539 INFO     ___FILE_ONLY___ buildName
2021-10-24 23:31:54,540 INFO     ___FILE_ONLY___ :
2021-10-24 23:31:54,541 INFO     ___FILE_ONLY___  
2021-10-24 23:31:54,541 INFO     ___FILE_ONLY___ projects/511598790723/locations/asia-northeast1/builds/372d85a9-b696-437f-a8c4-ae5460fd7255
2021-10-24 23:31:54,542 INFO     ___FILE_ONLY___ 

2021-10-24 23:31:54,542 INFO     ___FILE_ONLY___ entryPoint
2021-10-24 23:31:54,543 INFO     ___FILE_ONLY___ :
2021-10-24 23:31:54,543 INFO     ___FILE_ONLY___  
2021-10-24 23:31:54,543 INFO     ___FILE_ONLY___ trigger
2021-10-24 23:31:54,543 INFO     ___FILE_ONLY___ 

2021-10-24 23:31:54,544 INFO     ___FILE_ONLY___ eventTrigger
2021-10-24 23:31:54,544 INFO     ___FILE_ONLY___ :
2021-10-24 23:31:54,544 INFO     ___FILE_ONLY___ 

2021-10-24 23:31:54,544 INFO     ___FILE_ONLY___   
2021-10-24 23:31:54,544 INFO     ___FILE_ONLY___ eventType
2021-10-24 23:31:54,545 INFO     ___FILE_ONLY___ :
2021-10-24 23:31:54,545 INFO     ___FILE_ONLY___  
2021-10-24 23:31:54,545 INFO     ___FILE_ONLY___ google.pubsub.topic.publish
2021-10-24 23:31:54,545 INFO     ___FILE_ONLY___ 

2021-10-24 23:31:54,546 INFO     ___FILE_ONLY___   
2021-10-24 23:31:54,546 INFO     ___FILE_ONLY___ failurePolicy
2021-10-24 23:31:54,547 INFO     ___FILE_ONLY___ :
2021-10-24 23:31:54,548 INFO     ___FILE_ONLY___  {
2021-10-24 23:31:54,548 INFO     ___FILE_ONLY___ }
2021-10-24 23:31:54,549 INFO     ___FILE_ONLY___ 

2021-10-24 23:31:54,550 INFO     ___FILE_ONLY___   
2021-10-24 23:31:54,550 INFO     ___FILE_ONLY___ resource
2021-10-24 23:31:54,551 INFO     ___FILE_ONLY___ :
2021-10-24 23:31:54,551 INFO     ___FILE_ONLY___  
2021-10-24 23:31:54,551 INFO     ___FILE_ONLY___ projects/bleeeeeefing/topics/daily-bleeeeeefing-topic
2021-10-24 23:31:54,551 INFO     ___FILE_ONLY___ 

2021-10-24 23:31:54,552 INFO     ___FILE_ONLY___   
2021-10-24 23:31:54,552 INFO     ___FILE_ONLY___ service
2021-10-24 23:31:54,552 INFO     ___FILE_ONLY___ :
2021-10-24 23:31:54,553 INFO     ___FILE_ONLY___  
2021-10-24 23:31:54,553 INFO     ___FILE_ONLY___ pubsub.googleapis.com
2021-10-24 23:31:54,553 INFO     ___FILE_ONLY___ 

2021-10-24 23:31:54,553 INFO     ___FILE_ONLY___ ingressSettings
2021-10-24 23:31:54,554 INFO     ___FILE_ONLY___ :
2021-10-24 23:31:54,554 INFO     ___FILE_ONLY___  
2021-10-24 23:31:54,554 INFO     ___FILE_ONLY___ ALLOW_ALL
2021-10-24 23:31:54,554 INFO     ___FILE_ONLY___ 

2021-10-24 23:31:54,554 INFO     ___FILE_ONLY___ labels
2021-10-24 23:31:54,554 INFO     ___FILE_ONLY___ :
2021-10-24 23:31:54,555 INFO     ___FILE_ONLY___ 

2021-10-24 23:31:54,555 INFO     ___FILE_ONLY___   
2021-10-24 23:31:54,555 INFO     ___FILE_ONLY___ deployment-tool
2021-10-24 23:31:54,555 INFO     ___FILE_ONLY___ :
2021-10-24 23:31:54,555 INFO     ___FILE_ONLY___  
2021-10-24 23:31:54,555 INFO     ___FILE_ONLY___ cli-gcloud
2021-10-24 23:31:54,556 INFO     ___FILE_ONLY___ 

2021-10-24 23:31:54,556 INFO     ___FILE_ONLY___ name
2021-10-24 23:31:54,556 INFO     ___FILE_ONLY___ :
2021-10-24 23:31:54,556 INFO     ___FILE_ONLY___  
2021-10-24 23:31:54,556 INFO     ___FILE_ONLY___ projects/bleeeeeefing/locations/asia-northeast1/functions/trigger
2021-10-24 23:31:54,556 INFO     ___FILE_ONLY___ 

2021-10-24 23:31:54,557 INFO     ___FILE_ONLY___ runtime
2021-10-24 23:31:54,557 INFO     ___FILE_ONLY___ :
2021-10-24 23:31:54,557 INFO     ___FILE_ONLY___  
2021-10-24 23:31:54,557 INFO     ___FILE_ONLY___ python38
2021-10-24 23:31:54,558 INFO     ___FILE_ONLY___ 

2021-10-24 23:31:54,558 INFO     ___FILE_ONLY___ serviceAccountEmail
2021-10-24 23:31:54,559 INFO     ___FILE_ONLY___ :
2021-10-24 23:31:54,560 INFO     ___FILE_ONLY___  
2021-10-24 23:31:54,560 INFO     ___FILE_ONLY___ bleeeeeefing@appspot.gserviceaccount.com
2021-10-24 23:31:54,561 INFO     ___FILE_ONLY___ 

2021-10-24 23:31:54,563 INFO     ___FILE_ONLY___ sourceUploadUrl
2021-10-24 23:31:54,563 INFO     ___FILE_ONLY___ :
2021-10-24 23:31:54,564 INFO     ___FILE_ONLY___  
2021-10-24 23:31:54,564 INFO     ___FILE_ONLY___ https://storage.googleapis.com/gcf-upload-asia-northeast1-59ec7191-8a04-4bd0-a503-aa7afcef316f/b7ed00f4-d8f1-48c0-b4e0-c0763be68ebd.zip
2021-10-24 23:31:54,565 INFO     ___FILE_ONLY___ 

2021-10-24 23:31:54,565 INFO     ___FILE_ONLY___ status
2021-10-24 23:31:54,565 INFO     ___FILE_ONLY___ :
2021-10-24 23:31:54,565 INFO     ___FILE_ONLY___  
2021-10-24 23:31:54,565 INFO     ___FILE_ONLY___ ACTIVE
2021-10-24 23:31:54,565 INFO     ___FILE_ONLY___ 

2021-10-24 23:31:54,566 INFO     ___FILE_ONLY___ timeout
2021-10-24 23:31:54,566 INFO     ___FILE_ONLY___ :
2021-10-24 23:31:54,566 INFO     ___FILE_ONLY___  
2021-10-24 23:31:54,566 INFO     ___FILE_ONLY___ 60s
2021-10-24 23:31:54,566 INFO     ___FILE_ONLY___ 

2021-10-24 23:31:54,570 INFO     ___FILE_ONLY___ updateTime
2021-10-24 23:31:54,570 INFO     ___FILE_ONLY___ :
2021-10-24 23:31:54,571 INFO     ___FILE_ONLY___  '
2021-10-24 23:31:54,571 INFO     ___FILE_ONLY___ 2021-10-24T14:31:52.716Z
2021-10-24 23:31:54,571 INFO     ___FILE_ONLY___ '
2021-10-24 23:31:54,572 INFO     ___FILE_ONLY___ 

2021-10-24 23:31:54,572 INFO     ___FILE_ONLY___ versionId
2021-10-24 23:31:54,572 INFO     ___FILE_ONLY___ :
2021-10-24 23:31:54,573 INFO     ___FILE_ONLY___  '
2021-10-24 23:31:54,573 INFO     ___FILE_ONLY___ 1
2021-10-24 23:31:54,573 INFO     ___FILE_ONLY___ '
2021-10-24 23:31:54,574 INFO     ___FILE_ONLY___ 

2021-10-24 23:31:54,602 DEBUG    root            Metrics reporting process started...
