2021-10-24 23:25:13,560 DEBUG    root            Loaded Command Group: ['gcloud', 'functions']
2021-10-24 23:25:13,573 DEBUG    root            Loaded Command Group: ['gcloud', 'functions', 'list']
2021-10-24 23:25:13,577 DEBUG    root            Running [gcloud.functions.list] with arguments: []
2021-10-24 23:25:13,618 INFO     root            Display format: "table(name.basename(), status, trigger():label=TRIGGER, name.scope("locations").segment(0):label=REGION)"
2021-10-24 23:25:13,693 DEBUG    urllib3.connectionpool Starting new HTTPS connection (1): cloudfunctions.googleapis.com:443
2021-10-24 23:25:14,412 DEBUG    urllib3.connectionpool https://cloudfunctions.googleapis.com:443 "GET /v1/projects/bleeeeeefing/locations/-/functions?alt=json&pageSize=100 HTTP/1.1" 200 None
2021-10-24 23:25:14,417 INFO     ___FILE_ONLY___ NAME
2021-10-24 23:25:14,417 INFO     ___FILE_ONLY___                      
2021-10-24 23:25:14,417 INFO     ___FILE_ONLY___ STATUS
2021-10-24 23:25:14,418 INFO     ___FILE_ONLY___   
2021-10-24 23:25:14,418 INFO     ___FILE_ONLY___ TRIGGER
2021-10-24 23:25:14,418 INFO     ___FILE_ONLY___         
2021-10-24 23:25:14,418 INFO     ___FILE_ONLY___ REGION
2021-10-24 23:25:14,418 INFO     ___FILE_ONLY___ 

2021-10-24 23:25:14,418 INFO     ___FILE_ONLY___ post_daily_bleeeeeefing
2021-10-24 23:25:14,419 INFO     ___FILE_ONLY___   
2021-10-24 23:25:14,419 INFO     ___FILE_ONLY___ ACTIVE
2021-10-24 23:25:14,419 INFO     ___FILE_ONLY___   
2021-10-24 23:25:14,419 INFO     ___FILE_ONLY___ Event Trigger
2021-10-24 23:25:14,420 INFO     ___FILE_ONLY___   
2021-10-24 23:25:14,420 INFO     ___FILE_ONLY___ asia-northeast1
2021-10-24 23:25:14,420 INFO     ___FILE_ONLY___ 

2021-10-24 23:25:14,441 DEBUG    root            Metrics reporting process started...
