2021-10-24 23:51:38,142 DEBUG    root            Loaded Command Group: ['gcloud', 'functions']
2021-10-24 23:51:38,203 DEBUG    root            Loaded Command Group: ['gcloud', 'functions', 'deploy']
2021-10-24 23:51:38,221 DEBUG    root            Running [gcloud.functions.deploy] with arguments: [--region: "asia-northeast1", --runtime: "python38", --trigger-topic: "daily-bleeeeeefing-topic", NAME: "trigger"]
2021-10-24 23:51:38,243 DEBUG    urllib3.connectionpool Starting new HTTPS connection (1): cloudfunctions.googleapis.com:443
2021-10-24 23:51:38,793 DEBUG    urllib3.connectionpool https://cloudfunctions.googleapis.com:443 "GET /v1/projects/bleeeeeefing/locations/asia-northeast1/functions/trigger?alt=json HTTP/1.1" 200 None
2021-10-24 23:51:38,806 INFO     root            Using ignore file at [./.gcloudignore].
2021-10-24 23:51:38,825 DEBUG    root            Skipping file [./.gitignore]
2021-10-24 23:51:38,826 DEBUG    root            Skipping file [./.env]
2021-10-24 23:51:38,828 DEBUG    root            Skipping file [./.gcloudignore]
2021-10-24 23:51:38,837 DEBUG    root            Skipping file [./ableef/__pycache__/__init__.cpython-38.pyc]
2021-10-24 23:51:38,840 DEBUG    root            Skipping file [./ableef/__pycache__/lib.cpython-38.pyc]
2021-10-24 23:51:38,842 DEBUG    root            Skipping file [./.pytest_cache/CACHEDIR.TAG]
2021-10-24 23:51:38,843 DEBUG    root            Skipping file [./.pytest_cache/README.md]
2021-10-24 23:51:38,845 DEBUG    root            Skipping file [./.pytest_cache/.gitignore]
2021-10-24 23:51:38,846 DEBUG    root            Skipping file [./.pytest_cache/v/cache/nodeids]
2021-10-24 23:51:38,847 DEBUG    root            Skipping file [./.pytest_cache/v/cache/lastfailed]
2021-10-24 23:51:38,848 DEBUG    root            Skipping file [./.pytest_cache/v/cache/stepwise]
2021-10-24 23:51:38,854 DEBUG    root            Skipping file [./tests/__pycache__/__init__.cpython-38.pyc]
2021-10-24 23:51:38,856 DEBUG    root            Skipping file [./tests/__pycache__/test_ableef.cpython-38-pytest-5.4.3.pyc]
2021-10-24 23:51:38,857 DEBUG    root            Skipping file [./tests/__pycache__/conftest.cpython-38-pytest-5.4.3.pyc]
2021-10-24 23:51:38,858 DEBUG    root            Skipping file [./.git/config]
2021-10-24 23:51:38,859 DEBUG    root            Skipping file [./.git/HEAD]
2021-10-24 23:51:38,860 DEBUG    root            Skipping file [./.git/description]
2021-10-24 23:51:38,861 DEBUG    root            Skipping file [./.git/index]
2021-10-24 23:51:38,862 DEBUG    root            Skipping file [./.git/COMMIT_EDITMSG]
2021-10-24 23:51:38,863 DEBUG    root            Skipping file [./.git/FETCH_HEAD]
2021-10-24 23:51:38,865 DEBUG    root            Skipping file [./.git/objects/61/8bab647912eef812903dedc10845bed0e36e0c]
2021-10-24 23:51:38,866 DEBUG    root            Skipping file [./.git/objects/50/ac18aac129bec0fdf7af28f432a685abcdc412]
2021-10-24 23:51:38,867 DEBUG    root            Skipping file [./.git/objects/03/3988fbb0f84b887ce375d7816b19548e8f97b7]
2021-10-24 23:51:38,868 DEBUG    root            Skipping file [./.git/objects/69/62676eaa56c7ece1df34cd8801e520d11ba392]
2021-10-24 23:51:38,868 DEBUG    root            Skipping file [./.git/objects/3c/0358cb06427cb3a728e603e2fe2746cd758118]
2021-10-24 23:51:38,869 DEBUG    root            Skipping file [./.git/objects/56/f2ec808d13a997c0130bca49d76af535362a8d]
2021-10-24 23:51:38,870 DEBUG    root            Skipping file [./.git/objects/3d/c1f76bc69e3f559bee6253b24fc93acee9e1f9]
2021-10-24 23:51:38,871 DEBUG    root            Skipping file [./.git/objects/9d/8b6f0ef2df3ada41c086592af64b150e7abd29]
2021-10-24 23:51:38,872 DEBUG    root            Skipping file [./.git/objects/bb/f945884a028279cc8c9fb897ae0f697ace3fa1]
2021-10-24 23:51:38,873 DEBUG    root            Skipping file [./.git/objects/df/88c2d14c557a9d7ccd132f541ab09cbae1327b]
2021-10-24 23:51:38,874 DEBUG    root            Skipping file [./.git/objects/a2/eb4d2016c3b97baf8fb0a41e3f49fcd98d5e82]
2021-10-24 23:51:38,875 DEBUG    root            Skipping file [./.git/objects/bd/82d79f15d5a72b8c3a88e6e7e90d6685b34fe5]
2021-10-24 23:51:38,876 DEBUG    root            Skipping file [./.git/objects/bd/137534cd7f78f5561c27577a9f38042f762322]
2021-10-24 23:51:38,877 DEBUG    root            Skipping file [./.git/objects/d6/8f7826234a72f3ca4af20dff5159b7d3e4aa3c]
2021-10-24 23:51:38,878 DEBUG    root            Skipping file [./.git/objects/bc/e982c9eb798898458ddbd2f198c10af0c59ce4]
2021-10-24 23:51:38,878 DEBUG    root            Skipping file [./.git/objects/ae/5e8895b0b4d1084c1095d5a43053d47225910b]
2021-10-24 23:51:38,879 DEBUG    root            Skipping file [./.git/objects/d8/5fc56f12061f57b72985a24468b235e41ef0ff]
2021-10-24 23:51:38,880 DEBUG    root            Skipping file [./.git/objects/e2/78cca896f5268ee92d196980bd94674b57da74]
2021-10-24 23:51:38,881 DEBUG    root            Skipping file [./.git/objects/ee/4739fa7ec52f0e4089f3ff87cdf3c44b748fdc]
2021-10-24 23:51:38,882 DEBUG    root            Skipping file [./.git/objects/f2/b1ce2cb1c73301850e9766727b01e0cf267229]
2021-10-24 23:51:38,883 DEBUG    root            Skipping file [./.git/objects/e3/9a7906582d967fe0763f4ab19640be937952f4]
2021-10-24 23:51:38,884 DEBUG    root            Skipping file [./.git/objects/ca/ed37d6907f1a6b78e477104d86930d9aa3da64]
2021-10-24 23:51:38,885 DEBUG    root            Skipping file [./.git/objects/e4/4f5cf63b73ccc4bb6847a16a2c8e02bfe222fc]
2021-10-24 23:51:38,886 DEBUG    root            Skipping file [./.git/objects/16/1610f7fd8e34de7cfb4bb71a294910869b585c]
2021-10-24 23:51:38,887 DEBUG    root            Skipping file [./.git/objects/89/9c5971704d42b2886bd3836d24abdee8b5d747]
2021-10-24 23:51:38,888 DEBUG    root            Skipping file [./.git/objects/87/0a624bfdfb7cd312c68de045b0c036daa9982f]
2021-10-24 23:51:38,889 DEBUG    root            Skipping file [./.git/objects/8f/6bab6ec5915f062e5d95926988ac0be435bbf0]
2021-10-24 23:51:38,890 DEBUG    root            Skipping file [./.git/objects/19/24d665673afa5b6beaf277dcf8e92cf17466bc]
2021-10-24 23:51:38,891 DEBUG    root            Skipping file [./.git/objects/4c/5d1a6ad7ac3513544ac0d2c9cb6178d2b3741f]
2021-10-24 23:51:38,892 DEBUG    root            Skipping file [./.git/objects/21/11128682598ee71998cda8f8b33c8e7223881f]
2021-10-24 23:51:38,893 DEBUG    root            Skipping file [./.git/objects/86/9ce171afcaf6685b78a5575bebe38391c45d06]
2021-10-24 23:51:38,894 DEBUG    root            Skipping file [./.git/objects/44/419bdf0aa93db40dda8ecbc262a8a91d611b2f]
2021-10-24 23:51:38,895 DEBUG    root            Skipping file [./.git/objects/2f/25a04b5781bd661527ed5d9ffa4c22fe5ce50a]
2021-10-24 23:51:38,896 DEBUG    root            Skipping file [./.git/objects/43/87b90eae069cc7e8d818cf593b3d6d559246e5]
2021-10-24 23:51:38,897 DEBUG    root            Skipping file [./.git/objects/38/7609e2e09575ca354260c63dca30655bb79c9f]
2021-10-24 23:51:38,898 DEBUG    root            Skipping file [./.git/objects/62/dbb46cf6e6887ba78897f4d6a393878be3e0ef]
2021-10-24 23:51:38,898 DEBUG    root            Skipping file [./.git/objects/5e/864d9039a44c9642d6a83583f0fd4730a75ac7]
2021-10-24 23:51:38,899 DEBUG    root            Skipping file [./.git/objects/39/94effe4b35d37ced28806301ff083ec896155c]
2021-10-24 23:51:38,900 DEBUG    root            Skipping file [./.git/objects/63/f7804c07ae4416283244b7204460c4044b2e68]
2021-10-24 23:51:38,901 DEBUG    root            Skipping file [./.git/objects/63/d3b5d8c0e07c984effdc5b0c1804c8f1f4928c]
2021-10-24 23:51:38,902 DEBUG    root            Skipping file [./.git/objects/b8/22b799ca78b8fa5035e10ec85ed342124cfbc5]
2021-10-24 23:51:38,903 DEBUG    root            Skipping file [./.git/objects/dd/f079aac5b30d9ab5e566757b4141c300e4e000]
2021-10-24 23:51:38,904 DEBUG    root            Skipping file [./.git/objects/b7/94fd409a5e3b3b65ad76a43d6a01a318877640]
2021-10-24 23:51:38,905 DEBUG    root            Skipping file [./.git/objects/b7/d9a98f35bd22a3509d1bcf9836b8f47a8c6533]
2021-10-24 23:51:38,906 DEBUG    root            Skipping file [./.git/objects/db/74d47e9946e1458771b47c4deb65526e5a6ff5]
2021-10-24 23:51:38,907 DEBUG    root            Skipping file [./.git/objects/a1/41131d9c534a7dadbda9ba08ea7e90d1a44b04]
2021-10-24 23:51:38,907 DEBUG    root            Skipping file [./.git/objects/e1/9f9580c87c2274df375e184f040825ebd5229a]
2021-10-24 23:51:38,909 DEBUG    root            Skipping file [./.git/objects/e6/2c839ad7d67a7ae6b9acb112d37b7e4e3d74f2]
2021-10-24 23:51:38,910 DEBUG    root            Skipping file [./.git/objects/e6/9de29bb2d1d6434b8b29ae775ad8c2e48c5391]
2021-10-24 23:51:38,911 DEBUG    root            Skipping file [./.git/objects/e8/9f5252a88af5ce7f9ce8baa7b738f303d3dbb4]
2021-10-24 23:51:38,912 DEBUG    root            Skipping file [./.git/objects/c5/ea96f2b68f81eb6914ac64c6a6ef87fb8b1e2a]
2021-10-24 23:51:38,913 DEBUG    root            Skipping file [./.git/objects/e9/1a96d5fcee31d88e50e358dbf239b89c942cb7]
2021-10-24 23:51:38,914 DEBUG    root            Skipping file [./.git/objects/e7/dbfa35dd5f23a46f1d7c511093eb2afd1e5eb3]
2021-10-24 23:51:38,915 DEBUG    root            Skipping file [./.git/objects/cb/f400544d1a4bf12c771bfff4310598985f65b1]
2021-10-24 23:51:38,916 DEBUG    root            Skipping file [./.git/objects/46/4649404034fc30d6817a43f48a37c982c3087a]
2021-10-24 23:51:38,917 DEBUG    root            Skipping file [./.git/objects/2c/cf6924d0e084c44a0ed3e100f4dd0940a4ddb8]
2021-10-24 23:51:38,918 DEBUG    root            Skipping file [./.git/objects/2d/ba17d116a37846ca1842253c07fe0d64529ac2]
2021-10-24 23:51:38,919 DEBUG    root            Skipping file [./.git/objects/84/ac8823e25570e1d8d8f816b58066c50d58af74]
2021-10-24 23:51:38,920 DEBUG    root            Skipping file [./.git/objects/84/2cfd36f5f20a4ca97a16c79f52fc24ea1e1036]
2021-10-24 23:51:38,921 DEBUG    root            Skipping file [./.git/objects/85/f36d076c011998c9ba0400d397414e9f867978]
2021-10-24 23:51:38,922 DEBUG    root            Skipping file [./.git/objects/2e/8deded3b0251332ed9d96fc4fbe314cb2a8319]
2021-10-24 23:51:38,923 DEBUG    root            Skipping file [./.git/objects/13/b3cceeaae9e5c5179c34d4f52682bdad729259]
2021-10-24 23:51:38,924 DEBUG    root            Skipping file [./.git/objects/8e/f5100b6404f54917238a94f6d5844d6cd8b734]
2021-10-24 23:51:38,925 DEBUG    root            Skipping file [./.git/info/exclude]
2021-10-24 23:51:38,926 DEBUG    root            Skipping file [./.git/logs/HEAD]
2021-10-24 23:51:38,927 DEBUG    root            Skipping file [./.git/logs/refs/heads/main]
2021-10-24 23:51:38,928 DEBUG    root            Skipping file [./.git/logs/refs/remotes/origin/main]
2021-10-24 23:51:38,929 DEBUG    root            Skipping file [./.git/hooks/commit-msg.sample]
2021-10-24 23:51:38,930 DEBUG    root            Skipping file [./.git/hooks/pre-rebase.sample]
2021-10-24 23:51:38,931 DEBUG    root            Skipping file [./.git/hooks/pre-commit.sample]
2021-10-24 23:51:38,931 DEBUG    root            Skipping file [./.git/hooks/prepare-commit-msg]
2021-10-24 23:51:38,932 DEBUG    root            Skipping file [./.git/hooks/applypatch-msg.sample]
2021-10-24 23:51:38,933 DEBUG    root            Skipping file [./.git/hooks/fsmonitor-watchman.sample]
2021-10-24 23:51:38,934 DEBUG    root            Skipping file [./.git/hooks/pre-receive.sample]
2021-10-24 23:51:38,935 DEBUG    root            Skipping file [./.git/hooks/prepare-commit-msg.sample]
2021-10-24 23:51:38,936 DEBUG    root            Skipping file [./.git/hooks/post-update.sample]
2021-10-24 23:51:38,937 DEBUG    root            Skipping file [./.git/hooks/pre-merge-commit.sample]
2021-10-24 23:51:38,937 DEBUG    root            Skipping file [./.git/hooks/pre-applypatch.sample]
2021-10-24 23:51:38,938 DEBUG    root            Skipping file [./.git/hooks/pre-push.sample]
2021-10-24 23:51:38,939 DEBUG    root            Skipping file [./.git/hooks/update.sample]
2021-10-24 23:51:38,940 DEBUG    root            Skipping file [./.git/hooks/push-to-checkout.sample]
2021-10-24 23:51:38,941 DEBUG    root            Skipping file [./.git/refs/heads/main]
2021-10-24 23:51:38,942 DEBUG    root            Skipping file [./.git/refs/remotes/origin/main]
2021-10-24 23:51:38,944 DEBUG    root            Skipping file [./.vscode/settings.json]
2021-10-24 23:51:38,948 DEBUG    root            Skipping file [./.vscode/configurationCache.log]
2021-10-24 23:51:38,949 DEBUG    root            Skipping file [./.vscode/dryrun.log]
2021-10-24 23:51:38,950 DEBUG    root            Skipping file [./.vscode/targets.log]
2021-10-24 23:51:38,952 INFO     root            Using ignore file at [./.gcloudignore].
2021-10-24 23:51:38,960 DEBUG    root            Skipping file [./.gitignore]
2021-10-24 23:51:38,961 DEBUG    root            Skipping file [./.env]
2021-10-24 23:51:38,965 DEBUG    root            Skipping file [./.gcloudignore]
2021-10-24 23:51:38,973 DEBUG    root            Skipping file [ableef/__pycache__/__init__.cpython-38.pyc]
2021-10-24 23:51:38,974 DEBUG    root            Skipping file [ableef/__pycache__/lib.cpython-38.pyc]
2021-10-24 23:51:38,975 DEBUG    root            Skipping file [.pytest_cache/CACHEDIR.TAG]
2021-10-24 23:51:38,975 DEBUG    root            Skipping file [.pytest_cache/README.md]
2021-10-24 23:51:38,976 DEBUG    root            Skipping file [.pytest_cache/.gitignore]
2021-10-24 23:51:38,976 DEBUG    root            Skipping file [.pytest_cache/v]
2021-10-24 23:51:38,977 DEBUG    root            Skipping file [.pytest_cache/v/cache]
2021-10-24 23:51:38,982 DEBUG    root            Skipping file [tests/__pycache__/__init__.cpython-38.pyc]
2021-10-24 23:51:38,983 DEBUG    root            Skipping file [tests/__pycache__/test_ableef.cpython-38-pytest-5.4.3.pyc]
2021-10-24 23:51:38,984 DEBUG    root            Skipping file [tests/__pycache__/conftest.cpython-38-pytest-5.4.3.pyc]
2021-10-24 23:51:38,984 DEBUG    root            Skipping file [.git]
2021-10-24 23:51:38,985 DEBUG    root            Skipping file [.git/objects]
2021-10-24 23:51:38,986 DEBUG    root            Skipping file [.git/objects/61]
2021-10-24 23:51:38,986 DEBUG    root            Skipping file [.git/objects/50]
2021-10-24 23:51:38,987 DEBUG    root            Skipping file [.git/objects/03]
2021-10-24 23:51:38,987 DEBUG    root            Skipping file [.git/objects/69]
2021-10-24 23:51:38,988 DEBUG    root            Skipping file [.git/objects/3c]
2021-10-24 23:51:38,989 DEBUG    root            Skipping file [.git/objects/56]
2021-10-24 23:51:38,989 DEBUG    root            Skipping file [.git/objects/3d]
2021-10-24 23:51:38,990 DEBUG    root            Skipping file [.git/objects/9d]
2021-10-24 23:51:38,990 DEBUG    root            Skipping file [.git/objects/bb]
2021-10-24 23:51:38,991 DEBUG    root            Skipping file [.git/objects/df]
2021-10-24 23:51:38,992 DEBUG    root            Skipping file [.git/objects/a2]
2021-10-24 23:51:38,992 DEBUG    root            Skipping file [.git/objects/bd]
2021-10-24 23:51:38,993 DEBUG    root            Skipping file [.git/objects/d6]
2021-10-24 23:51:38,993 DEBUG    root            Skipping file [.git/objects/bc]
2021-10-24 23:51:38,994 DEBUG    root            Skipping file [.git/objects/ae]
2021-10-24 23:51:38,995 DEBUG    root            Skipping file [.git/objects/d8]
2021-10-24 23:51:38,995 DEBUG    root            Skipping file [.git/objects/e2]
2021-10-24 23:51:38,996 DEBUG    root            Skipping file [.git/objects/ee]
2021-10-24 23:51:38,996 DEBUG    root            Skipping file [.git/objects/f2]
2021-10-24 23:51:38,997 DEBUG    root            Skipping file [.git/objects/e3]
2021-10-24 23:51:38,998 DEBUG    root            Skipping file [.git/objects/ca]
2021-10-24 23:51:38,998 DEBUG    root            Skipping file [.git/objects/e4]
2021-10-24 23:51:38,999 DEBUG    root            Skipping file [.git/objects/pack]
2021-10-24 23:51:38,999 DEBUG    root            Skipping file [.git/objects/16]
2021-10-24 23:51:39,000 DEBUG    root            Skipping file [.git/objects/89]
2021-10-24 23:51:39,000 DEBUG    root            Skipping file [.git/objects/87]
2021-10-24 23:51:39,001 DEBUG    root            Skipping file [.git/objects/8f]
2021-10-24 23:51:39,001 DEBUG    root            Skipping file [.git/objects/19]
2021-10-24 23:51:39,002 DEBUG    root            Skipping file [.git/objects/4c]
2021-10-24 23:51:39,003 DEBUG    root            Skipping file [.git/objects/21]
2021-10-24 23:51:39,004 DEBUG    root            Skipping file [.git/objects/86]
2021-10-24 23:51:39,005 DEBUG    root            Skipping file [.git/objects/44]
2021-10-24 23:51:39,005 DEBUG    root            Skipping file [.git/objects/2f]
2021-10-24 23:51:39,006 DEBUG    root            Skipping file [.git/objects/43]
2021-10-24 23:51:39,007 DEBUG    root            Skipping file [.git/objects/38]
2021-10-24 23:51:39,008 DEBUG    root            Skipping file [.git/objects/info]
2021-10-24 23:51:39,008 DEBUG    root            Skipping file [.git/objects/62]
2021-10-24 23:51:39,009 DEBUG    root            Skipping file [.git/objects/5e]
2021-10-24 23:51:39,009 DEBUG    root            Skipping file [.git/objects/39]
2021-10-24 23:51:39,010 DEBUG    root            Skipping file [.git/objects/63]
2021-10-24 23:51:39,011 DEBUG    root            Skipping file [.git/objects/b8]
2021-10-24 23:51:39,011 DEBUG    root            Skipping file [.git/objects/dd]
2021-10-24 23:51:39,012 DEBUG    root            Skipping file [.git/objects/b7]
2021-10-24 23:51:39,012 DEBUG    root            Skipping file [.git/objects/db]
2021-10-24 23:51:39,013 DEBUG    root            Skipping file [.git/objects/a1]
2021-10-24 23:51:39,014 DEBUG    root            Skipping file [.git/objects/e1]
2021-10-24 23:51:39,014 DEBUG    root            Skipping file [.git/objects/e6]
2021-10-24 23:51:39,015 DEBUG    root            Skipping file [.git/objects/e8]
2021-10-24 23:51:39,016 DEBUG    root            Skipping file [.git/objects/c5]
2021-10-24 23:51:39,016 DEBUG    root            Skipping file [.git/objects/e9]
2021-10-24 23:51:39,017 DEBUG    root            Skipping file [.git/objects/e7]
2021-10-24 23:51:39,017 DEBUG    root            Skipping file [.git/objects/cb]
2021-10-24 23:51:39,018 DEBUG    root            Skipping file [.git/objects/46]
2021-10-24 23:51:39,019 DEBUG    root            Skipping file [.git/objects/2c]
2021-10-24 23:51:39,019 DEBUG    root            Skipping file [.git/objects/2d]
2021-10-24 23:51:39,020 DEBUG    root            Skipping file [.git/objects/84]
2021-10-24 23:51:39,020 DEBUG    root            Skipping file [.git/objects/85]
2021-10-24 23:51:39,021 DEBUG    root            Skipping file [.git/objects/2e]
2021-10-24 23:51:39,021 DEBUG    root            Skipping file [.git/objects/13]
2021-10-24 23:51:39,022 DEBUG    root            Skipping file [.git/objects/8e]
2021-10-24 23:51:39,023 DEBUG    root            Skipping file [.git/info]
2021-10-24 23:51:39,024 DEBUG    root            Skipping file [.git/logs]
2021-10-24 23:51:39,024 DEBUG    root            Skipping file [.git/logs/refs]
2021-10-24 23:51:39,025 DEBUG    root            Skipping file [.git/logs/refs/heads]
2021-10-24 23:51:39,025 DEBUG    root            Skipping file [.git/logs/refs/remotes]
2021-10-24 23:51:39,026 DEBUG    root            Skipping file [.git/logs/refs/remotes/origin]
2021-10-24 23:51:39,026 DEBUG    root            Skipping file [.git/hooks]
2021-10-24 23:51:39,027 DEBUG    root            Skipping file [.git/refs]
2021-10-24 23:51:39,028 DEBUG    root            Skipping file [.git/refs/heads]
2021-10-24 23:51:39,028 DEBUG    root            Skipping file [.git/refs/tags]
2021-10-24 23:51:39,029 DEBUG    root            Skipping file [.git/refs/remotes]
2021-10-24 23:51:39,029 DEBUG    root            Skipping file [.git/refs/remotes/origin]
2021-10-24 23:51:39,030 DEBUG    root            Skipping file [.vscode/settings.json]
2021-10-24 23:51:39,031 DEBUG    root            Skipping file [.vscode/configurationCache.log]
2021-10-24 23:51:39,031 DEBUG    root            Skipping file [.vscode/dryrun.log]
2021-10-24 23:51:39,032 DEBUG    root            Skipping file [.vscode/targets.log]
2021-10-24 23:51:39,043 DEBUG    urllib3.connectionpool Starting new HTTPS connection (1): cloudfunctions.googleapis.com:443
2021-10-24 23:51:41,329 DEBUG    urllib3.connectionpool https://cloudfunctions.googleapis.com:443 "POST /v1/projects/bleeeeeefing/locations/asia-northeast1/functions:generateUploadUrl?alt=json HTTP/1.1" 200 None
2021-10-24 23:51:41,338 DEBUG    urllib3.connectionpool Starting new HTTPS connection (1): storage.googleapis.com:443
2021-10-24 23:51:41,535 DEBUG    urllib3.connectionpool https://storage.googleapis.com:443 "PUT /gcf-upload-asia-northeast1-59ec7191-8a04-4bd0-a503-aa7afcef316f/621bd4e5-8b61-4918-af98-d733c2f90cc9.zip?GoogleAccessId=service-511598790723%40gcf-admin-robot.iam.gserviceaccount.com&Expires=1635088900&Signature=D4kMDjJZFI4nUjuNzh27alPwyqS3kAAnRwsfOTrFzoHNdglcbQk3QbxgOzTJzErTqUZ5K%2FI8WsyMTkmo%2FOj7rVbzrfxhAljnbYoX8UABg90jyA6kfsy0SI3gVHYxUi9aQtLzFU6glNjpBognOMwDygzBls%2FnsdEOjeWzm2QJ34EAkhZt76D8RlzzfBpuynlZBQxaCM%2By7LeAAFr1uvEK92oezSBL03p1WriqTjj2ZVXYXlMpQyCcjqNXoYkZPlc%2BsyHk9AylQQ%2BGNXawilT4FYFlTfF1ckjH3o0WX1T33LZFk%2FzSJutNrqdYTtlBrY2FETOly7LuNED7M0d%2FEn%2BbCA%3D%3D HTTP/1.1" 200 0
2021-10-24 23:51:41,567 DEBUG    urllib3.connectionpool Starting new HTTPS connection (1): cloudfunctions.googleapis.com:443
2021-10-24 23:51:42,697 DEBUG    urllib3.connectionpool https://cloudfunctions.googleapis.com:443 "PATCH /v1/projects/bleeeeeefing/locations/asia-northeast1/functions/trigger?alt=json&updateMask=eventTrigger%2ChttpsTrigger%2Cruntime%2CsourceUploadUrl HTTP/1.1" 200 None
2021-10-24 23:51:42,712 INFO     ___FILE_ONLY___ Deploying function (may take a while - up to 2 minutes)...
2021-10-24 23:51:42,718 DEBUG    urllib3.connectionpool Starting new HTTPS connection (1): cloudfunctions.googleapis.com:443
2021-10-24 23:51:43,115 DEBUG    urllib3.connectionpool https://cloudfunctions.googleapis.com:443 "GET /v1/operations/YmxlZWVlZWVmaW5nL2FzaWEtbm9ydGhlYXN0MS90cmlnZ2VyLy1iMC1qZWRwREln?alt=json HTTP/1.1" 200 None
2021-10-24 23:51:43,128 INFO     ___FILE_ONLY___ 
For Cloud Build Logs, visit: https://console.cloud.google.com/cloud-build/builds;region=asia-northeast1/e9c3075f-9386-466d-bb74-866f9f6fc044?project=511598790723

2021-10-24 23:51:45,146 DEBUG    urllib3.connectionpool https://cloudfunctions.googleapis.com:443 "GET /v1/operations/YmxlZWVlZWVmaW5nL2FzaWEtbm9ydGhlYXN0MS90cmlnZ2VyLy1iMC1qZWRwREln?alt=json HTTP/1.1" 200 None
2021-10-24 23:51:47,054 DEBUG    urllib3.connectionpool https://cloudfunctions.googleapis.com:443 "GET /v1/operations/YmxlZWVlZWVmaW5nL2FzaWEtbm9ydGhlYXN0MS90cmlnZ2VyLy1iMC1qZWRwREln?alt=json HTTP/1.1" 200 None
2021-10-24 23:51:48,933 DEBUG    urllib3.connectionpool https://cloudfunctions.googleapis.com:443 "GET /v1/operations/YmxlZWVlZWVmaW5nL2FzaWEtbm9ydGhlYXN0MS90cmlnZ2VyLy1iMC1qZWRwREln?alt=json HTTP/1.1" 200 None
2021-10-24 23:51:51,253 DEBUG    urllib3.connectionpool https://cloudfunctions.googleapis.com:443 "GET /v1/operations/YmxlZWVlZWVmaW5nL2FzaWEtbm9ydGhlYXN0MS90cmlnZ2VyLy1iMC1qZWRwREln?alt=json HTTP/1.1" 200 None
2021-10-24 23:51:52,679 DEBUG    urllib3.connectionpool https://cloudfunctions.googleapis.com:443 "GET /v1/operations/YmxlZWVlZWVmaW5nL2FzaWEtbm9ydGhlYXN0MS90cmlnZ2VyLy1iMC1qZWRwREln?alt=json HTTP/1.1" 200 None
2021-10-24 23:51:54,456 DEBUG    urllib3.connectionpool https://cloudfunctions.googleapis.com:443 "GET /v1/operations/YmxlZWVlZWVmaW5nL2FzaWEtbm9ydGhlYXN0MS90cmlnZ2VyLy1iMC1qZWRwREln?alt=json HTTP/1.1" 200 None
2021-10-24 23:51:55,994 DEBUG    urllib3.connectionpool https://cloudfunctions.googleapis.com:443 "GET /v1/operations/YmxlZWVlZWVmaW5nL2FzaWEtbm9ydGhlYXN0MS90cmlnZ2VyLy1iMC1qZWRwREln?alt=json HTTP/1.1" 200 None
2021-10-24 23:51:58,081 DEBUG    urllib3.connectionpool https://cloudfunctions.googleapis.com:443 "GET /v1/operations/YmxlZWVlZWVmaW5nL2FzaWEtbm9ydGhlYXN0MS90cmlnZ2VyLy1iMC1qZWRwREln?alt=json HTTP/1.1" 200 None
2021-10-24 23:52:00,088 DEBUG    urllib3.connectionpool https://cloudfunctions.googleapis.com:443 "GET /v1/operations/YmxlZWVlZWVmaW5nL2FzaWEtbm9ydGhlYXN0MS90cmlnZ2VyLy1iMC1qZWRwREln?alt=json HTTP/1.1" 200 None
2021-10-24 23:52:02,443 DEBUG    urllib3.connectionpool https://cloudfunctions.googleapis.com:443 "GET /v1/operations/YmxlZWVlZWVmaW5nL2FzaWEtbm9ydGhlYXN0MS90cmlnZ2VyLy1iMC1qZWRwREln?alt=json HTTP/1.1" 200 None
2021-10-24 23:52:04,160 DEBUG    urllib3.connectionpool https://cloudfunctions.googleapis.com:443 "GET /v1/operations/YmxlZWVlZWVmaW5nL2FzaWEtbm9ydGhlYXN0MS90cmlnZ2VyLy1iMC1qZWRwREln?alt=json HTTP/1.1" 200 None
2021-10-24 23:52:05,822 DEBUG    urllib3.connectionpool https://cloudfunctions.googleapis.com:443 "GET /v1/operations/YmxlZWVlZWVmaW5nL2FzaWEtbm9ydGhlYXN0MS90cmlnZ2VyLy1iMC1qZWRwREln?alt=json HTTP/1.1" 200 None
2021-10-24 23:52:07,860 DEBUG    urllib3.connectionpool https://cloudfunctions.googleapis.com:443 "GET /v1/operations/YmxlZWVlZWVmaW5nL2FzaWEtbm9ydGhlYXN0MS90cmlnZ2VyLy1iMC1qZWRwREln?alt=json HTTP/1.1" 200 None
2021-10-24 23:52:08,107 DEBUG    root            (gcloud.functions.deploy) Aborted by user.
Traceback (most recent call last):
  File "/Users/katsuya2019/Downloads/google-cloud-sdk/lib/googlecloudsdk/calliope/cli.py", line 987, in Execute
    resources = calliope_command.Run(cli=self, args=args)
  File "/Users/katsuya2019/Downloads/google-cloud-sdk/lib/googlecloudsdk/calliope/backend.py", line 809, in Run
    resources = command_instance.Run(args)
  File "/Users/katsuya2019/Downloads/google-cloud-sdk/lib/surface/functions/deploy.py", line 83, in Run
    return command_v1.Run(args, track=self.ReleaseTrack())
  File "/Users/katsuya2019/Downloads/google-cloud-sdk/lib/googlecloudsdk/command_lib/functions/v1/deploy/command.py", line 518, in Run
    api_util.WaitForFunctionUpdateOperation(
  File "/Users/katsuya2019/Downloads/google-cloud-sdk/lib/googlecloudsdk/api_lib/functions/v1/util.py", line 388, in CatchHTTPErrorRaiseHTTPExceptionFn
    return func(*args, **kwargs)
  File "/Users/katsuya2019/Downloads/google-cloud-sdk/lib/googlecloudsdk/api_lib/functions/v1/util.py", line 438, in WaitForFunctionUpdateOperation
    operations.Wait(op, client.MESSAGES_MODULE, client, _DEPLOY_WAIT_NOTICE,
  File "/Users/katsuya2019/Downloads/google-cloud-sdk/lib/googlecloudsdk/api_lib/functions/v1/operations.py", line 150, in Wait
    _WaitForOperation(client, request, notice, try_set_invoker,
  File "/Users/katsuya2019/Downloads/google-cloud-sdk/lib/googlecloudsdk/api_lib/functions/v1/operations.py", line 113, in _WaitForOperation
    retryer.RetryOnResult(_GetOperationStatus,
  File "/Users/katsuya2019/Downloads/google-cloud-sdk/lib/googlecloudsdk/core/util/retry.py", line 257, in RetryOnResult
    _SleepMs(time_to_wait_ms)
  File "/Users/katsuya2019/Downloads/google-cloud-sdk/lib/googlecloudsdk/core/util/retry.py", line 322, in _SleepMs
    time.sleep(time_to_wait_ms / 1000.0)
  File "/Users/katsuya2019/Downloads/google-cloud-sdk/lib/googlecloudsdk/core/console/progress_tracker.py", line 150, in _CtrlCHandler
    raise console_io.OperationCancelledError(self._aborted_message)
googlecloudsdk.core.console.console_io.OperationCancelledError: Aborted by user.
2021-10-24 23:52:08,129 ERROR    root            (gcloud.functions.deploy) Aborted by user.
2021-10-24 23:52:08,157 DEBUG    root            Metrics reporting process started...
