2021-10-24 23:56:19,311 DEBUG    root            Loaded Command Group: ['gcloud', 'functions']
2021-10-24 23:56:19,372 DEBUG    root            Loaded Command Group: ['gcloud', 'functions', 'deploy']
2021-10-24 23:56:19,390 DEBUG    root            Running [gcloud.functions.deploy] with arguments: [--region: "asia-northeast1", --runtime: "python38", --set-env-vars: "OrderedDict([('NOTION_TOKEN', 'secret_28w49SoC8TQ3LhNd44zid6r3IWU370xsc1PiLjleL9u'), ('NOTION_DATABASE_ID', '2680490157104632a4686559ab391b1f'), ('NOTION_VERSION', '2021-08-16'), ('SLACK_TOKEN', 'xoxp-1694932446931-1679953264663-1757489772930-fecdf96b19ce8fbbd014461984cdf3d6'), ('SLACK_CHANNEL', 'U01KZU17SKH')])", --trigger-topic: "daily-bleeeeeefing-topic", NAME: "trigger"]
2021-10-24 23:56:19,410 DEBUG    urllib3.connectionpool Starting new HTTPS connection (1): cloudfunctions.googleapis.com:443
2021-10-24 23:56:19,882 DEBUG    urllib3.connectionpool https://cloudfunctions.googleapis.com:443 "GET /v1/projects/bleeeeeefing/locations/asia-northeast1/functions/trigger?alt=json HTTP/1.1" 200 None
2021-10-24 23:56:19,892 INFO     root            Not using ignore file.
2021-10-24 23:56:19,893 INFO     root            Not using ignore file.
2021-10-24 23:56:19,910 DEBUG    urllib3.connectionpool Starting new HTTPS connection (1): cloudfunctions.googleapis.com:443
2021-10-24 23:56:22,214 DEBUG    urllib3.connectionpool https://cloudfunctions.googleapis.com:443 "POST /v1/projects/bleeeeeefing/locations/asia-northeast1/functions:generateUploadUrl?alt=json HTTP/1.1" 200 None
2021-10-24 23:56:22,221 DEBUG    urllib3.connectionpool Starting new HTTPS connection (1): storage.googleapis.com:443
2021-10-24 23:56:22,406 DEBUG    urllib3.connectionpool https://storage.googleapis.com:443 "PUT /gcf-upload-asia-northeast1-59ec7191-8a04-4bd0-a503-aa7afcef316f/8efbc339-1534-4c9f-bbed-e2c3fe9f1814.zip?GoogleAccessId=service-511598790723%40gcf-admin-robot.iam.gserviceaccount.com&Expires=1635089181&Signature=zIekO3PzZxJNOJSmmZiWIZm6DuwvkqCSK3Yhe55H1uRsZA8h%2B4x%2Bq75stEfC4zRxxtUjkBjByc%2FdjPFWemc5YtPKe0jNzgg1TKLBQHi9P%2FM4b1Kyo2%2BKhfBpFfrrMGIlEVdyudc6HN4F4LDdtKBLn%2Fv%2BZYOlw%2BlVqLJup174DQSCGPsbq27eJq%2FovqUp8VqQWSa45xk8erwwAoFmL2iAzQD6bGzv8IFZHnLkAF7aGf50BlHVM9Ll4%2FGXgXlWdxiFS%2Bi0eW4FYDm3s%2Bd1IG5JIv1VfRF83TPgoJGBTlSasfbanUB%2F30hI7dM8siDBBbwlxj4cRoXiJbdM7A%2F1HJrYqA%3D%3D HTTP/1.1" 200 0
2021-10-24 23:56:22,434 DEBUG    urllib3.connectionpool Starting new HTTPS connection (1): cloudfunctions.googleapis.com:443
2021-10-24 23:56:23,605 DEBUG    urllib3.connectionpool https://cloudfunctions.googleapis.com:443 "PATCH /v1/projects/bleeeeeefing/locations/asia-northeast1/functions/trigger?alt=json&updateMask=eventTrigger%2ChttpsTrigger%2Cruntime%2CsourceUploadUrl HTTP/1.1" 200 None
2021-10-24 23:56:23,624 INFO     ___FILE_ONLY___ Deploying function (may take a while - up to 2 minutes)...
2021-10-24 23:56:23,635 DEBUG    urllib3.connectionpool Starting new HTTPS connection (1): cloudfunctions.googleapis.com:443
2021-10-24 23:56:24,045 DEBUG    urllib3.connectionpool https://cloudfunctions.googleapis.com:443 "GET /v1/operations/YmxlZWVlZWVmaW5nL2FzaWEtbm9ydGhlYXN0MS90cmlnZ2VyL2JJSzlYVC11ekNF?alt=json HTTP/1.1" 200 None
2021-10-24 23:56:24,054 INFO     ___FILE_ONLY___ 
For Cloud Build Logs, visit: https://console.cloud.google.com/cloud-build/builds;region=asia-northeast1/e9c3075f-9386-466d-bb74-866f9f6fc044?project=511598790723

2021-10-24 23:56:26,026 DEBUG    urllib3.connectionpool https://cloudfunctions.googleapis.com:443 "GET /v1/operations/YmxlZWVlZWVmaW5nL2FzaWEtbm9ydGhlYXN0MS90cmlnZ2VyL2JJSzlYVC11ekNF?alt=json HTTP/1.1" 200 None
2021-10-24 23:56:27,656 DEBUG    urllib3.connectionpool https://cloudfunctions.googleapis.com:443 "GET /v1/operations/YmxlZWVlZWVmaW5nL2FzaWEtbm9ydGhlYXN0MS90cmlnZ2VyL2JJSzlYVC11ekNF?alt=json HTTP/1.1" 200 None
2021-10-24 23:56:29,608 DEBUG    urllib3.connectionpool https://cloudfunctions.googleapis.com:443 "GET /v1/operations/YmxlZWVlZWVmaW5nL2FzaWEtbm9ydGhlYXN0MS90cmlnZ2VyL2JJSzlYVC11ekNF?alt=json HTTP/1.1" 200 None
2021-10-24 23:56:31,478 DEBUG    urllib3.connectionpool https://cloudfunctions.googleapis.com:443 "GET /v1/operations/YmxlZWVlZWVmaW5nL2FzaWEtbm9ydGhlYXN0MS90cmlnZ2VyL2JJSzlYVC11ekNF?alt=json HTTP/1.1" 200 None
2021-10-24 23:56:33,091 DEBUG    urllib3.connectionpool https://cloudfunctions.googleapis.com:443 "GET /v1/operations/YmxlZWVlZWVmaW5nL2FzaWEtbm9ydGhlYXN0MS90cmlnZ2VyL2JJSzlYVC11ekNF?alt=json HTTP/1.1" 200 None
2021-10-24 23:56:35,036 DEBUG    urllib3.connectionpool https://cloudfunctions.googleapis.com:443 "GET /v1/operations/YmxlZWVlZWVmaW5nL2FzaWEtbm9ydGhlYXN0MS90cmlnZ2VyL2JJSzlYVC11ekNF?alt=json HTTP/1.1" 200 None
2021-10-24 23:56:36,879 DEBUG    urllib3.connectionpool https://cloudfunctions.googleapis.com:443 "GET /v1/operations/YmxlZWVlZWVmaW5nL2FzaWEtbm9ydGhlYXN0MS90cmlnZ2VyL2JJSzlYVC11ekNF?alt=json HTTP/1.1" 200 None
2021-10-24 23:56:38,786 DEBUG    urllib3.connectionpool https://cloudfunctions.googleapis.com:443 "GET /v1/operations/YmxlZWVlZWVmaW5nL2FzaWEtbm9ydGhlYXN0MS90cmlnZ2VyL2JJSzlYVC11ekNF?alt=json HTTP/1.1" 200 None
2021-10-24 23:56:40,463 DEBUG    urllib3.connectionpool https://cloudfunctions.googleapis.com:443 "GET /v1/operations/YmxlZWVlZWVmaW5nL2FzaWEtbm9ydGhlYXN0MS90cmlnZ2VyL2JJSzlYVC11ekNF?alt=json HTTP/1.1" 200 None
2021-10-24 23:56:42,250 DEBUG    urllib3.connectionpool https://cloudfunctions.googleapis.com:443 "GET /v1/operations/YmxlZWVlZWVmaW5nL2FzaWEtbm9ydGhlYXN0MS90cmlnZ2VyL2JJSzlYVC11ekNF?alt=json HTTP/1.1" 200 None
2021-10-24 23:56:44,047 DEBUG    urllib3.connectionpool https://cloudfunctions.googleapis.com:443 "GET /v1/operations/YmxlZWVlZWVmaW5nL2FzaWEtbm9ydGhlYXN0MS90cmlnZ2VyL2JJSzlYVC11ekNF?alt=json HTTP/1.1" 200 None
2021-10-24 23:56:45,532 DEBUG    urllib3.connectionpool https://cloudfunctions.googleapis.com:443 "GET /v1/operations/YmxlZWVlZWVmaW5nL2FzaWEtbm9ydGhlYXN0MS90cmlnZ2VyL2JJSzlYVC11ekNF?alt=json HTTP/1.1" 200 None
2021-10-24 23:56:47,632 DEBUG    urllib3.connectionpool https://cloudfunctions.googleapis.com:443 "GET /v1/operations/YmxlZWVlZWVmaW5nL2FzaWEtbm9ydGhlYXN0MS90cmlnZ2VyL2JJSzlYVC11ekNF?alt=json HTTP/1.1" 200 None
2021-10-24 23:56:49,372 DEBUG    urllib3.connectionpool https://cloudfunctions.googleapis.com:443 "GET /v1/operations/YmxlZWVlZWVmaW5nL2FzaWEtbm9ydGhlYXN0MS90cmlnZ2VyL2JJSzlYVC11ekNF?alt=json HTTP/1.1" 200 None
2021-10-24 23:56:50,805 DEBUG    urllib3.connectionpool https://cloudfunctions.googleapis.com:443 "GET /v1/operations/YmxlZWVlZWVmaW5nL2FzaWEtbm9ydGhlYXN0MS90cmlnZ2VyL2JJSzlYVC11ekNF?alt=json HTTP/1.1" 200 None
2021-10-24 23:56:52,730 DEBUG    urllib3.connectionpool https://cloudfunctions.googleapis.com:443 "GET /v1/operations/YmxlZWVlZWVmaW5nL2FzaWEtbm9ydGhlYXN0MS90cmlnZ2VyL2JJSzlYVC11ekNF?alt=json HTTP/1.1" 200 None
2021-10-24 23:56:54,512 DEBUG    urllib3.connectionpool https://cloudfunctions.googleapis.com:443 "GET /v1/operations/YmxlZWVlZWVmaW5nL2FzaWEtbm9ydGhlYXN0MS90cmlnZ2VyL2JJSzlYVC11ekNF?alt=json HTTP/1.1" 200 None
2021-10-24 23:56:56,335 DEBUG    urllib3.connectionpool https://cloudfunctions.googleapis.com:443 "GET /v1/operations/YmxlZWVlZWVmaW5nL2FzaWEtbm9ydGhlYXN0MS90cmlnZ2VyL2JJSzlYVC11ekNF?alt=json HTTP/1.1" 200 None
2021-10-24 23:56:58,281 DEBUG    urllib3.connectionpool https://cloudfunctions.googleapis.com:443 "GET /v1/operations/YmxlZWVlZWVmaW5nL2FzaWEtbm9ydGhlYXN0MS90cmlnZ2VyL2JJSzlYVC11ekNF?alt=json HTTP/1.1" 200 None
2021-10-24 23:56:59,715 DEBUG    urllib3.connectionpool https://cloudfunctions.googleapis.com:443 "GET /v1/operations/YmxlZWVlZWVmaW5nL2FzaWEtbm9ydGhlYXN0MS90cmlnZ2VyL2JJSzlYVC11ekNF?alt=json HTTP/1.1" 200 None
2021-10-24 23:57:01,558 DEBUG    urllib3.connectionpool https://cloudfunctions.googleapis.com:443 "GET /v1/operations/YmxlZWVlZWVmaW5nL2FzaWEtbm9ydGhlYXN0MS90cmlnZ2VyL2JJSzlYVC11ekNF?alt=json HTTP/1.1" 200 None
2021-10-24 23:57:03,709 DEBUG    urllib3.connectionpool https://cloudfunctions.googleapis.com:443 "GET /v1/operations/YmxlZWVlZWVmaW5nL2FzaWEtbm9ydGhlYXN0MS90cmlnZ2VyL2JJSzlYVC11ekNF?alt=json HTTP/1.1" 200 None
2021-10-24 23:57:05,449 DEBUG    urllib3.connectionpool https://cloudfunctions.googleapis.com:443 "GET /v1/operations/YmxlZWVlZWVmaW5nL2FzaWEtbm9ydGhlYXN0MS90cmlnZ2VyL2JJSzlYVC11ekNF?alt=json HTTP/1.1" 200 None
2021-10-24 23:57:07,079 DEBUG    urllib3.connectionpool https://cloudfunctions.googleapis.com:443 "GET /v1/operations/YmxlZWVlZWVmaW5nL2FzaWEtbm9ydGhlYXN0MS90cmlnZ2VyL2JJSzlYVC11ekNF?alt=json HTTP/1.1" 200 None
2021-10-24 23:57:08,828 DEBUG    urllib3.connectionpool https://cloudfunctions.googleapis.com:443 "GET /v1/operations/YmxlZWVlZWVmaW5nL2FzaWEtbm9ydGhlYXN0MS90cmlnZ2VyL2JJSzlYVC11ekNF?alt=json HTTP/1.1" 200 None
2021-10-24 23:57:11,286 DEBUG    urllib3.connectionpool https://cloudfunctions.googleapis.com:443 "GET /v1/operations/YmxlZWVlZWVmaW5nL2FzaWEtbm9ydGhlYXN0MS90cmlnZ2VyL2JJSzlYVC11ekNF?alt=json HTTP/1.1" 200 None
2021-10-24 23:57:13,231 DEBUG    urllib3.connectionpool https://cloudfunctions.googleapis.com:443 "GET /v1/operations/YmxlZWVlZWVmaW5nL2FzaWEtbm9ydGhlYXN0MS90cmlnZ2VyL2JJSzlYVC11ekNF?alt=json HTTP/1.1" 200 None
2021-10-24 23:57:15,484 DEBUG    urllib3.connectionpool https://cloudfunctions.googleapis.com:443 "GET /v1/operations/YmxlZWVlZWVmaW5nL2FzaWEtbm9ydGhlYXN0MS90cmlnZ2VyL2JJSzlYVC11ekNF?alt=json HTTP/1.1" 200 None
2021-10-24 23:57:17,020 DEBUG    urllib3.connectionpool https://cloudfunctions.googleapis.com:443 "GET /v1/operations/YmxlZWVlZWVmaW5nL2FzaWEtbm9ydGhlYXN0MS90cmlnZ2VyL2JJSzlYVC11ekNF?alt=json HTTP/1.1" 200 None
2021-10-24 23:57:18,762 DEBUG    urllib3.connectionpool https://cloudfunctions.googleapis.com:443 "GET /v1/operations/YmxlZWVlZWVmaW5nL2FzaWEtbm9ydGhlYXN0MS90cmlnZ2VyL2JJSzlYVC11ekNF?alt=json HTTP/1.1" 200 None
2021-10-24 23:57:20,502 DEBUG    urllib3.connectionpool https://cloudfunctions.googleapis.com:443 "GET /v1/operations/YmxlZWVlZWVmaW5nL2FzaWEtbm9ydGhlYXN0MS90cmlnZ2VyL2JJSzlYVC11ekNF?alt=json HTTP/1.1" 200 None
2021-10-24 23:57:22,653 DEBUG    urllib3.connectionpool https://cloudfunctions.googleapis.com:443 "GET /v1/operations/YmxlZWVlZWVmaW5nL2FzaWEtbm9ydGhlYXN0MS90cmlnZ2VyL2JJSzlYVC11ekNF?alt=json HTTP/1.1" 200 None
2021-10-24 23:57:24,305 DEBUG    urllib3.connectionpool https://cloudfunctions.googleapis.com:443 "GET /v1/operations/YmxlZWVlZWVmaW5nL2FzaWEtbm9ydGhlYXN0MS90cmlnZ2VyL2JJSzlYVC11ekNF?alt=json HTTP/1.1" 200 None
2021-10-24 23:57:26,504 DEBUG    urllib3.connectionpool https://cloudfunctions.googleapis.com:443 "GET /v1/operations/YmxlZWVlZWVmaW5nL2FzaWEtbm9ydGhlYXN0MS90cmlnZ2VyL2JJSzlYVC11ekNF?alt=json HTTP/1.1" 200 None
2021-10-24 23:57:28,796 DEBUG    urllib3.connectionpool https://cloudfunctions.googleapis.com:443 "GET /v1/operations/YmxlZWVlZWVmaW5nL2FzaWEtbm9ydGhlYXN0MS90cmlnZ2VyL2JJSzlYVC11ekNF?alt=json HTTP/1.1" 200 None
2021-10-24 23:57:30,730 DEBUG    urllib3.connectionpool https://cloudfunctions.googleapis.com:443 "GET /v1/operations/YmxlZWVlZWVmaW5nL2FzaWEtbm9ydGhlYXN0MS90cmlnZ2VyL2JJSzlYVC11ekNF?alt=json HTTP/1.1" 200 None
2021-10-24 23:57:33,002 DEBUG    urllib3.connectionpool https://cloudfunctions.googleapis.com:443 "GET /v1/operations/YmxlZWVlZWVmaW5nL2FzaWEtbm9ydGhlYXN0MS90cmlnZ2VyL2JJSzlYVC11ekNF?alt=json HTTP/1.1" 200 None
2021-10-24 23:57:35,350 DEBUG    urllib3.connectionpool https://cloudfunctions.googleapis.com:443 "GET /v1/operations/YmxlZWVlZWVmaW5nL2FzaWEtbm9ydGhlYXN0MS90cmlnZ2VyL2JJSzlYVC11ekNF?alt=json HTTP/1.1" 200 None
2021-10-24 23:57:36,989 DEBUG    urllib3.connectionpool https://cloudfunctions.googleapis.com:443 "GET /v1/operations/YmxlZWVlZWVmaW5nL2FzaWEtbm9ydGhlYXN0MS90cmlnZ2VyL2JJSzlYVC11ekNF?alt=json HTTP/1.1" 200 None
2021-10-24 23:57:38,542 DEBUG    urllib3.connectionpool https://cloudfunctions.googleapis.com:443 "GET /v1/operations/YmxlZWVlZWVmaW5nL2FzaWEtbm9ydGhlYXN0MS90cmlnZ2VyL2JJSzlYVC11ekNF?alt=json HTTP/1.1" 200 None
2021-10-24 23:57:39,954 DEBUG    urllib3.connectionpool https://cloudfunctions.googleapis.com:443 "GET /v1/operations/YmxlZWVlZWVmaW5nL2FzaWEtbm9ydGhlYXN0MS90cmlnZ2VyL2JJSzlYVC11ekNF?alt=json HTTP/1.1" 200 None
2021-10-24 23:57:41,703 DEBUG    urllib3.connectionpool https://cloudfunctions.googleapis.com:443 "GET /v1/operations/YmxlZWVlZWVmaW5nL2FzaWEtbm9ydGhlYXN0MS90cmlnZ2VyL2JJSzlYVC11ekNF?alt=json HTTP/1.1" 200 None
2021-10-24 23:57:43,242 DEBUG    urllib3.connectionpool https://cloudfunctions.googleapis.com:443 "GET /v1/operations/YmxlZWVlZWVmaW5nL2FzaWEtbm9ydGhlYXN0MS90cmlnZ2VyL2JJSzlYVC11ekNF?alt=json HTTP/1.1" 200 None
2021-10-24 23:57:45,492 DEBUG    urllib3.connectionpool https://cloudfunctions.googleapis.com:443 "GET /v1/operations/YmxlZWVlZWVmaW5nL2FzaWEtbm9ydGhlYXN0MS90cmlnZ2VyL2JJSzlYVC11ekNF?alt=json HTTP/1.1" 200 None
2021-10-24 23:57:47,277 DEBUG    urllib3.connectionpool https://cloudfunctions.googleapis.com:443 "GET /v1/operations/YmxlZWVlZWVmaW5nL2FzaWEtbm9ydGhlYXN0MS90cmlnZ2VyL2JJSzlYVC11ekNF?alt=json HTTP/1.1" 200 None
2021-10-24 23:57:48,764 DEBUG    urllib3.connectionpool https://cloudfunctions.googleapis.com:443 "GET /v1/operations/YmxlZWVlZWVmaW5nL2FzaWEtbm9ydGhlYXN0MS90cmlnZ2VyL2JJSzlYVC11ekNF?alt=json HTTP/1.1" 200 None
2021-10-24 23:57:50,608 DEBUG    urllib3.connectionpool https://cloudfunctions.googleapis.com:443 "GET /v1/operations/YmxlZWVlZWVmaW5nL2FzaWEtbm9ydGhlYXN0MS90cmlnZ2VyL2JJSzlYVC11ekNF?alt=json HTTP/1.1" 200 None
2021-10-24 23:57:52,523 DEBUG    urllib3.connectionpool https://cloudfunctions.googleapis.com:443 "GET /v1/operations/YmxlZWVlZWVmaW5nL2FzaWEtbm9ydGhlYXN0MS90cmlnZ2VyL2JJSzlYVC11ekNF?alt=json HTTP/1.1" 200 None
2021-10-24 23:57:54,807 DEBUG    urllib3.connectionpool https://cloudfunctions.googleapis.com:443 "GET /v1/operations/YmxlZWVlZWVmaW5nL2FzaWEtbm9ydGhlYXN0MS90cmlnZ2VyL2JJSzlYVC11ekNF?alt=json HTTP/1.1" 200 None
2021-10-24 23:57:56,143 DEBUG    urllib3.connectionpool https://cloudfunctions.googleapis.com:443 "GET /v1/operations/YmxlZWVlZWVmaW5nL2FzaWEtbm9ydGhlYXN0MS90cmlnZ2VyL2JJSzlYVC11ekNF?alt=json HTTP/1.1" 200 None
2021-10-24 23:57:57,982 DEBUG    urllib3.connectionpool https://cloudfunctions.googleapis.com:443 "GET /v1/operations/YmxlZWVlZWVmaW5nL2FzaWEtbm9ydGhlYXN0MS90cmlnZ2VyL2JJSzlYVC11ekNF?alt=json HTTP/1.1" 200 None
2021-10-24 23:57:59,519 DEBUG    urllib3.connectionpool https://cloudfunctions.googleapis.com:443 "GET /v1/operations/YmxlZWVlZWVmaW5nL2FzaWEtbm9ydGhlYXN0MS90cmlnZ2VyL2JJSzlYVC11ekNF?alt=json HTTP/1.1" 200 None
2021-10-24 23:58:01,132 DEBUG    urllib3.connectionpool https://cloudfunctions.googleapis.com:443 "GET /v1/operations/YmxlZWVlZWVmaW5nL2FzaWEtbm9ydGhlYXN0MS90cmlnZ2VyL2JJSzlYVC11ekNF?alt=json HTTP/1.1" 200 None
2021-10-24 23:58:02,753 DEBUG    urllib3.connectionpool https://cloudfunctions.googleapis.com:443 "GET /v1/operations/YmxlZWVlZWVmaW5nL2FzaWEtbm9ydGhlYXN0MS90cmlnZ2VyL2JJSzlYVC11ekNF?alt=json HTTP/1.1" 200 None
2021-10-24 23:58:04,279 DEBUG    urllib3.connectionpool https://cloudfunctions.googleapis.com:443 "GET /v1/operations/YmxlZWVlZWVmaW5nL2FzaWEtbm9ydGhlYXN0MS90cmlnZ2VyL2JJSzlYVC11ekNF?alt=json HTTP/1.1" 200 None
2021-10-24 23:58:05,867 DEBUG    urllib3.connectionpool https://cloudfunctions.googleapis.com:443 "GET /v1/operations/YmxlZWVlZWVmaW5nL2FzaWEtbm9ydGhlYXN0MS90cmlnZ2VyL2JJSzlYVC11ekNF?alt=json HTTP/1.1" 200 None
2021-10-24 23:58:07,318 DEBUG    urllib3.connectionpool https://cloudfunctions.googleapis.com:443 "GET /v1/operations/YmxlZWVlZWVmaW5nL2FzaWEtbm9ydGhlYXN0MS90cmlnZ2VyL2JJSzlYVC11ekNF?alt=json HTTP/1.1" 200 None
2021-10-24 23:58:09,245 DEBUG    urllib3.connectionpool https://cloudfunctions.googleapis.com:443 "GET /v1/operations/YmxlZWVlZWVmaW5nL2FzaWEtbm9ydGhlYXN0MS90cmlnZ2VyL2JJSzlYVC11ekNF?alt=json HTTP/1.1" 200 None
2021-10-24 23:58:11,532 DEBUG    urllib3.connectionpool https://cloudfunctions.googleapis.com:443 "GET /v1/operations/YmxlZWVlZWVmaW5nL2FzaWEtbm9ydGhlYXN0MS90cmlnZ2VyL2JJSzlYVC11ekNF?alt=json HTTP/1.1" 200 None
2021-10-24 23:58:13,641 DEBUG    urllib3.connectionpool https://cloudfunctions.googleapis.com:443 "GET /v1/operations/YmxlZWVlZWVmaW5nL2FzaWEtbm9ydGhlYXN0MS90cmlnZ2VyL2JJSzlYVC11ekNF?alt=json HTTP/1.1" 200 None
2021-10-24 23:58:15,273 DEBUG    urllib3.connectionpool https://cloudfunctions.googleapis.com:443 "GET /v1/operations/YmxlZWVlZWVmaW5nL2FzaWEtbm9ydGhlYXN0MS90cmlnZ2VyL2JJSzlYVC11ekNF?alt=json HTTP/1.1" 200 None
2021-10-24 23:58:17,637 DEBUG    urllib3.connectionpool https://cloudfunctions.googleapis.com:443 "GET /v1/operations/YmxlZWVlZWVmaW5nL2FzaWEtbm9ydGhlYXN0MS90cmlnZ2VyL2JJSzlYVC11ekNF?alt=json HTTP/1.1" 200 None
2021-10-24 23:58:19,985 DEBUG    urllib3.connectionpool https://cloudfunctions.googleapis.com:443 "GET /v1/operations/YmxlZWVlZWVmaW5nL2FzaWEtbm9ydGhlYXN0MS90cmlnZ2VyL2JJSzlYVC11ekNF?alt=json HTTP/1.1" 200 None
2021-10-24 23:58:22,226 DEBUG    urllib3.connectionpool https://cloudfunctions.googleapis.com:443 "GET /v1/operations/YmxlZWVlZWVmaW5nL2FzaWEtbm9ydGhlYXN0MS90cmlnZ2VyL2JJSzlYVC11ekNF?alt=json HTTP/1.1" 200 None
2021-10-24 23:58:23,549 DEBUG    urllib3.connectionpool https://cloudfunctions.googleapis.com:443 "GET /v1/operations/YmxlZWVlZWVmaW5nL2FzaWEtbm9ydGhlYXN0MS90cmlnZ2VyL2JJSzlYVC11ekNF?alt=json HTTP/1.1" 200 None
2021-10-24 23:58:25,690 DEBUG    urllib3.connectionpool https://cloudfunctions.googleapis.com:443 "GET /v1/operations/YmxlZWVlZWVmaW5nL2FzaWEtbm9ydGhlYXN0MS90cmlnZ2VyL2JJSzlYVC11ekNF?alt=json HTTP/1.1" 200 None
2021-10-24 23:58:28,124 DEBUG    urllib3.connectionpool https://cloudfunctions.googleapis.com:443 "GET /v1/operations/YmxlZWVlZWVmaW5nL2FzaWEtbm9ydGhlYXN0MS90cmlnZ2VyL2JJSzlYVC11ekNF?alt=json HTTP/1.1" 200 None
2021-10-24 23:58:29,647 DEBUG    urllib3.connectionpool https://cloudfunctions.googleapis.com:443 "GET /v1/operations/YmxlZWVlZWVmaW5nL2FzaWEtbm9ydGhlYXN0MS90cmlnZ2VyL2JJSzlYVC11ekNF?alt=json HTTP/1.1" 200 None
2021-10-24 23:58:31,670 DEBUG    urllib3.connectionpool https://cloudfunctions.googleapis.com:443 "GET /v1/operations/YmxlZWVlZWVmaW5nL2FzaWEtbm9ydGhlYXN0MS90cmlnZ2VyL2JJSzlYVC11ekNF?alt=json HTTP/1.1" 200 None
2021-10-24 23:58:33,107 DEBUG    urllib3.connectionpool https://cloudfunctions.googleapis.com:443 "GET /v1/operations/YmxlZWVlZWVmaW5nL2FzaWEtbm9ydGhlYXN0MS90cmlnZ2VyL2JJSzlYVC11ekNF?alt=json HTTP/1.1" 200 None
2021-10-24 23:58:34,671 DEBUG    urllib3.connectionpool https://cloudfunctions.googleapis.com:443 "GET /v1/operations/YmxlZWVlZWVmaW5nL2FzaWEtbm9ydGhlYXN0MS90cmlnZ2VyL2JJSzlYVC11ekNF?alt=json HTTP/1.1" 200 None
2021-10-24 23:58:36,762 DEBUG    urllib3.connectionpool https://cloudfunctions.googleapis.com:443 "GET /v1/operations/YmxlZWVlZWVmaW5nL2FzaWEtbm9ydGhlYXN0MS90cmlnZ2VyL2JJSzlYVC11ekNF?alt=json HTTP/1.1" 200 None
2021-10-24 23:58:39,237 DEBUG    urllib3.connectionpool https://cloudfunctions.googleapis.com:443 "GET /v1/operations/YmxlZWVlZWVmaW5nL2FzaWEtbm9ydGhlYXN0MS90cmlnZ2VyL2JJSzlYVC11ekNF?alt=json HTTP/1.1" 200 None
2021-10-24 23:58:41,350 DEBUG    urllib3.connectionpool https://cloudfunctions.googleapis.com:443 "GET /v1/operations/YmxlZWVlZWVmaW5nL2FzaWEtbm9ydGhlYXN0MS90cmlnZ2VyL2JJSzlYVC11ekNF?alt=json HTTP/1.1" 200 None
2021-10-24 23:58:43,064 DEBUG    urllib3.connectionpool https://cloudfunctions.googleapis.com:443 "GET /v1/operations/YmxlZWVlZWVmaW5nL2FzaWEtbm9ydGhlYXN0MS90cmlnZ2VyL2JJSzlYVC11ekNF?alt=json HTTP/1.1" 200 None
2021-10-24 23:58:45,360 DEBUG    urllib3.connectionpool https://cloudfunctions.googleapis.com:443 "GET /v1/operations/YmxlZWVlZWVmaW5nL2FzaWEtbm9ydGhlYXN0MS90cmlnZ2VyL2JJSzlYVC11ekNF?alt=json HTTP/1.1" 200 None
2021-10-24 23:58:47,534 DEBUG    urllib3.connectionpool https://cloudfunctions.googleapis.com:443 "GET /v1/operations/YmxlZWVlZWVmaW5nL2FzaWEtbm9ydGhlYXN0MS90cmlnZ2VyL2JJSzlYVC11ekNF?alt=json HTTP/1.1" 200 None
2021-10-24 23:58:49,096 DEBUG    urllib3.connectionpool https://cloudfunctions.googleapis.com:443 "GET /v1/operations/YmxlZWVlZWVmaW5nL2FzaWEtbm9ydGhlYXN0MS90cmlnZ2VyL2JJSzlYVC11ekNF?alt=json HTTP/1.1" 200 None
2021-10-24 23:58:50,536 DEBUG    urllib3.connectionpool https://cloudfunctions.googleapis.com:443 "GET /v1/operations/YmxlZWVlZWVmaW5nL2FzaWEtbm9ydGhlYXN0MS90cmlnZ2VyL2JJSzlYVC11ekNF?alt=json HTTP/1.1" 200 None
2021-10-24 23:58:52,495 DEBUG    urllib3.connectionpool https://cloudfunctions.googleapis.com:443 "GET /v1/operations/YmxlZWVlZWVmaW5nL2FzaWEtbm9ydGhlYXN0MS90cmlnZ2VyL2JJSzlYVC11ekNF?alt=json HTTP/1.1" 200 None
2021-10-24 23:58:54,605 DEBUG    urllib3.connectionpool https://cloudfunctions.googleapis.com:443 "GET /v1/operations/YmxlZWVlZWVmaW5nL2FzaWEtbm9ydGhlYXN0MS90cmlnZ2VyL2JJSzlYVC11ekNF?alt=json HTTP/1.1" 200 None
2021-10-24 23:58:56,141 DEBUG    urllib3.connectionpool https://cloudfunctions.googleapis.com:443 "GET /v1/operations/YmxlZWVlZWVmaW5nL2FzaWEtbm9ydGhlYXN0MS90cmlnZ2VyL2JJSzlYVC11ekNF?alt=json HTTP/1.1" 200 None
2021-10-24 23:58:57,740 DEBUG    urllib3.connectionpool https://cloudfunctions.googleapis.com:443 "GET /v1/operations/YmxlZWVlZWVmaW5nL2FzaWEtbm9ydGhlYXN0MS90cmlnZ2VyL2JJSzlYVC11ekNF?alt=json HTTP/1.1" 200 None
2021-10-24 23:58:59,830 DEBUG    urllib3.connectionpool https://cloudfunctions.googleapis.com:443 "GET /v1/operations/YmxlZWVlZWVmaW5nL2FzaWEtbm9ydGhlYXN0MS90cmlnZ2VyL2JJSzlYVC11ekNF?alt=json HTTP/1.1" 200 None
2021-10-24 23:59:01,271 DEBUG    urllib3.connectionpool https://cloudfunctions.googleapis.com:443 "GET /v1/operations/YmxlZWVlZWVmaW5nL2FzaWEtbm9ydGhlYXN0MS90cmlnZ2VyL2JJSzlYVC11ekNF?alt=json HTTP/1.1" 200 None
2021-10-24 23:59:03,173 DEBUG    urllib3.connectionpool https://cloudfunctions.googleapis.com:443 "GET /v1/operations/YmxlZWVlZWVmaW5nL2FzaWEtbm9ydGhlYXN0MS90cmlnZ2VyL2JJSzlYVC11ekNF?alt=json HTTP/1.1" 200 None
2021-10-24 23:59:04,600 DEBUG    urllib3.connectionpool https://cloudfunctions.googleapis.com:443 "GET /v1/operations/YmxlZWVlZWVmaW5nL2FzaWEtbm9ydGhlYXN0MS90cmlnZ2VyL2JJSzlYVC11ekNF?alt=json HTTP/1.1" 200 None
2021-10-24 23:59:06,328 DEBUG    urllib3.connectionpool https://cloudfunctions.googleapis.com:443 "GET /v1/operations/YmxlZWVlZWVmaW5nL2FzaWEtbm9ydGhlYXN0MS90cmlnZ2VyL2JJSzlYVC11ekNF?alt=json HTTP/1.1" 200 None
2021-10-24 23:59:08,519 DEBUG    urllib3.connectionpool https://cloudfunctions.googleapis.com:443 "GET /v1/operations/YmxlZWVlZWVmaW5nL2FzaWEtbm9ydGhlYXN0MS90cmlnZ2VyL2JJSzlYVC11ekNF?alt=json HTTP/1.1" 200 None
2021-10-24 23:59:10,496 DEBUG    urllib3.connectionpool https://cloudfunctions.googleapis.com:443 "GET /v1/operations/YmxlZWVlZWVmaW5nL2FzaWEtbm9ydGhlYXN0MS90cmlnZ2VyL2JJSzlYVC11ekNF?alt=json HTTP/1.1" 200 None
2021-10-24 23:59:12,180 DEBUG    urllib3.connectionpool https://cloudfunctions.googleapis.com:443 "GET /v1/operations/YmxlZWVlZWVmaW5nL2FzaWEtbm9ydGhlYXN0MS90cmlnZ2VyL2JJSzlYVC11ekNF?alt=json HTTP/1.1" 200 None
2021-10-24 23:59:13,935 DEBUG    urllib3.connectionpool https://cloudfunctions.googleapis.com:443 "GET /v1/operations/YmxlZWVlZWVmaW5nL2FzaWEtbm9ydGhlYXN0MS90cmlnZ2VyL2JJSzlYVC11ekNF?alt=json HTTP/1.1" 200 None
2021-10-24 23:59:15,312 DEBUG    urllib3.connectionpool https://cloudfunctions.googleapis.com:443 "GET /v1/operations/YmxlZWVlZWVmaW5nL2FzaWEtbm9ydGhlYXN0MS90cmlnZ2VyL2JJSzlYVC11ekNF?alt=json HTTP/1.1" 200 None
2021-10-24 23:59:17,408 DEBUG    urllib3.connectionpool https://cloudfunctions.googleapis.com:443 "GET /v1/operations/YmxlZWVlZWVmaW5nL2FzaWEtbm9ydGhlYXN0MS90cmlnZ2VyL2JJSzlYVC11ekNF?alt=json HTTP/1.1" 200 None
2021-10-24 23:59:17,438 DEBUG    urllib3.connectionpool Starting new HTTPS connection (1): cloudfunctions.googleapis.com:443
2021-10-24 23:59:18,185 DEBUG    urllib3.connectionpool https://cloudfunctions.googleapis.com:443 "GET /v1/projects/bleeeeeefing/locations/asia-northeast1/functions/trigger?alt=json HTTP/1.1" 200 None
2021-10-24 23:59:18,190 INFO     root            Display format: "default"
2021-10-24 23:59:18,198 INFO     ___FILE_ONLY___ availableMemoryMb
2021-10-24 23:59:18,199 INFO     ___FILE_ONLY___ :
2021-10-24 23:59:18,199 INFO     ___FILE_ONLY___  
2021-10-24 23:59:18,199 INFO     ___FILE_ONLY___ 256
2021-10-24 23:59:18,199 INFO     ___FILE_ONLY___ 

2021-10-24 23:59:18,199 INFO     ___FILE_ONLY___ buildId
2021-10-24 23:59:18,201 INFO     ___FILE_ONLY___ :
2021-10-24 23:59:18,201 INFO     ___FILE_ONLY___  
2021-10-24 23:59:18,201 INFO     ___FILE_ONLY___ 5790d89d-220e-42af-9642-a9daf21472b0
2021-10-24 23:59:18,201 INFO     ___FILE_ONLY___ 

2021-10-24 23:59:18,201 INFO     ___FILE_ONLY___ buildName
2021-10-24 23:59:18,202 INFO     ___FILE_ONLY___ :
2021-10-24 23:59:18,202 INFO     ___FILE_ONLY___  
2021-10-24 23:59:18,202 INFO     ___FILE_ONLY___ projects/511598790723/locations/asia-northeast1/builds/5790d89d-220e-42af-9642-a9daf21472b0
2021-10-24 23:59:18,203 INFO     ___FILE_ONLY___ 

2021-10-24 23:59:18,203 INFO     ___FILE_ONLY___ entryPoint
2021-10-24 23:59:18,203 INFO     ___FILE_ONLY___ :
2021-10-24 23:59:18,204 INFO     ___FILE_ONLY___  
2021-10-24 23:59:18,204 INFO     ___FILE_ONLY___ trigger
2021-10-24 23:59:18,204 INFO     ___FILE_ONLY___ 

2021-10-24 23:59:18,204 INFO     ___FILE_ONLY___ environmentVariables
2021-10-24 23:59:18,204 INFO     ___FILE_ONLY___ :
2021-10-24 23:59:18,205 INFO     ___FILE_ONLY___ 

2021-10-24 23:59:18,205 INFO     ___FILE_ONLY___   
2021-10-24 23:59:18,206 INFO     ___FILE_ONLY___ NOTION_DATABASE_ID
2021-10-24 23:59:18,206 INFO     ___FILE_ONLY___ :
2021-10-24 23:59:18,206 INFO     ___FILE_ONLY___  
2021-10-24 23:59:18,206 INFO     ___FILE_ONLY___ 2680490157104632a4686559ab391b1f
2021-10-24 23:59:18,207 INFO     ___FILE_ONLY___ 

2021-10-24 23:59:18,207 INFO     ___FILE_ONLY___   
2021-10-24 23:59:18,207 INFO     ___FILE_ONLY___ NOTION_TOKEN
2021-10-24 23:59:18,207 INFO     ___FILE_ONLY___ :
2021-10-24 23:59:18,207 INFO     ___FILE_ONLY___  
2021-10-24 23:59:18,207 INFO     ___FILE_ONLY___ secret_28w49SoC8TQ3LhNd44zid6r3IWU370xsc1PiLjleL9u
2021-10-24 23:59:18,208 INFO     ___FILE_ONLY___ 

2021-10-24 23:59:18,208 INFO     ___FILE_ONLY___   
2021-10-24 23:59:18,208 INFO     ___FILE_ONLY___ NOTION_VERSION
2021-10-24 23:59:18,208 INFO     ___FILE_ONLY___ :
2021-10-24 23:59:18,208 INFO     ___FILE_ONLY___  '
2021-10-24 23:59:18,208 INFO     ___FILE_ONLY___ 2021-08-16
2021-10-24 23:59:18,208 INFO     ___FILE_ONLY___ '
2021-10-24 23:59:18,209 INFO     ___FILE_ONLY___ 

2021-10-24 23:59:18,209 INFO     ___FILE_ONLY___   
2021-10-24 23:59:18,209 INFO     ___FILE_ONLY___ SLACK_CHANNEL
2021-10-24 23:59:18,210 INFO     ___FILE_ONLY___ :
2021-10-24 23:59:18,210 INFO     ___FILE_ONLY___  
2021-10-24 23:59:18,210 INFO     ___FILE_ONLY___ U01KZU17SKH
2021-10-24 23:59:18,211 INFO     ___FILE_ONLY___ 

2021-10-24 23:59:18,211 INFO     ___FILE_ONLY___   
2021-10-24 23:59:18,212 INFO     ___FILE_ONLY___ SLACK_TOKEN
2021-10-24 23:59:18,212 INFO     ___FILE_ONLY___ :
2021-10-24 23:59:18,213 INFO     ___FILE_ONLY___  
2021-10-24 23:59:18,213 INFO     ___FILE_ONLY___ xoxp-1694932446931-1679953264663-1757489772930-fecdf96b19ce8fbbd014461984cdf3d6
2021-10-24 23:59:18,213 INFO     ___FILE_ONLY___ 

2021-10-24 23:59:18,214 INFO     ___FILE_ONLY___ eventTrigger
2021-10-24 23:59:18,214 INFO     ___FILE_ONLY___ :
2021-10-24 23:59:18,216 INFO     ___FILE_ONLY___ 

2021-10-24 23:59:18,216 INFO     ___FILE_ONLY___   
2021-10-24 23:59:18,218 INFO     ___FILE_ONLY___ eventType
2021-10-24 23:59:18,218 INFO     ___FILE_ONLY___ :
2021-10-24 23:59:18,218 INFO     ___FILE_ONLY___  
2021-10-24 23:59:18,218 INFO     ___FILE_ONLY___ google.pubsub.topic.publish
2021-10-24 23:59:18,218 INFO     ___FILE_ONLY___ 

2021-10-24 23:59:18,218 INFO     ___FILE_ONLY___   
2021-10-24 23:59:18,219 INFO     ___FILE_ONLY___ failurePolicy
2021-10-24 23:59:18,219 INFO     ___FILE_ONLY___ :
2021-10-24 23:59:18,219 INFO     ___FILE_ONLY___  {
2021-10-24 23:59:18,219 INFO     ___FILE_ONLY___ }
2021-10-24 23:59:18,219 INFO     ___FILE_ONLY___ 

2021-10-24 23:59:18,220 INFO     ___FILE_ONLY___   
2021-10-24 23:59:18,220 INFO     ___FILE_ONLY___ resource
2021-10-24 23:59:18,221 INFO     ___FILE_ONLY___ :
2021-10-24 23:59:18,221 INFO     ___FILE_ONLY___  
2021-10-24 23:59:18,222 INFO     ___FILE_ONLY___ projects/bleeeeeefing/topics/daily-bleeeeeefing-topic
2021-10-24 23:59:18,222 INFO     ___FILE_ONLY___ 

2021-10-24 23:59:18,223 INFO     ___FILE_ONLY___   
2021-10-24 23:59:18,223 INFO     ___FILE_ONLY___ service
2021-10-24 23:59:18,223 INFO     ___FILE_ONLY___ :
2021-10-24 23:59:18,223 INFO     ___FILE_ONLY___  
2021-10-24 23:59:18,224 INFO     ___FILE_ONLY___ pubsub.googleapis.com
2021-10-24 23:59:18,224 INFO     ___FILE_ONLY___ 

2021-10-24 23:59:18,225 INFO     ___FILE_ONLY___ ingressSettings
2021-10-24 23:59:18,226 INFO     ___FILE_ONLY___ :
2021-10-24 23:59:18,227 INFO     ___FILE_ONLY___  
2021-10-24 23:59:18,227 INFO     ___FILE_ONLY___ ALLOW_ALL
2021-10-24 23:59:18,227 INFO     ___FILE_ONLY___ 

2021-10-24 23:59:18,228 INFO     ___FILE_ONLY___ labels
2021-10-24 23:59:18,228 INFO     ___FILE_ONLY___ :
2021-10-24 23:59:18,228 INFO     ___FILE_ONLY___ 

2021-10-24 23:59:18,229 INFO     ___FILE_ONLY___   
2021-10-24 23:59:18,229 INFO     ___FILE_ONLY___ deployment-tool
2021-10-24 23:59:18,230 INFO     ___FILE_ONLY___ :
2021-10-24 23:59:18,230 INFO     ___FILE_ONLY___  
2021-10-24 23:59:18,230 INFO     ___FILE_ONLY___ cli-gcloud
2021-10-24 23:59:18,230 INFO     ___FILE_ONLY___ 

2021-10-24 23:59:18,231 INFO     ___FILE_ONLY___ name
2021-10-24 23:59:18,231 INFO     ___FILE_ONLY___ :
2021-10-24 23:59:18,232 INFO     ___FILE_ONLY___  
2021-10-24 23:59:18,232 INFO     ___FILE_ONLY___ projects/bleeeeeefing/locations/asia-northeast1/functions/trigger
2021-10-24 23:59:18,232 INFO     ___FILE_ONLY___ 

2021-10-24 23:59:18,233 INFO     ___FILE_ONLY___ runtime
2021-10-24 23:59:18,233 INFO     ___FILE_ONLY___ :
2021-10-24 23:59:18,233 INFO     ___FILE_ONLY___  
2021-10-24 23:59:18,234 INFO     ___FILE_ONLY___ python38
2021-10-24 23:59:18,234 INFO     ___FILE_ONLY___ 

2021-10-24 23:59:18,234 INFO     ___FILE_ONLY___ serviceAccountEmail
2021-10-24 23:59:18,234 INFO     ___FILE_ONLY___ :
2021-10-24 23:59:18,235 INFO     ___FILE_ONLY___  
2021-10-24 23:59:18,235 INFO     ___FILE_ONLY___ bleeeeeefing@appspot.gserviceaccount.com
2021-10-24 23:59:18,235 INFO     ___FILE_ONLY___ 

2021-10-24 23:59:18,236 INFO     ___FILE_ONLY___ sourceUploadUrl
2021-10-24 23:59:18,236 INFO     ___FILE_ONLY___ :
2021-10-24 23:59:18,237 INFO     ___FILE_ONLY___  
2021-10-24 23:59:18,237 INFO     ___FILE_ONLY___ https://storage.googleapis.com/gcf-upload-asia-northeast1-59ec7191-8a04-4bd0-a503-aa7afcef316f/8efbc339-1534-4c9f-bbed-e2c3fe9f1814.zip
2021-10-24 23:59:18,238 INFO     ___FILE_ONLY___ 

2021-10-24 23:59:18,238 INFO     ___FILE_ONLY___ status
2021-10-24 23:59:18,238 INFO     ___FILE_ONLY___ :
2021-10-24 23:59:18,238 INFO     ___FILE_ONLY___  
2021-10-24 23:59:18,240 INFO     ___FILE_ONLY___ ACTIVE
2021-10-24 23:59:18,242 INFO     ___FILE_ONLY___ 

2021-10-24 23:59:18,243 INFO     ___FILE_ONLY___ timeout
2021-10-24 23:59:18,244 INFO     ___FILE_ONLY___ :
2021-10-24 23:59:18,245 INFO     ___FILE_ONLY___  
2021-10-24 23:59:18,245 INFO     ___FILE_ONLY___ 60s
2021-10-24 23:59:18,245 INFO     ___FILE_ONLY___ 

2021-10-24 23:59:18,246 INFO     ___FILE_ONLY___ updateTime
2021-10-24 23:59:18,246 INFO     ___FILE_ONLY___ :
2021-10-24 23:59:18,246 INFO     ___FILE_ONLY___  '
2021-10-24 23:59:18,246 INFO     ___FILE_ONLY___ 2021-10-24T14:59:15.905Z
2021-10-24 23:59:18,247 INFO     ___FILE_ONLY___ '
2021-10-24 23:59:18,247 INFO     ___FILE_ONLY___ 

2021-10-24 23:59:18,247 INFO     ___FILE_ONLY___ versionId
2021-10-24 23:59:18,247 INFO     ___FILE_ONLY___ :
2021-10-24 23:59:18,247 INFO     ___FILE_ONLY___  '
2021-10-24 23:59:18,247 INFO     ___FILE_ONLY___ 5
2021-10-24 23:59:18,248 INFO     ___FILE_ONLY___ '
2021-10-24 23:59:18,248 INFO     ___FILE_ONLY___ 

2021-10-24 23:59:18,284 DEBUG    root            Metrics reporting process started...
